Log file open, 09/25/20 14:13:50
LogInit: Display: Running engine for game: Oculus_Unreal
LogPlatformFile: Not using cached read wrapper
LogTaskGraph: Started task graph with 5 named threads and 35 total threads with 3 sets of task threads.
LogStats: Stats thread started at 0.186915
LogD3D11RHI: Loaded GFSDK_Aftermath_Lib.x64.dll
LogICUInternationalization: ICU TimeZone Detection - Raw Offset: -8:00, Platform Override: ''
LogPluginManager: Mounting plugin Paper2D
LogPluginManager: Mounting plugin AISupport
LogPluginManager: Mounting plugin LightPropagationVolume
LogPluginManager: Mounting plugin CameraShakePreviewer
LogPluginManager: Mounting plugin ActorLayerUtilities
LogPluginManager: Mounting plugin AnimationSharing
LogPluginManager: Mounting plugin CLionSourceCodeAccess
LogPluginManager: Mounting plugin CodeLiteSourceCodeAccess
LogPluginManager: Mounting plugin GitSourceControl
LogPluginManager: Mounting plugin KDevelopSourceCodeAccess
LogPluginManager: Mounting plugin NullSourceCodeAccess
LogPluginManager: Mounting plugin PerforceSourceControl
LogPluginManager: Mounting plugin PlasticSourceControl
LogPluginManager: Mounting plugin RiderSourceCodeAccess
LogPluginManager: Mounting plugin SubversionSourceControl
LogPluginManager: Mounting plugin UObjectPlugin
LogPluginManager: Mounting plugin VisualStudioCodeSourceCodeAccess
LogPluginManager: Mounting plugin VisualStudioSourceCodeAccess
LogPluginManager: Mounting plugin XCodeSourceCodeAccess
LogPluginManager: Mounting plugin AssetManagerEditor
LogPluginManager: Mounting plugin CryptoKeys
LogPluginManager: Mounting plugin CurveEditorTools
LogPluginManager: Mounting plugin DataValidation
LogPluginManager: Mounting plugin EditorScriptingUtilities
LogPluginManager: Mounting plugin FacialAnimation
LogPluginManager: Mounting plugin GameplayTagsEditor
LogPluginManager: Mounting plugin GeometryMode
LogPluginManager: Mounting plugin MacGraphicsSwitching
LogPluginManager: Mounting plugin MaterialAnalyzer
LogPluginManager: Mounting plugin MobileLauncherProfileWizard
LogPluginManager: Mounting plugin PluginBrowser
LogPluginManager: Mounting plugin SpeedTreeImporter
LogPluginManager: Mounting plugin DatasmithContent
LogPluginManager: Mounting plugin VariantManagerContent
LogPluginManager: Mounting plugin AlembicImporter
LogPluginManager: Mounting plugin AutomationUtils
LogPluginManager: Mounting plugin BackChannel
LogPluginManager: Mounting plugin ChaosCloth
LogPluginManager: Mounting plugin ChaosClothEditor
LogPluginManager: Mounting plugin ChaosEditor
LogPluginManager: Mounting plugin ChaosNiagara
LogPluginManager: Mounting plugin ChaosSolverPlugin
LogPluginManager: Mounting plugin CharacterAI
LogPluginManager: Mounting plugin GeometryCache
LogPluginManager: Mounting plugin GeometryCollectionPlugin
LogPluginManager: Mounting plugin GeometryProcessing
LogPluginManager: Mounting plugin PlanarCut
LogPluginManager: Mounting plugin PlatformCrypto
LogPluginManager: Mounting plugin ProxyLODPlugin
LogPluginManager: Mounting plugin SkeletalReduction
LogPluginManager: Mounting plugin Niagara
LogPluginManager: Mounting plugin MagicLeap
LogPluginManager: Mounting plugin MagicLeapLightEstimation
LogPluginManager: Mounting plugin MagicLeapMedia
LogPluginManager: Mounting plugin MagicLeapPassableWorld
LogPluginManager: Mounting plugin MLSDK
LogPluginManager: Mounting plugin AndroidMedia
LogPluginManager: Mounting plugin AvfMedia
LogPluginManager: Mounting plugin ImgMedia
LogPluginManager: Mounting plugin MediaCompositing
LogPluginManager: Mounting plugin MediaPlayerEditor
LogPluginManager: Mounting plugin WebMMedia
LogPluginManager: Mounting plugin WmfMedia
LogPluginManager: Mounting plugin MeshPainting
LogPluginManager: Mounting plugin TcpMessaging
LogPluginManager: Mounting plugin UdpMessaging
LogPluginManager: Mounting plugin ActorSequence
LogPluginManager: Mounting plugin LevelSequenceEditor
LogPluginManager: Mounting plugin MatineeToLevelSequence
LogPluginManager: Mounting plugin MovieRenderPipeline
LogPluginManager: Mounting plugin TemplateSequence
LogPluginManager: Mounting plugin NetcodeUnitTest
LogPluginManager: Mounting plugin NUTUnrealEngine4
LogPluginManager: Mounting plugin OnlineSubsystem
LogPluginManager: Mounting plugin OnlineSubsystemOculus
LogPluginManager: Mounting plugin OnlineSubsystemUtils
LogPluginManager: Mounting plugin LauncherChunkInstaller
LogPluginManager: Mounting plugin AndroidDeviceProfileSelector
LogPluginManager: Mounting plugin AndroidMoviePlayer
LogPluginManager: Mounting plugin AndroidPermission
LogPluginManager: Mounting plugin AppleImageUtils
LogPluginManager: Mounting plugin AppleMoviePlayer
LogPluginManager: Mounting plugin ArchVisCharacter
LogPluginManager: Mounting plugin AssetTags
LogPluginManager: Mounting plugin AudioCapture
LogPluginManager: Mounting plugin CableComponent
LogPluginManager: Mounting plugin CustomMeshComponent
LogPluginManager: Mounting plugin EditableMesh
LogPluginManager: Mounting plugin ExampleDeviceProfileSelector
LogPluginManager: Mounting plugin GoogleCloudMessaging
LogPluginManager: Mounting plugin GooglePAD
LogPluginManager: Mounting plugin IOSDeviceProfileSelector
LogPluginManager: Mounting plugin LinuxDeviceProfileSelector
LogPluginManager: Mounting plugin LocationServicesBPLibrary
LogPluginManager: Mounting plugin MobilePatchingUtils
LogPluginManager: Mounting plugin OculusVR
LogPluginManager: Mounting plugin PhysXVehicles
LogPluginManager: Mounting plugin PostSplashScreen
LogPluginManager: Mounting plugin ProceduralMeshComponent
LogPluginManager: Mounting plugin RuntimePhysXCooking
LogPluginManager: Mounting plugin SignificanceManager
LogPluginManager: Mounting plugin SoundFields
LogPluginManager: Mounting plugin SteamVR
LogPluginManager: Mounting plugin Synthesis
LogPluginManager: Mounting plugin WebMMoviePlayer
LogPluginManager: Mounting plugin WindowsMoviePlayer
LogPluginManager: Mounting plugin ScreenshotTools
LogInit: Using libcurl 7.55.1-DEV
LogInit:  - built for x86_64-pc-win32
LogInit:  - supports SSL with OpenSSL/1.1.1
LogInit:  - supports HTTP deflate (compression) using libz 1.2.8
LogInit:  - other features:
LogInit:      CURL_VERSION_SSL
LogInit:      CURL_VERSION_LIBZ
LogInit:      CURL_VERSION_IPV6
LogInit:      CURL_VERSION_ASYNCHDNS
LogInit:      CURL_VERSION_LARGEFILE
LogInit:      CURL_VERSION_IDN
LogInit:  CurlRequestOptions (configurable via config and command line):
LogInit:  - bVerifyPeer = true  - Libcurl will verify peer certificate
LogInit:  - bUseHttpProxy = false  - Libcurl will NOT use HTTP proxy
LogInit:  - bDontReuseConnections = false  - Libcurl will reuse connections
LogInit:  - MaxHostConnections = 16  - Libcurl will limit the number of connections to a host
LogInit:  - LocalHostAddr = Default
LogInit:  - BufferSize = 65536
LogOnline: Oculus: Oculus Startup!
LogOnline: OSS: Creating online subsystem instance for: Oculus
LogOnline: Display: Oculus: FOnlineSubsystemOculus::InitWithWindowsPlatform()
LogOnline: OSS: TryLoadSubsystemAndSetDefault: Loaded subsystem for module [Oculus]
LogOculusPluginWrapper: OculusPlugin initialized successfully
LogHMD: FOculusHMDModule PreInit successfully
LogInit: Build: ++UE4+Partner-Oculus-4.25-CL-0
LogInit: Engine Version: 4.25.3-0+++UE4+Partner-Oculus-4.25
LogInit: Compatible Engine Version: 4.25.3-0+++UE4+Partner-Oculus-4.25
LogInit: Net CL: 0
LogInit: OS: Windows 10 (Release 1909) (), CPU: Intel(R) Core(TM) i7-9750H CPU @ 2.60GHz, GPU: Intel(R) UHD Graphics 630
LogInit: Compiled (64-bit): Sep 21 2020 13:07:27
LogInit: Compiled with Visual C++: 19.16.27032.01
LogInit: Build Configuration: Development
LogInit: Branch Name: ++UE4+Partner-Oculus-4.25
LogInit: Command Line: 
LogInit: Base Directory: D:/GitHub/UnrealEngine/Engine/Binaries/Win64/
LogInit: Allocator: TBB
LogInit: Installed Engine Build: 0
LogDevObjectVersion: Number of dev versions registered: 26
LogDevObjectVersion:   Dev-Blueprints (B0D832E4-1F89-4F0D-ACCF-7EB736FD4AA2): 10
LogDevObjectVersion:   Dev-Build (E1C64328-A22C-4D53-A36C-8E866417BD8C): 0
LogDevObjectVersion:   Dev-Core (375EC13C-06E4-48FB-B500-84F0262A717E): 4
LogDevObjectVersion:   Dev-Editor (E4B068ED-F494-42E9-A231-DA0B2E46BB41): 38
LogDevObjectVersion:   Dev-Framework (CFFC743F-43B0-4480-9391-14DF171D2073): 37
LogDevObjectVersion:   Dev-Mobile (B02B49B5-BB20-44E9-A304-32B752E40360): 2
LogDevObjectVersion:   Dev-Networking (A4E4105C-59A1-49B5-A7C5-40C4547EDFEE): 0
LogDevObjectVersion:   Dev-Online (39C831C9-5AE6-47DC-9A44-9C173E1C8E7C): 0
LogDevObjectVersion:   Dev-Physics (78F01B33-EBEA-4F98-B9B4-84EACCB95AA2): 4
LogDevObjectVersion:   Dev-Platform (6631380F-2D4D-43E0-8009-CF276956A95A): 0
LogDevObjectVersion:   Dev-Rendering (12F88B9F-8875-4AFC-A67C-D90C383ABD29): 43
LogDevObjectVersion:   Dev-Sequencer (7B5AE74C-D270-4C10-A958-57980B212A5A): 12
LogDevObjectVersion:   Dev-VR (D7296918-1DD6-4BDD-9DE2-64A83CC13884): 3
LogDevObjectVersion:   Dev-LoadTimes (C2A15278-BFE7-4AFE-6C17-90FF531DF755): 1
LogDevObjectVersion:   Private-Geometry (6EACA3D4-40EC-4CC1-B786-8BED09428FC5): 3
LogDevObjectVersion:   Dev-AnimPhys (29E575DD-E0A3-4627-9D10-D276232CDCEA): 17
LogDevObjectVersion:   Dev-Anim (AF43A65D-7FD3-4947-9873-3E8ED9C1BB05): 7
LogDevObjectVersion:   Dev-ReflectionCapture (6B266CEC-1EC7-4B8F-A30B-E4D90942FC07): 1
LogDevObjectVersion:   Dev-Automation (0DF73D61-A23F-47EA-B727-89E90C41499A): 1
LogDevObjectVersion:   FortniteMain (601D1886-AC64-4F84-AA16-D3DE0DEAC7D6): 31
LogDevObjectVersion:   Dev-Enterprise (9DFFBCD6-494F-0158-E221-12823C92A888): 10
LogDevObjectVersion:   Dev-Niagara (F2AED0AC-9AFE-416F-8664-AA7FFA26D6FC): 1
LogDevObjectVersion:   Dev-Destruction (174F1F0B-B4C6-45A5-B13F-2EE8D0FB917D): 10
LogDevObjectVersion:   Dev-Physics-Ext (35F94A83-E258-406C-A318-09F59610247C): 37
LogDevObjectVersion:   Dev-PhysicsMaterial-Chaos (B68FC16E-8B1B-42E2-B453-215C058844FE): 1
LogDevObjectVersion:   Dev-CineCamera (B2E18506-4273-CFC2-A54E-F4BB758BBA07): 1
LogInit: Presizing for max 25165824 objects, including 0 objects not considered by GC, pre-allocating 0 bytes for permanent pool.
LogConfig: Applying CVar settings from Section [/Script/Engine.StreamingSettings] File [D:/GitHub/Unreal_OculusVR/Oculus_Unreal/Saved/Config/Windows/Engine.ini]
LogConfig: Setting CVar [[s.MinBulkDataSizeForAsyncLoading:131072]]
LogConfig: Setting CVar [[s.AsyncLoadingThreadEnabled:0]]
LogConfig: Setting CVar [[s.EventDrivenLoaderEnabled:1]]
LogConfig: Setting CVar [[s.WarnIfTimeLimitExceeded:0]]
LogConfig: Setting CVar [[s.TimeLimitExceededMultiplier:1.5]]
LogConfig: Setting CVar [[s.TimeLimitExceededMinTime:0.005]]
LogConfig: Setting CVar [[s.UseBackgroundLevelStreaming:1]]
LogConfig: Setting CVar [[s.PriorityAsyncLoadingExtraTime:15.0]]
LogConfig: Setting CVar [[s.LevelStreamingActorsUpdateTimeLimit:5.0]]
LogConfig: Setting CVar [[s.PriorityLevelStreamingActorsUpdateExtraTime:5.0]]
LogConfig: Setting CVar [[s.LevelStreamingComponentsRegistrationGranularity:10]]
LogConfig: Setting CVar [[s.UnregisterComponentsTimeLimit:1.0]]
LogConfig: Setting CVar [[s.LevelStreamingComponentsUnregistrationGranularity:5]]
LogConfig: Setting CVar [[s.FlushStreamingOnExit:1]]
LogInit: Object subsystem initialized
LogConfig: Setting CVar [[con.DebugEarlyDefault:1]]
LogConfig: Setting CVar [[r.setres:1280x720]]
[2020.09.25-21.13.52:670][  0]LogConfig: Setting CVar [[r.VSync:0]]
[2020.09.25-21.13.52:670][  0]LogConfig: Setting CVar [[r.RHICmdBypass:0]]
[2020.09.25-21.13.52:670][  0]LogConfig: Applying CVar settings from Section [/Script/Engine.RendererSettings] File [D:/GitHub/Unreal_OculusVR/Oculus_Unreal/Saved/Config/Windows/Engine.ini]
[2020.09.25-21.13.52:670][  0]LogConfig: Setting CVar [[r.GPUCrashDebugging:0]]
[2020.09.25-21.13.52:670][  0]LogConfig: Setting CVar [[r.DefaultFeature.AmbientOcclusion:0]]
[2020.09.25-21.13.52:670][  0]LogConfig: Setting CVar [[r.DefaultFeature.AmbientOcclusionStaticFraction:0]]
[2020.09.25-21.13.52:670][  0]LogConfig: Setting CVar [[vr.InstancedStereo:1]]
[2020.09.25-21.13.52:670][  0]LogConfig: Setting CVar [[r.SeparateTranslucency:0]]
[2020.09.25-21.13.52:670][  0]LogConfig: Setting CVar [[r.HZBOcclusion:0]]
[2020.09.25-21.13.52:670][  0]LogConfig: Setting CVar [[r.SSR.MaxRoughness:0]]
[2020.09.25-21.13.52:670][  0]LogConfig: Setting CVar [[r.rhicmdbypass:0]]
[2020.09.25-21.13.52:670][  0]LogConfig: Setting CVar [[r.ForwardShading:1]]
[2020.09.25-21.13.52:670][  0]LogConfig: Setting CVar [[r.DefaultFeature.MotionBlur:0]]
[2020.09.25-21.13.52:670][  0]LogConfig: Setting CVar [[r.DefaultFeature.AntiAliasing:3]]
[2020.09.25-21.13.52:670][  0]LogConfig: Setting CVar [[r.MobileHDR:0]]
[2020.09.25-21.13.52:670][  0]LogConfig: Setting CVar [[vr.MobileMultiView:1]]
[2020.09.25-21.13.52:670][  0]LogConfig: Applying CVar settings from Section [/Script/Engine.RendererOverrideSettings] File [D:/GitHub/Unreal_OculusVR/Oculus_Unreal/Saved/Config/Windows/Engine.ini]
[2020.09.25-21.13.52:670][  0]LogConfig: Applying CVar settings from Section [/Script/Engine.StreamingSettings] File [D:/GitHub/Unreal_OculusVR/Oculus_Unreal/Saved/Config/Windows/Engine.ini]
[2020.09.25-21.13.52:670][  0]LogConfig: Setting CVar [[s.MinBulkDataSizeForAsyncLoading:131072]]
[2020.09.25-21.13.52:670][  0]LogConfig: Setting CVar [[s.AsyncLoadingThreadEnabled:0]]
[2020.09.25-21.13.52:670][  0]LogConfig: Setting CVar [[s.EventDrivenLoaderEnabled:1]]
[2020.09.25-21.13.52:670][  0]LogConfig: Setting CVar [[s.WarnIfTimeLimitExceeded:0]]
[2020.09.25-21.13.52:670][  0]LogConfig: Setting CVar [[s.TimeLimitExceededMultiplier:1.5]]
[2020.09.25-21.13.52:670][  0]LogConfig: Setting CVar [[s.TimeLimitExceededMinTime:0.005]]
[2020.09.25-21.13.52:670][  0]LogConfig: Setting CVar [[s.UseBackgroundLevelStreaming:1]]
[2020.09.25-21.13.52:670][  0]LogConfig: Setting CVar [[s.PriorityAsyncLoadingExtraTime:15.0]]
[2020.09.25-21.13.52:670][  0]LogConfig: Setting CVar [[s.LevelStreamingActorsUpdateTimeLimit:5.0]]
[2020.09.25-21.13.52:670][  0]LogConfig: Setting CVar [[s.PriorityLevelStreamingActorsUpdateExtraTime:5.0]]
[2020.09.25-21.13.52:670][  0]LogConfig: Setting CVar [[s.LevelStreamingComponentsRegistrationGranularity:10]]
[2020.09.25-21.13.52:670][  0]LogConfig: Setting CVar [[s.UnregisterComponentsTimeLimit:1.0]]
[2020.09.25-21.13.52:670][  0]LogConfig: Setting CVar [[s.LevelStreamingComponentsUnregistrationGranularity:5]]
[2020.09.25-21.13.52:670][  0]LogConfig: Setting CVar [[s.FlushStreamingOnExit:1]]
[2020.09.25-21.13.52:670][  0]LogConfig: Applying CVar settings from Section [/Script/Engine.GarbageCollectionSettings] File [D:/GitHub/Unreal_OculusVR/Oculus_Unreal/Saved/Config/Windows/Engine.ini]
[2020.09.25-21.13.52:670][  0]LogConfig: Setting CVar [[gc.MaxObjectsNotConsideredByGC:1]]
[2020.09.25-21.13.52:670][  0]LogConfig: Setting CVar [[gc.SizeOfPermanentObjectPool:0]]
[2020.09.25-21.13.52:670][  0]LogConfig: Setting CVar [[gc.FlushStreamingOnGC:0]]
[2020.09.25-21.13.52:670][  0]LogConfig: Setting CVar [[gc.NumRetriesBeforeForcingGC:10]]
[2020.09.25-21.13.52:670][  0]LogConfig: Setting CVar [[gc.AllowParallelGC:1]]
[2020.09.25-21.13.52:670][  0]LogConfig: Setting CVar [[gc.TimeBetweenPurgingPendingKillObjects:61.1]]
[2020.09.25-21.13.52:670][  0]LogConfig: Setting CVar [[gc.MaxObjectsInEditor:25165824]]
[2020.09.25-21.13.52:670][  0]LogConfig: Setting CVar [[gc.IncrementalBeginDestroyEnabled:1]]
[2020.09.25-21.13.52:670][  0]LogConfig: Setting CVar [[gc.CreateGCClusters:1]]
[2020.09.25-21.13.52:670][  0]LogConfig: Setting CVar [[gc.MinGCClusterSize:5]]
[2020.09.25-21.13.52:670][  0]LogConfig: Setting CVar [[gc.ActorClusteringEnabled:0]]
[2020.09.25-21.13.52:670][  0]LogConfig: Setting CVar [[gc.BlueprintClusteringEnabled:0]]
[2020.09.25-21.13.52:670][  0]LogConfig: Setting CVar [[gc.UseDisregardForGCOnDedicatedServers:0]]
[2020.09.25-21.13.52:670][  0]LogConfig: Applying CVar settings from Section [/Script/Engine.NetworkSettings] File [D:/GitHub/Unreal_OculusVR/Oculus_Unreal/Saved/Config/Windows/Engine.ini]
[2020.09.25-21.13.52:670][  0]LogConfig: Applying CVar settings from Section [/Script/UnrealEd.CookerSettings] File [D:/GitHub/Unreal_OculusVR/Oculus_Unreal/Saved/Config/Windows/Engine.ini]
[2020.09.25-21.13.52:680][  0]LogConfig: Applying CVar settings from Section [ViewDistanceQuality@3] File [D:/GitHub/Unreal_OculusVR/Oculus_Unreal/Saved/Config/Windows/Scalability.ini]
[2020.09.25-21.13.52:680][  0]LogConfig: Setting CVar [[r.SkeletalMeshLODBias:0]]
[2020.09.25-21.13.52:680][  0]LogConfig: Setting CVar [[r.ViewDistanceScale:1.0]]
[2020.09.25-21.13.52:680][  0]LogConfig: Applying CVar settings from Section [AntiAliasingQuality@3] File [D:/GitHub/Unreal_OculusVR/Oculus_Unreal/Saved/Config/Windows/Scalability.ini]
[2020.09.25-21.13.52:680][  0]LogConfig: Setting CVar [[r.PostProcessAAQuality:3]]
[2020.09.25-21.13.52:680][  0]LogConfig: Applying CVar settings from Section [ShadowQuality@3] File [D:/GitHub/Unreal_OculusVR/Oculus_Unreal/Saved/Config/Windows/Scalability.ini]
[2020.09.25-21.13.52:680][  0]LogConfig: Setting CVar [[r.LightFunctionQuality:1]]
[2020.09.25-21.13.52:680][  0]LogConfig: Setting CVar [[r.ShadowQuality:5]]
[2020.09.25-21.13.52:680][  0]LogConfig: Setting CVar [[r.Shadow.CSM.MaxCascades:10]]
[2020.09.25-21.13.52:680][  0]LogConfig: Setting CVar [[r.Shadow.MaxResolution:2048]]
[2020.09.25-21.13.52:680][  0]LogConfig: Setting CVar [[r.Shadow.MaxCSMResolution:2048]]
[2020.09.25-21.13.52:680][  0]LogConfig: Setting CVar [[r.Shadow.RadiusThreshold:0.01]]
[2020.09.25-21.13.52:680][  0]LogConfig: Setting CVar [[r.Shadow.DistanceScale:1.0]]
[2020.09.25-21.13.52:680][  0]LogConfig: Setting CVar [[r.Shadow.CSM.TransitionScale:1.0]]
[2020.09.25-21.13.52:680][  0]LogConfig: Setting CVar [[r.Shadow.PreShadowResolutionFactor:1.0]]
[2020.09.25-21.13.52:680][  0]LogConfig: Setting CVar [[r.DistanceFieldShadowing:1]]
[2020.09.25-21.13.52:680][  0]LogConfig: Setting CVar [[r.DistanceFieldAO:1]]
[2020.09.25-21.13.52:680][  0]LogConfig: Setting CVar [[r.AOQuality:2]]
[2020.09.25-21.13.52:680][  0]LogConfig: Setting CVar [[r.VolumetricFog:1]]
[2020.09.25-21.13.52:680][  0]LogConfig: Setting CVar [[r.VolumetricFog.GridPixelSize:8]]
[2020.09.25-21.13.52:680][  0]LogConfig: Setting CVar [[r.VolumetricFog.GridSizeZ:128]]
[2020.09.25-21.13.52:680][  0]LogConfig: Setting CVar [[r.VolumetricFog.HistoryMissSupersampleCount:4]]
[2020.09.25-21.13.52:680][  0]LogConfig: Setting CVar [[r.LightMaxDrawDistanceScale:1]]
[2020.09.25-21.13.52:680][  0]LogConfig: Setting CVar [[r.CapsuleShadows:1]]
[2020.09.25-21.13.52:680][  0]LogConfig: Applying CVar settings from Section [PostProcessQuality@3] File [D:/GitHub/Unreal_OculusVR/Oculus_Unreal/Saved/Config/Windows/Scalability.ini]
[2020.09.25-21.13.52:680][  0]LogConfig: Setting CVar [[r.MotionBlurQuality:0]]
[2020.09.25-21.13.52:680][  0]LogConfig: Setting CVar [[r.AmbientOcclusionMipLevelFactor:0.4]]
[2020.09.25-21.13.52:680][  0]LogConfig: Setting CVar [[r.AmbientOcclusionMaxQuality:100]]
[2020.09.25-21.13.52:680][  0]LogConfig: Setting CVar [[r.AmbientOcclusionLevels:0]]
[2020.09.25-21.13.52:680][  0]LogConfig: Setting CVar [[r.AmbientOcclusionRadiusScale:1.0]]
[2020.09.25-21.13.52:680][  0]LogConfig: Setting CVar [[r.DepthOfFieldQuality:0]]
[2020.09.25-21.13.52:680][  0]LogConfig: Setting CVar [[r.RenderTargetPoolMin:400]]
[2020.09.25-21.13.52:680][  0]LogConfig: Setting CVar [[r.LensFlareQuality:0]]
[2020.09.25-21.13.52:680][  0]LogConfig: Setting CVar [[r.SceneColorFringeQuality:0]]
[2020.09.25-21.13.52:680][  0]LogConfig: Setting CVar [[r.EyeAdaptationQuality:2]]
[2020.09.25-21.13.52:680][  0]LogConfig: Setting CVar [[r.BloomQuality:1]]
[2020.09.25-21.13.52:680][  0]LogConfig: Setting CVar [[r.FastBlurThreshold:0]]
[2020.09.25-21.13.52:680][  0]LogConfig: Setting CVar [[r.Upscale.Quality:3]]
[2020.09.25-21.13.52:680][  0]LogConfig: Setting CVar [[r.Tonemapper.GrainQuantization:1]]
[2020.09.25-21.13.52:680][  0]LogConfig: Setting CVar [[r.LightShaftQuality:1]]
[2020.09.25-21.13.52:680][  0]LogConfig: Setting CVar [[r.Filter.SizeScale:1]]
[2020.09.25-21.13.52:680][  0]LogConfig: Setting CVar [[r.Tonemapper.Quality:5]]
[2020.09.25-21.13.52:680][  0]LogConfig: Setting CVar [[r.DOF.Gather.AccumulatorQuality:1        ; higher gathering accumulator quality]]
[2020.09.25-21.13.52:680][  0]LogConfig: Setting CVar [[r.DOF.Gather.PostfilterMethod:1          ; Median3x3 postfilering method]]
[2020.09.25-21.13.52:680][  0]LogConfig: Setting CVar [[r.DOF.Gather.EnableBokehSettings:0       ; no bokeh simulation when gathering]]
[2020.09.25-21.13.52:680][  0]LogConfig: Setting CVar [[r.DOF.Gather.RingCount:4                 ; medium number of samples when gathering]]
[2020.09.25-21.13.52:680][  0]LogConfig: Setting CVar [[r.DOF.Scatter.ForegroundCompositing:1    ; additive foreground scattering]]
[2020.09.25-21.13.52:680][  0]LogConfig: Setting CVar [[r.DOF.Scatter.BackgroundCompositing:2    ; additive background scattering]]
[2020.09.25-21.13.52:680][  0]LogConfig: Setting CVar [[r.DOF.Scatter.EnableBokehSettings:1      ; bokeh simulation when scattering]]
[2020.09.25-21.13.52:680][  0]LogConfig: Setting CVar [[r.DOF.Scatter.MaxSpriteRatio:0.1         ; only a maximum of 10% of scattered bokeh]]
[2020.09.25-21.13.52:681][  0]LogConfig: Setting CVar [[r.DOF.Recombine.Quality:1                ; cheap slight out of focus]]
[2020.09.25-21.13.52:681][  0]LogConfig: Setting CVar [[r.DOF.Recombine.EnableBokehSettings:0    ; no bokeh simulation on slight out of focus]]
[2020.09.25-21.13.52:681][  0]LogConfig: Setting CVar [[r.DOF.TemporalAAQuality:1                ; more stable temporal accumulation]]
[2020.09.25-21.13.52:681][  0]LogConfig: Setting CVar [[r.DOF.Kernel.MaxForegroundRadius:0.025]]
[2020.09.25-21.13.52:681][  0]LogConfig: Setting CVar [[r.DOF.Kernel.MaxBackgroundRadius:0.025]]
[2020.09.25-21.13.52:681][  0]LogConfig: Applying CVar settings from Section [TextureQuality@3] File [D:/GitHub/Unreal_OculusVR/Oculus_Unreal/Saved/Config/Windows/Scalability.ini]
[2020.09.25-21.13.52:681][  0]LogConfig: Setting CVar [[r.Streaming.MipBias:0]]
[2020.09.25-21.13.52:681][  0]LogConfig: Setting CVar [[r.Streaming.AmortizeCPUToGPUCopy:0]]
[2020.09.25-21.13.52:681][  0]LogConfig: Setting CVar [[r.Streaming.MaxNumTexturesToStreamPerFrame:0]]
[2020.09.25-21.13.52:681][  0]LogConfig: Setting CVar [[r.Streaming.Boost:1]]
[2020.09.25-21.13.52:681][  0]LogConfig: Setting CVar [[r.MaxAnisotropy:8]]
[2020.09.25-21.13.52:681][  0]LogConfig: Setting CVar [[r.VT.MaxAnisotropy:8]]
[2020.09.25-21.13.52:681][  0]LogConfig: Setting CVar [[r.Streaming.LimitPoolSizeToVRAM:0]]
[2020.09.25-21.13.52:681][  0]LogConfig: Setting CVar [[r.Streaming.PoolSize:1000]]
[2020.09.25-21.13.52:681][  0]LogConfig: Setting CVar [[r.Streaming.MaxEffectiveScreenSize:0]]
[2020.09.25-21.13.52:681][  0]LogConfig: Applying CVar settings from Section [EffectsQuality@3] File [D:/GitHub/Unreal_OculusVR/Oculus_Unreal/Saved/Config/Windows/Scalability.ini]
[2020.09.25-21.13.52:681][  0]LogConfig: Setting CVar [[r.TranslucencyLightingVolumeDim:4]]
[2020.09.25-21.13.52:681][  0]LogConfig: Setting CVar [[r.RefractionQuality:2]]
[2020.09.25-21.13.52:681][  0]LogConfig: Setting CVar [[r.SSR.Quality:0]]
[2020.09.25-21.13.52:681][  0]LogConfig: Setting CVar [[r.SSR.HalfResSceneColor:0]]
[2020.09.25-21.13.52:681][  0]LogConfig: Setting CVar [[r.SceneColorFormat:2]]
[2020.09.25-21.13.52:681][  0]LogConfig: Setting CVar [[r.DetailMode:2]]
[2020.09.25-21.13.52:681][  0]LogConfig: Setting CVar [[r.TranslucencyVolumeBlur:0]]
[2020.09.25-21.13.52:681][  0]LogConfig: Setting CVar [[r.MaterialQualityLevel:1 ; High quality]]
[2020.09.25-21.13.52:681][  0]LogConfig: Setting CVar [[r.SSS.Scale:1]]
[2020.09.25-21.13.52:681][  0]LogConfig: Setting CVar [[r.SSS.SampleSet:2]]
[2020.09.25-21.13.52:681][  0]LogConfig: Setting CVar [[r.SSS.Quality:1]]
[2020.09.25-21.13.52:681][  0]LogConfig: Setting CVar [[r.SSS.HalfRes:0]]
[2020.09.25-21.13.52:681][  0]LogConfig: Setting CVar [[r.SSGI.Quality:3]]
[2020.09.25-21.13.52:681][  0]LogConfig: Setting CVar [[r.EmitterSpawnRateScale:1.0]]
[2020.09.25-21.13.52:681][  0]LogConfig: Setting CVar [[r.ParticleLightQuality:2]]
[2020.09.25-21.13.52:681][  0]LogConfig: Setting CVar [[r.SkyAtmosphere.AerialPerspectiveLUT.FastApplyOnOpaque:1 ; Always have FastSkyLUT 1 in this case to avoid wrong sky]]
[2020.09.25-21.13.52:681][  0]LogConfig: Setting CVar [[r.SkyAtmosphere.AerialPerspectiveLUT.SampleCountPerSlice:1]]
[2020.09.25-21.13.52:681][  0]LogConfig: Setting CVar [[r.SkyAtmosphere.AerialPerspectiveLUT.DepthResolution:16.0]]
[2020.09.25-21.13.52:681][  0]LogConfig: Setting CVar [[r.SkyAtmosphere.FastSkyLUT:1]]
[2020.09.25-21.13.52:681][  0]LogConfig: Setting CVar [[r.SkyAtmosphere.FastSkyLUT.SampleCountMin:4.0]]
[2020.09.25-21.13.52:681][  0]LogConfig: Setting CVar [[r.SkyAtmosphere.FastSkyLUT.SampleCountMax:32.0]]
[2020.09.25-21.13.52:681][  0]LogConfig: Setting CVar [[r.SkyAtmosphere.SampleCountMin:4.0]]
[2020.09.25-21.13.52:681][  0]LogConfig: Setting CVar [[r.SkyAtmosphere.SampleCountMax:32.0]]
[2020.09.25-21.13.52:681][  0]LogConfig: Setting CVar [[r.SkyAtmosphere.TransmittanceLUT.UseSmallFormat:0]]
[2020.09.25-21.13.52:681][  0]LogConfig: Setting CVar [[r.SkyAtmosphere.TransmittanceLUT.SampleCount:10.0]]
[2020.09.25-21.13.52:681][  0]LogConfig: Setting CVar [[r.SkyAtmosphere.MultiScatteringLUT.SampleCount:15.0]]
[2020.09.25-21.13.52:681][  0]LogConfig: Applying CVar settings from Section [FoliageQuality@3] File [D:/GitHub/Unreal_OculusVR/Oculus_Unreal/Saved/Config/Windows/Scalability.ini]
[2020.09.25-21.13.52:681][  0]LogConfig: Setting CVar [[foliage.DensityScale:1.0]]
[2020.09.25-21.13.52:681][  0]LogConfig: Setting CVar [[grass.DensityScale:1.0]]
[2020.09.25-21.13.52:681][  0]LogConfig: Applying CVar settings from Section [ShadingQuality@3] File [D:/GitHub/Unreal_OculusVR/Oculus_Unreal/Saved/Config/Windows/Scalability.ini]
[2020.09.25-21.13.52:681][  0]LogConfig: Setting CVar [[r.HairStrands.SkyLighting.SampleCount:16]]
[2020.09.25-21.13.52:681][  0]LogConfig: Setting CVar [[r.HairStrands.SkyLighting.JitterIntegration:0]]
[2020.09.25-21.13.52:681][  0]LogConfig: Setting CVar [[r.HairStrands.SkyAO.SampleCount:16]]
[2020.09.25-21.13.52:682][  0]LogConfig: Setting CVar [[r.HairStrands.DeepShadow.SuperSampling:0]]
[2020.09.25-21.13.52:682][  0]LogConfig: Setting CVar [[r.HairStrands.VisibilityPPLL:0]]
[2020.09.25-21.13.52:682][  0]LogConfig: Setting CVar [[r.HairStrands.RasterizationScale:0.5]]
[2020.09.25-21.13.52:682][  0]LogConfig: Setting CVar [[r.HairStrands.VelocityRasterizationScale:1]]
[2020.09.25-21.13.52:682][  0]LogInit: Selected Device Profile: [Windows]
[2020.09.25-21.13.52:682][  0]LogInit: Applying CVar settings loaded from the selected device profile: [Windows]
[2020.09.25-21.13.52:682][  0]LogHAL: Display: Platform has ~ 32 GB [34233110528 / 34359738368 / 32], which maps to Largest [LargestMinGB=32, LargerMinGB=12, DefaultMinGB=8, SmallerMinGB=6, SmallestMinGB=0)
[2020.09.25-21.13.52:682][  0]LogInit: Going up to parent DeviceProfile []
[2020.09.25-21.13.52:682][  0]LogConfig: Applying CVar settings from Section [ViewDistanceQuality@3] File [D:/GitHub/Unreal_OculusVR/Oculus_Unreal/Saved/Config/Windows/Scalability.ini]
[2020.09.25-21.13.52:682][  0]LogConfig: Setting CVar [[r.SkeletalMeshLODBias:0]]
[2020.09.25-21.13.52:682][  0]LogConfig: Setting CVar [[r.ViewDistanceScale:1.0]]
[2020.09.25-21.13.52:682][  0]LogConfig: Applying CVar settings from Section [AntiAliasingQuality@3] File [D:/GitHub/Unreal_OculusVR/Oculus_Unreal/Saved/Config/Windows/Scalability.ini]
[2020.09.25-21.13.52:682][  0]LogConfig: Setting CVar [[r.PostProcessAAQuality:3]]
[2020.09.25-21.13.52:682][  0]LogConfig: Applying CVar settings from Section [ShadowQuality@3] File [D:/GitHub/Unreal_OculusVR/Oculus_Unreal/Saved/Config/Windows/Scalability.ini]
[2020.09.25-21.13.52:682][  0]LogConfig: Setting CVar [[r.LightFunctionQuality:1]]
[2020.09.25-21.13.52:682][  0]LogConfig: Setting CVar [[r.ShadowQuality:5]]
[2020.09.25-21.13.52:682][  0]LogConfig: Setting CVar [[r.Shadow.CSM.MaxCascades:10]]
[2020.09.25-21.13.52:682][  0]LogConfig: Setting CVar [[r.Shadow.MaxResolution:2048]]
[2020.09.25-21.13.52:682][  0]LogConfig: Setting CVar [[r.Shadow.MaxCSMResolution:2048]]
[2020.09.25-21.13.52:682][  0]LogConfig: Setting CVar [[r.Shadow.RadiusThreshold:0.01]]
[2020.09.25-21.13.52:682][  0]LogConfig: Setting CVar [[r.Shadow.DistanceScale:1.0]]
[2020.09.25-21.13.52:682][  0]LogConfig: Setting CVar [[r.Shadow.CSM.TransitionScale:1.0]]
[2020.09.25-21.13.52:682][  0]LogConfig: Setting CVar [[r.Shadow.PreShadowResolutionFactor:1.0]]
[2020.09.25-21.13.52:682][  0]LogConfig: Setting CVar [[r.DistanceFieldShadowing:1]]
[2020.09.25-21.13.52:682][  0]LogConfig: Setting CVar [[r.DistanceFieldAO:1]]
[2020.09.25-21.13.52:682][  0]LogConfig: Setting CVar [[r.AOQuality:2]]
[2020.09.25-21.13.52:682][  0]LogConfig: Setting CVar [[r.VolumetricFog:1]]
[2020.09.25-21.13.52:682][  0]LogConfig: Setting CVar [[r.VolumetricFog.GridPixelSize:8]]
[2020.09.25-21.13.52:682][  0]LogConfig: Setting CVar [[r.VolumetricFog.GridSizeZ:128]]
[2020.09.25-21.13.52:682][  0]LogConfig: Setting CVar [[r.VolumetricFog.HistoryMissSupersampleCount:4]]
[2020.09.25-21.13.52:682][  0]LogConfig: Setting CVar [[r.LightMaxDrawDistanceScale:1]]
[2020.09.25-21.13.52:682][  0]LogConfig: Setting CVar [[r.CapsuleShadows:1]]
[2020.09.25-21.13.52:682][  0]LogConfig: Applying CVar settings from Section [PostProcessQuality@3] File [D:/GitHub/Unreal_OculusVR/Oculus_Unreal/Saved/Config/Windows/Scalability.ini]
[2020.09.25-21.13.52:682][  0]LogConfig: Setting CVar [[r.MotionBlurQuality:0]]
[2020.09.25-21.13.52:682][  0]LogConfig: Setting CVar [[r.AmbientOcclusionMipLevelFactor:0.4]]
[2020.09.25-21.13.52:682][  0]LogConfig: Setting CVar [[r.AmbientOcclusionMaxQuality:100]]
[2020.09.25-21.13.52:682][  0]LogConfig: Setting CVar [[r.AmbientOcclusionLevels:0]]
[2020.09.25-21.13.52:682][  0]LogConfig: Setting CVar [[r.AmbientOcclusionRadiusScale:1.0]]
[2020.09.25-21.13.52:682][  0]LogConfig: Setting CVar [[r.DepthOfFieldQuality:0]]
[2020.09.25-21.13.52:682][  0]LogConfig: Setting CVar [[r.RenderTargetPoolMin:400]]
[2020.09.25-21.13.52:682][  0]LogConfig: Setting CVar [[r.LensFlareQuality:0]]
[2020.09.25-21.13.52:682][  0]LogConfig: Setting CVar [[r.SceneColorFringeQuality:0]]
[2020.09.25-21.13.52:682][  0]LogConfig: Setting CVar [[r.EyeAdaptationQuality:2]]
[2020.09.25-21.13.52:682][  0]LogConfig: Setting CVar [[r.BloomQuality:1]]
[2020.09.25-21.13.52:682][  0]LogConfig: Setting CVar [[r.FastBlurThreshold:0]]
[2020.09.25-21.13.52:682][  0]LogConfig: Setting CVar [[r.Upscale.Quality:3]]
[2020.09.25-21.13.52:682][  0]LogConfig: Setting CVar [[r.Tonemapper.GrainQuantization:1]]
[2020.09.25-21.13.52:682][  0]LogConfig: Setting CVar [[r.LightShaftQuality:1]]
[2020.09.25-21.13.52:682][  0]LogConfig: Setting CVar [[r.Filter.SizeScale:1]]
[2020.09.25-21.13.52:682][  0]LogConfig: Setting CVar [[r.Tonemapper.Quality:5]]
[2020.09.25-21.13.52:682][  0]LogConfig: Setting CVar [[r.DOF.Gather.AccumulatorQuality:1        ; higher gathering accumulator quality]]
[2020.09.25-21.13.52:682][  0]LogConfig: Setting CVar [[r.DOF.Gather.PostfilterMethod:1          ; Median3x3 postfilering method]]
[2020.09.25-21.13.52:682][  0]LogConfig: Setting CVar [[r.DOF.Gather.EnableBokehSettings:0       ; no bokeh simulation when gathering]]
[2020.09.25-21.13.52:682][  0]LogConfig: Setting CVar [[r.DOF.Gather.RingCount:4                 ; medium number of samples when gathering]]
[2020.09.25-21.13.52:682][  0]LogConfig: Setting CVar [[r.DOF.Scatter.ForegroundCompositing:1    ; additive foreground scattering]]
[2020.09.25-21.13.52:682][  0]LogConfig: Setting CVar [[r.DOF.Scatter.BackgroundCompositing:2    ; additive background scattering]]
[2020.09.25-21.13.52:682][  0]LogConfig: Setting CVar [[r.DOF.Scatter.EnableBokehSettings:1      ; bokeh simulation when scattering]]
[2020.09.25-21.13.52:682][  0]LogConfig: Setting CVar [[r.DOF.Scatter.MaxSpriteRatio:0.1         ; only a maximum of 10% of scattered bokeh]]
[2020.09.25-21.13.52:682][  0]LogConfig: Setting CVar [[r.DOF.Recombine.Quality:1                ; cheap slight out of focus]]
[2020.09.25-21.13.52:683][  0]LogConfig: Setting CVar [[r.DOF.Recombine.EnableBokehSettings:0    ; no bokeh simulation on slight out of focus]]
[2020.09.25-21.13.52:683][  0]LogConfig: Setting CVar [[r.DOF.TemporalAAQuality:1                ; more stable temporal accumulation]]
[2020.09.25-21.13.52:683][  0]LogConfig: Setting CVar [[r.DOF.Kernel.MaxForegroundRadius:0.025]]
[2020.09.25-21.13.52:683][  0]LogConfig: Setting CVar [[r.DOF.Kernel.MaxBackgroundRadius:0.025]]
[2020.09.25-21.13.52:683][  0]LogConfig: Applying CVar settings from Section [TextureQuality@3] File [D:/GitHub/Unreal_OculusVR/Oculus_Unreal/Saved/Config/Windows/Scalability.ini]
[2020.09.25-21.13.52:683][  0]LogConfig: Setting CVar [[r.Streaming.MipBias:0]]
[2020.09.25-21.13.52:683][  0]LogConfig: Setting CVar [[r.Streaming.AmortizeCPUToGPUCopy:0]]
[2020.09.25-21.13.52:683][  0]LogConfig: Setting CVar [[r.Streaming.MaxNumTexturesToStreamPerFrame:0]]
[2020.09.25-21.13.52:683][  0]LogConfig: Setting CVar [[r.Streaming.Boost:1]]
[2020.09.25-21.13.52:683][  0]LogConfig: Setting CVar [[r.MaxAnisotropy:8]]
[2020.09.25-21.13.52:683][  0]LogConfig: Setting CVar [[r.VT.MaxAnisotropy:8]]
[2020.09.25-21.13.52:683][  0]LogConfig: Setting CVar [[r.Streaming.LimitPoolSizeToVRAM:0]]
[2020.09.25-21.13.52:683][  0]LogConfig: Setting CVar [[r.Streaming.PoolSize:1000]]
[2020.09.25-21.13.52:683][  0]LogConfig: Setting CVar [[r.Streaming.MaxEffectiveScreenSize:0]]
[2020.09.25-21.13.52:683][  0]LogConfig: Applying CVar settings from Section [EffectsQuality@3] File [D:/GitHub/Unreal_OculusVR/Oculus_Unreal/Saved/Config/Windows/Scalability.ini]
[2020.09.25-21.13.52:683][  0]LogConfig: Setting CVar [[r.TranslucencyLightingVolumeDim:4]]
[2020.09.25-21.13.52:683][  0]LogConfig: Setting CVar [[r.RefractionQuality:2]]
[2020.09.25-21.13.52:683][  0]LogConfig: Setting CVar [[r.SSR.Quality:0]]
[2020.09.25-21.13.52:683][  0]LogConfig: Setting CVar [[r.SSR.HalfResSceneColor:0]]
[2020.09.25-21.13.52:683][  0]LogConfig: Setting CVar [[r.SceneColorFormat:2]]
[2020.09.25-21.13.52:683][  0]LogConfig: Setting CVar [[r.DetailMode:2]]
[2020.09.25-21.13.52:683][  0]LogConfig: Setting CVar [[r.TranslucencyVolumeBlur:0]]
[2020.09.25-21.13.52:683][  0]LogConfig: Setting CVar [[r.MaterialQualityLevel:1 ; High quality]]
[2020.09.25-21.13.52:683][  0]LogConfig: Setting CVar [[r.SSS.Scale:1]]
[2020.09.25-21.13.52:683][  0]LogConfig: Setting CVar [[r.SSS.SampleSet:2]]
[2020.09.25-21.13.52:683][  0]LogConfig: Setting CVar [[r.SSS.Quality:1]]
[2020.09.25-21.13.52:683][  0]LogConfig: Setting CVar [[r.SSS.HalfRes:0]]
[2020.09.25-21.13.52:683][  0]LogConfig: Setting CVar [[r.SSGI.Quality:3]]
[2020.09.25-21.13.52:683][  0]LogConfig: Setting CVar [[r.EmitterSpawnRateScale:1.0]]
[2020.09.25-21.13.52:683][  0]LogConfig: Setting CVar [[r.ParticleLightQuality:2]]
[2020.09.25-21.13.52:683][  0]LogConfig: Setting CVar [[r.SkyAtmosphere.AerialPerspectiveLUT.FastApplyOnOpaque:1 ; Always have FastSkyLUT 1 in this case to avoid wrong sky]]
[2020.09.25-21.13.52:683][  0]LogConfig: Setting CVar [[r.SkyAtmosphere.AerialPerspectiveLUT.SampleCountPerSlice:1]]
[2020.09.25-21.13.52:683][  0]LogConfig: Setting CVar [[r.SkyAtmosphere.AerialPerspectiveLUT.DepthResolution:16.0]]
[2020.09.25-21.13.52:683][  0]LogConfig: Setting CVar [[r.SkyAtmosphere.FastSkyLUT:1]]
[2020.09.25-21.13.52:683][  0]LogConfig: Setting CVar [[r.SkyAtmosphere.FastSkyLUT.SampleCountMin:4.0]]
[2020.09.25-21.13.52:683][  0]LogConfig: Setting CVar [[r.SkyAtmosphere.FastSkyLUT.SampleCountMax:32.0]]
[2020.09.25-21.13.52:683][  0]LogConfig: Setting CVar [[r.SkyAtmosphere.SampleCountMin:4.0]]
[2020.09.25-21.13.52:683][  0]LogConfig: Setting CVar [[r.SkyAtmosphere.SampleCountMax:32.0]]
[2020.09.25-21.13.52:683][  0]LogConfig: Setting CVar [[r.SkyAtmosphere.TransmittanceLUT.UseSmallFormat:0]]
[2020.09.25-21.13.52:683][  0]LogConfig: Setting CVar [[r.SkyAtmosphere.TransmittanceLUT.SampleCount:10.0]]
[2020.09.25-21.13.52:683][  0]LogConfig: Setting CVar [[r.SkyAtmosphere.MultiScatteringLUT.SampleCount:15.0]]
[2020.09.25-21.13.52:683][  0]LogConfig: Applying CVar settings from Section [FoliageQuality@3] File [D:/GitHub/Unreal_OculusVR/Oculus_Unreal/Saved/Config/Windows/Scalability.ini]
[2020.09.25-21.13.52:683][  0]LogConfig: Setting CVar [[foliage.DensityScale:1.0]]
[2020.09.25-21.13.52:683][  0]LogConfig: Setting CVar [[grass.DensityScale:1.0]]
[2020.09.25-21.13.52:683][  0]LogConfig: Applying CVar settings from Section [ShadingQuality@3] File [D:/GitHub/Unreal_OculusVR/Oculus_Unreal/Saved/Config/Windows/Scalability.ini]
[2020.09.25-21.13.52:683][  0]LogConfig: Setting CVar [[r.HairStrands.SkyLighting.SampleCount:16]]
[2020.09.25-21.13.52:683][  0]LogConfig: Setting CVar [[r.HairStrands.SkyLighting.JitterIntegration:0]]
[2020.09.25-21.13.52:683][  0]LogConfig: Setting CVar [[r.HairStrands.SkyAO.SampleCount:16]]
[2020.09.25-21.13.52:683][  0]LogConfig: Setting CVar [[r.HairStrands.DeepShadow.SuperSampling:0]]
[2020.09.25-21.13.52:683][  0]LogConfig: Setting CVar [[r.HairStrands.VisibilityPPLL:0]]
[2020.09.25-21.13.52:683][  0]LogConfig: Setting CVar [[r.HairStrands.RasterizationScale:0.5]]
[2020.09.25-21.13.52:683][  0]LogConfig: Setting CVar [[r.HairStrands.VelocityRasterizationScale:1]]
[2020.09.25-21.13.52:683][  0]LogConfig: Applying CVar settings from Section [Startup] File [../../../Engine/Config/ConsoleVariables.ini]
[2020.09.25-21.13.52:684][  0]LogConfig: Setting CVar [[net.UseAdaptiveNetUpdateFrequency:0]]
[2020.09.25-21.13.52:684][  0]LogConfig: Setting CVar [[p.chaos.AllowCreatePhysxBodies:1]]
[2020.09.25-21.13.52:684][  0]LogConfig: Setting CVar [[fx.SkipVectorVMBackendOptimizations:1]]
[2020.09.25-21.13.52:684][  0]LogConfig: Applying CVar settings from Section [ConsoleVariables] File [D:/GitHub/Unreal_OculusVR/Oculus_Unreal/Saved/Config/Windows/Engine.ini]
[2020.09.25-21.13.52:684][  0]LogInit: Computer: DESKTOP-NRP0MN9
[2020.09.25-21.13.52:684][  0]LogInit: User: krist
[2020.09.25-21.13.52:684][  0]LogInit: CPU Page size=4096, Cores=6
[2020.09.25-21.13.52:684][  0]LogInit: High frequency timer resolution =10.000000 MHz
[2020.09.25-21.13.52:684][  0]LogMemory: Memory total: Physical=31.9GB (32GB approx)
[2020.09.25-21.13.52:684][  0]LogMemory: Platform Memory Stats for Windows
[2020.09.25-21.13.52:684][  0]LogMemory: Process Physical Memory: 135.39 MB used, 135.40 MB peak
[2020.09.25-21.13.52:684][  0]LogMemory: Process Virtual Memory: 117.44 MB used, 117.44 MB peak
[2020.09.25-21.13.52:684][  0]LogMemory: Physical Memory: 18668.18 MB used,  13979.06 MB free, 32647.24 MB total
[2020.09.25-21.13.52:684][  0]LogMemory: Virtual Memory: 5465.75 MB used,  134212264.00 MB free, 134217728.00 MB total
[2020.09.25-21.13.52:695][  0]LogWindows: WindowsPlatformFeatures enabled
[2020.09.25-21.13.52:754][  0]LogInit: Physics initialised using underlying interface: PhysX
[2020.09.25-21.13.52:755][  0]LogInit: Using OS detected language (en-US).
[2020.09.25-21.13.52:755][  0]LogInit: Using OS detected locale (en-US).
[2020.09.25-21.13.52:757][  0]LogTextLocalizationManager: No specific localization for 'en-US' exists, so the 'en' localization will be used.
[2020.09.25-21.13.53:004][  0]LogInit: Setting process to per monitor DPI aware
[2020.09.25-21.13.53:079][  0]LogSlate: New Slate User Created.  User Index 0, Is Virtual User: 0
[2020.09.25-21.13.53:079][  0]LogSlate: Slate User Registered.  User Index 0, Is Virtual User: 0
[2020.09.25-21.13.53:422][  0]LogD3D11RHI: D3D11 min allowed feature level: 11_0
[2020.09.25-21.13.53:422][  0]LogD3D11RHI: D3D11 max allowed feature level: 11_0
[2020.09.25-21.13.53:422][  0]LogD3D11RHI: D3D11 adapters:
[2020.09.25-21.13.53:505][  0]LogD3D11RHI:    0. 'NVIDIA GeForce GTX 1660 Ti' (Feature Level 11_0)
[2020.09.25-21.13.53:505][  0]LogD3D11RHI:       5991/0/16323 MB DedicatedVideo/DedicatedSystem/SharedSystem, Outputs:2, VendorId:0x10de
[2020.09.25-21.13.53:538][  0]LogD3D11RHI:    1. 'Intel(R) UHD Graphics 630' (Feature Level 11_0)
[2020.09.25-21.13.53:538][  0]LogD3D11RHI:       128/0/16323 MB DedicatedVideo/DedicatedSystem/SharedSystem, Outputs:0, VendorId:0x8086
[2020.09.25-21.13.53:541][  0]LogD3D11RHI:    2. 'Microsoft Basic Render Driver' (Feature Level 11_0)
[2020.09.25-21.13.53:542][  0]LogD3D11RHI:       0/0/16323 MB DedicatedVideo/DedicatedSystem/SharedSystem, Outputs:0, VendorId:0x1414
[2020.09.25-21.13.53:542][  0]LogD3D11RHI: Chosen D3D11 Adapter: 0
[2020.09.25-21.13.53:612][  0]LogD3D11RHI: Creating new Direct3DDevice
[2020.09.25-21.13.53:612][  0]LogD3D11RHI:     GPU DeviceId: 0x2191 (for the marketing name, search the web for "GPU Device Id")
[2020.09.25-21.13.53:612][  0]LogWindows: EnumDisplayDevices:
[2020.09.25-21.13.53:612][  0]LogWindows:    0. 'Intel(R) UHD Graphics 630' (P:1 D:1)
[2020.09.25-21.13.53:612][  0]LogWindows:    1. 'Intel(R) UHD Graphics 630' (P:0 D:0)
[2020.09.25-21.13.53:613][  0]LogWindows:    2. 'Intel(R) UHD Graphics 630' (P:0 D:0)
[2020.09.25-21.13.53:613][  0]LogWindows:    3. 'NVIDIA GeForce GTX 1660 Ti' (P:0 D:1)
[2020.09.25-21.13.53:613][  0]LogWindows:    4. 'NVIDIA GeForce GTX 1660 Ti' (P:0 D:0)
[2020.09.25-21.13.53:613][  0]LogWindows:    5. 'NVIDIA GeForce GTX 1660 Ti' (P:0 D:0)
[2020.09.25-21.13.53:614][  0]LogWindows:    6. 'NVIDIA GeForce GTX 1660 Ti' (P:0 D:0)
[2020.09.25-21.13.53:614][  0]LogWindows: DebugString: PrimaryIsNotTheChoosenAdapter PrimaryIsNotTheChoosenAdapter PrimaryIsNotTheChoosenAdapter FoundDriverCount:4 
[2020.09.25-21.13.53:614][  0]LogD3D11RHI:     Adapter Name: NVIDIA GeForce GTX 1660 Ti
[2020.09.25-21.13.53:614][  0]LogD3D11RHI:   Driver Version: 452.06 (internal:27.21.14.5206, unified:452.06)
[2020.09.25-21.13.53:614][  0]LogD3D11RHI:      Driver Date: 8-12-2020
[2020.09.25-21.13.53:614][  0]LogRHI: Texture pool is 4193 MB (70% of 5991 MB)
[2020.09.25-21.13.53:685][  0]LogD3D11RHI: RHI has support for 64 bit atomics
[2020.09.25-21.13.53:690][  0]LogD3D11RHI: [Aftermath] Enabled and primed
[2020.09.25-21.13.53:690][  0]LogD3D11RHI: Async texture creation enabled
[2020.09.25-21.13.53:690][  0]LogD3D11RHI: Array index from any shader is supported
[2020.09.25-21.13.53:697][  0]LogD3D11RHI: HDR output is supported on display 1 (NvId: 0x80061081).
[2020.09.25-21.13.53:726][  0]LogD3D11RHI: GPU Timing Frequency: 1000.000000 (Debug: 2 2)
[2020.09.25-21.13.54:064][  0]LogTargetPlatformManager: Display: Loaded TargetPlatform 'AllDesktop'
[2020.09.25-21.13.54:092][  0]LogTargetPlatformManager: Display: Loaded TargetPlatform 'Android'
[2020.09.25-21.13.54:092][  0]LogTargetPlatformManager: Display: Loaded TargetPlatform 'Android_ASTC'
[2020.09.25-21.13.54:092][  0]LogTargetPlatformManager: Display: Loaded TargetPlatform 'Android_DXT'
[2020.09.25-21.13.54:092][  0]LogTargetPlatformManager: Display: Loaded TargetPlatform 'Android_ETC2'
[2020.09.25-21.13.54:092][  0]LogTargetPlatformManager: Display: Loaded TargetPlatform 'AndroidClient'
[2020.09.25-21.13.54:092][  0]LogTargetPlatformManager: Display: Loaded TargetPlatform 'Android_ASTCClient'
[2020.09.25-21.13.54:092][  0]LogTargetPlatformManager: Display: Loaded TargetPlatform 'Android_DXTClient'
[2020.09.25-21.13.54:093][  0]LogTargetPlatformManager: Display: Loaded TargetPlatform 'Android_ETC2Client'
[2020.09.25-21.13.54:093][  0]LogTargetPlatformManager: Display: Loaded TargetPlatform 'Android_Multi'
[2020.09.25-21.13.54:093][  0]LogTargetPlatformManager: Display: Loaded TargetPlatform 'Android_MultiClient'
[2020.09.25-21.13.54:111][  0]LogInit: WinSock: version 1.1 (2.2), MaxSocks=32767, MaxUdp=65467
[2020.09.25-21.13.54:121][  0]LogTargetPlatformManager: Display: Loaded TargetPlatform 'IOSClient'
[2020.09.25-21.13.54:121][  0]LogTargetPlatformManager: Display: Loaded TargetPlatform 'IOS'
[2020.09.25-21.13.54:163][  0]LogTargetPlatformManager: Display: Loaded TargetPlatform 'Lumin'
[2020.09.25-21.13.54:163][  0]LogTargetPlatformManager: Display: Loaded TargetPlatform 'LuminClient'
[2020.09.25-21.13.54:181][  0]LogTargetPlatformManager: Display: Loaded TargetPlatform 'TVOSClient'
[2020.09.25-21.13.54:181][  0]LogTargetPlatformManager: Display: Loaded TargetPlatform 'TVOS'
[2020.09.25-21.13.54:195][  0]LogTargetPlatformManager: Display: Loaded TargetPlatform 'WindowsNoEditor'
[2020.09.25-21.13.54:206][  0]LogTargetPlatformManager: Display: Loaded TargetPlatform 'Windows'
[2020.09.25-21.13.54:218][  0]LogTargetPlatformManager: Display: Loaded TargetPlatform 'WindowsClient'
[2020.09.25-21.13.54:230][  0]LogTargetPlatformManager: Display: Loaded TargetPlatform 'WindowsServer'
[2020.09.25-21.13.54:243][  0]LogTargetPlatformManager: Display: Loaded TargetPlatform 'XXX'
[2020.09.25-21.13.54:243][  0]LogTargetPlatformManager: Display: Building Assets For Windows
[2020.09.25-21.13.54:254][  0]LogAudioDebug: Display: Lib vorbis DLL was dynamically loaded.
[2020.09.25-21.13.54:337][  0]LogShaderCompilers: Guid format shader working directory is 4 characters bigger than the processId version (../../../../Unreal_OculusVR/Oculus_Unreal/Intermediate/Shaders/WorkingDirectory/26148/).
[2020.09.25-21.13.54:337][  0]LogShaderCompilers: Cleaned the shader compiler working directory 'C:/Users/krist/AppData/Local/Temp/UnrealShaderWorkingDir/2B9C7028452513F92F38E49DD7B3342B/'.
[2020.09.25-21.13.54:338][  0]LogXGEController: Cannot use XGE Controller as Incredibuild is not installed on this machine.
[2020.09.25-21.13.54:338][  0]LogShaderCompilers: Cannot use XGE Shader Compiler as Incredibuild is not installed on this machine.
[2020.09.25-21.13.54:338][  0]LogShaderCompilers: Display: Using Local Shader Compiler.
[2020.09.25-21.13.55:320][  0]LogDerivedDataCache: Display: Max Cache Size: 512 MB
[2020.09.25-21.13.55:403][  0]LogDerivedDataCache: Loaded boot cache 0.08s 85MB ../../../../Unreal_OculusVR/Oculus_Unreal/DerivedDataCache/Boot.ddc.
[2020.09.25-21.13.55:404][  0]LogDerivedDataCache: Display: Loaded Boot cache: ../../../../Unreal_OculusVR/Oculus_Unreal/DerivedDataCache/Boot.ddc
[2020.09.25-21.13.55:404][  0]LogDerivedDataCache: FDerivedDataBackendGraph:  Pak pak cache file ../../../../Unreal_OculusVR/Oculus_Unreal/DerivedDataCache/DDC.ddp not found, will not use a pak cache.
[2020.09.25-21.13.55:404][  0]LogDerivedDataCache: Unable to find inner node Pak for hierarchical cache Hierarchy.
[2020.09.25-21.13.55:404][  0]LogDerivedDataCache: FDerivedDataBackendGraph:  EnginePak pak cache file ../../../Engine/DerivedDataCache/DDC.ddp not found, will not use a pak cache.
[2020.09.25-21.13.55:404][  0]LogDerivedDataCache: Unable to find inner node EnginePak for hierarchical cache Hierarchy.
[2020.09.25-21.13.55:405][  0]LogDerivedDataCache: Using Local data cache path ../../../Engine/DerivedDataCache: Writable
[2020.09.25-21.13.55:405][  0]LogDerivedDataCache: Shared data cache path not found in *engine.ini, will not use an Shared cache.
[2020.09.25-21.13.55:405][  0]LogDerivedDataCache: Unable to find inner node Shared for hierarchical cache Hierarchy.
[2020.09.25-21.13.55:462][  0]LogSlate: Using FreeType 2.10.0
[2020.09.25-21.13.55:463][  0]LogSlate: SlateFontServices - WITH_FREETYPE: 1, WITH_HARFBUZZ: 1
[2020.09.25-21.13.55:499][  0]LogAssetRegistry: FAssetRegistry took 0.0068 seconds to start up
[2020.09.25-21.13.55:936][  0]LogInit: Selected Device Profile: [Windows]
[2020.09.25-21.13.56:044][  0]LogMeshReduction: Using QuadricMeshReduction for automatic static mesh reduction
[2020.09.25-21.13.56:044][  0]LogMeshReduction: Using SimplygonMeshReduction for automatic skeletal mesh reduction
[2020.09.25-21.13.56:044][  0]LogMeshReduction: Using ProxyLODMeshReduction for automatic mesh merging
[2020.09.25-21.13.56:044][  0]LogMeshReduction: No distributed automatic mesh merging module available
[2020.09.25-21.13.56:044][  0]LogMeshMerging: No distributed automatic mesh merging module available
[2020.09.25-21.13.56:167][  0]LogNetVersion: Oculus_Unreal 1.0.0, NetCL: 0, EngineNetVer: 14, GameNetVer: 0 (Checksum: 1670419963)
[2020.09.25-21.13.56:872][  0]LogAISub: UAISubsystem::UAISubsystem AISubsystem (00000219730D2AC0), frame # 0
[2020.09.25-21.13.56:872][  0]LogAISub: UAISubsystem::UAISubsystem AIPerceptionSystem (0000021973075800), frame # 0
[2020.09.25-21.13.56:875][  0]LogAISub: UAISubsystem::UAISubsystem EnvQueryManager (00000219730B6600), frame # 0
[2020.09.25-21.13.56:881][  0]LogHMD: PokeAHoleMaterial loaded successfully
[2020.09.25-21.13.57:003][  0]LogPackageLocalizationCache: Processed 19 localized package path(s) for 1 prioritized culture(s) in 0.117786 seconds
[2020.09.25-21.13.57:012][  0]LogUObjectArray: 15934 objects as part of root set at end of initial load.
[2020.09.25-21.13.57:012][  0]LogUObjectAllocator: 3983584 out of 0 bytes used by permanent object pool.
[2020.09.25-21.13.57:013][  0]LogUObjectArray: CloseDisregardForGC: 0/0 objects in disregard for GC pool
[2020.09.25-21.13.57:531][  0]LogTcpMessaging: Initializing TcpMessaging bridge
[2020.09.25-21.13.57:539][  0]LogUdpMessaging: Initializing bridge on interface 0.0.0.0:0 to multicast group 230.0.0.1:6666.
[2020.09.25-21.13.57:663][  0]SourceControl: Source control is disabled
[2020.09.25-21.13.57:663][  0]SourceControl: Source control is disabled
[2020.09.25-21.13.57:668][  0]SourceControl: Source control is disabled
[2020.09.25-21.13.57:671][  0]SourceControl: Source control is disabled
[2020.09.25-21.13.57:680][  0]SourceControl: Source control is disabled
[2020.09.25-21.13.58:071][  0]LogAndroidPermission: UAndroidPermissionCallbackProxy::GetInstance
[2020.09.25-21.13.58:102][  0]LogAudioCaptureCore: Display: No Audio Capture implementations found. Audio input will be silent.
[2020.09.25-21.13.58:102][  0]LogAudioCaptureCore: Display: No Audio Capture implementations found. Audio input will be silent.
[2020.09.25-21.13.58:156][  0]LogOcInput: OculusInput pre-init called
[2020.09.25-21.13.58:515][  0]LogEngine: Initializing Engine...
[2020.09.25-21.13.58:517][  0]LogHMD: PokeAHoleMaterial loaded successfully
[2020.09.25-21.13.58:518][  0]LogHMD: Initializing OVRPlugin session
[2020.09.25-21.13.58:686][  0]LogHMD: Allocating Oculus 3296 x 1776 rendertarget swapchain
[2020.09.25-21.13.58:686][  0]LogHMD: Oculus plugin initialized. Version: 4.25.3-0+++UE4+Partner-Oculus-4.25, OVRPlugin: 1.52.0
[2020.09.25-21.13.58:688][  0]LogStats: UGameplayTagsManager::InitializeManager -  0.000 s
[2020.09.25-21.13.59:090][  0]LogInit: Initializing FReadOnlyCVARCache
[2020.09.25-21.13.59:111][  0]LogAIModule: Creating AISystem for world Untitled
[2020.09.25-21.13.59:112][  0]LogAISub: UAISubsystem::UAISubsystem EnvQueryManager (00000219780D5200), frame # 0
[2020.09.25-21.13.59:112][  0]LogAISub: UAISubsystem::UAISubsystem AIPerceptionSystem (000002197810C900), frame # 0
[2020.09.25-21.13.59:121][  0]LogAudioMixer: Display: Audio Mixer Platform Settings:
[2020.09.25-21.13.59:121][  0]LogAudioMixer: Display: 	Sample Rate:						  48000
[2020.09.25-21.13.59:121][  0]LogAudioMixer: Display: 	Callback Buffer Frame Size Requested: 1024
[2020.09.25-21.13.59:121][  0]LogAudioMixer: Display: 	Callback Buffer Frame Size To Use:	  1024
[2020.09.25-21.13.59:121][  0]LogAudioMixer: Display: 	Number of buffers to queue:			  2
[2020.09.25-21.13.59:121][  0]LogAudioMixer: Display: 	Max Channels (voices):				  32
[2020.09.25-21.13.59:121][  0]LogAudioMixer: Display: 	Number of Async Source Workers:		  0
[2020.09.25-21.13.59:121][  0]LogAudio: Display: AudioDevice MaxSources: 32
[2020.09.25-21.13.59:124][  0]LogAudio: Display: Using built-in audio occlusion.
[2020.09.25-21.13.59:124][  0]LogAudioMixer: Display: Initializing audio mixer.
[2020.09.25-21.13.59:176][  0]LogAudioMixer: Display: 0: FrontLeft
[2020.09.25-21.13.59:176][  0]LogAudioMixer: Display: 1: FrontRight
[2020.09.25-21.13.59:293][  0]LogAudioMixer: Display: Using Audio Device C32HG7x (NVIDIA High Definition Audio)
[2020.09.25-21.13.59:294][  0]LogAudioMixer: Display: Initializing Sound Submixes...
[2020.09.25-21.13.59:297][  0]LogAudioMixer: Display: Creating Master Submix 'MasterSubmixDefault'
[2020.09.25-21.13.59:297][  0]LogAudioMixer: Display: Creating Master Submix 'MasterReverbSubmixDefault'
[2020.09.25-21.13.59:299][  0]LogAudioMixer: Display: Creating Master Submix 'MasterEQSubmixDefault'
[2020.09.25-21.13.59:300][  0]LogInit: FAudioDevice initialized.
[2020.09.25-21.13.59:301][  0]LogNetVersion: Set ProjectVersion to 1.0.0.0. Version Checksum will be recalculated on next use.
[2020.09.25-21.13.59:412][  0]LogDerivedDataCache: Saved boot cache 0.11s 85MB ../../../../Unreal_OculusVR/Oculus_Unreal/DerivedDataCache/Boot.ddc.
[2020.09.25-21.13.59:416][  0]LogInit: Texture streaming: Enabled
[2020.09.25-21.13.59:443][  0]LogEngineSessionManager: EngineSessionManager initialized
[2020.09.25-21.13.59:443][  0]LogEditorSessionSummary: Verbose: Initializing EditorSessionSummaryWriter for editor session tracking
[2020.09.25-21.13.59:445][  0]LogEditorSessionSummary: EditorSessionSummaryWriter initialized
[2020.09.25-21.13.59:527][  0]LogInit: Transaction tracking system initialized
[2020.09.25-21.13.59:557][  0]BlueprintLog: New page: Editor Load
[2020.09.25-21.13.59:659][  0]LocalizationService: Localization service is disabled
[2020.09.25-21.13.59:894][  0]LogCook: Display: Max memory allowance for cook 16384mb min free memory 0mb
[2020.09.25-21.13.59:894][  0]LogCook: Display: Mobile HDR setting 0
[2020.09.25-21.14.00:098][  0]LogFileCache: Scanning file cache for directory 'D:/GitHub/Unreal_OculusVR/Oculus_Unreal/Content/' took 0.02s
[2020.09.25-21.14.00:412][  0]SourceControl: Source control is disabled
[2020.09.25-21.14.00:412][  0]LogUnrealEdMisc: Loading editor; pre map load, took 11.643
[2020.09.25-21.14.00:412][  0]Cmd: MAP LOAD FILE="../../../../Unreal_OculusVR/Oculus_Unreal/Content/VirtualRealityBP/Maps/MotionControllerMap.umap" TEMPLATE=0 SHOWPROGRESS=1 FEATURELEVEL=3
[2020.09.25-21.14.00:412][  0]LightingResults: New page: Lighting Build
[2020.09.25-21.14.00:413][  0]LogWorld: UWorld::CleanupWorld for Untitled, bSessionEnded=true, bCleanupResources=true
[2020.09.25-21.14.00:413][  0]LogSlate: InvalidateAllWidgets triggered.  All widgets were invalidated
[2020.09.25-21.14.00:414][  0]MapCheck: New page: Map Check
[2020.09.25-21.14.00:414][  0]LightingResults: New page: Lighting Build
[2020.09.25-21.14.00:428][  0]LogAISub: UAISubsystem::~UAISubsystem EnvQueryManager (00000219780D5200), frame # 0
[2020.09.25-21.14.00:428][  0]LogAISub: UAISubsystem::~UAISubsystem AIPerceptionSystem (000002197810C900), frame # 0
[2020.09.25-21.14.00:430][  0]LogUObjectHash: Compacting FUObjectHashTables data took   1.65ms
[2020.09.25-21.14.01:269][  0]LogAIModule: Creating AISystem for world MotionControllerMap
[2020.09.25-21.14.01:269][  0]LogAISub: UAISubsystem::UAISubsystem EnvQueryManager (0000021904997E00), frame # 0
[2020.09.25-21.14.01:269][  0]LogAISub: UAISubsystem::UAISubsystem AIPerceptionSystem (000002190B559080), frame # 0
[2020.09.25-21.14.01:282][  0]LogEditorServer: Finished looking for orphan Actors (0.000 secs)
[2020.09.25-21.14.01:312][  0]LogUObjectHash: Compacting FUObjectHashTables data took   2.48ms
[2020.09.25-21.14.01:312][  0]Cmd: MAP CHECKDEP NOCLEARLOG
[2020.09.25-21.14.01:312][  0]MapCheck: Map check complete: 0 Error(s), 0 Warning(s), took 0.16ms to complete.
[2020.09.25-21.14.01:312][  0]LogFileHelpers: Loading map 'MotionControllerMap' took 0.900
[2020.09.25-21.14.01:317][  0]LogUnrealEdMisc: Total Editor Startup Time, took 12.548
[2020.09.25-21.14.01:492][  0]LogSlate: Updating window title bar state: overlay mode, drag disabled, window buttons hidden, title bar hidden
[2020.09.25-21.14.01:501][  0]LogSlate: Updating window title bar state: overlay mode, drag disabled, window buttons hidden, title bar hidden
[2020.09.25-21.14.01:510][  0]LogSlate: Updating window title bar state: overlay mode, drag disabled, window buttons hidden, title bar hidden
[2020.09.25-21.14.01:528][  0]LogSlate: Updating window title bar state: overlay mode, drag disabled, window buttons hidden, title bar hidden
[2020.09.25-21.14.01:544][  0]LogCollectionManager: Loaded 0 collections in 0.003406 seconds
[2020.09.25-21.14.01:568][  0]LogFileCache: Scanning file cache for directory 'D:/GitHub/Unreal_OculusVR/Oculus_Unreal/Saved/Collections/' took 0.00s
[2020.09.25-21.14.01:568][  0]LogFileCache: Scanning file cache for directory 'D:/GitHub/Unreal_OculusVR/Oculus_Unreal/Content/Developers/krist/Collections/' took 0.00s
[2020.09.25-21.14.01:568][  0]LogFileCache: Scanning file cache for directory 'D:/GitHub/Unreal_OculusVR/Oculus_Unreal/Content/Collections/' took 0.00s
[2020.09.25-21.14.01:568][  0]LogContentBrowser: Native class hierarchy populated in 0.0123 seconds. Added 3434 classes and 824 folders.
[2020.09.25-21.14.01:574][  0]LogContentBrowser: Native class hierarchy updated for 'WidgetCarousel' in 0.0005 seconds. Added 0 classes and 0 folders.
[2020.09.25-21.14.01:695][  0]LogContentBrowser: Native class hierarchy updated for 'AddContentDialog' in 0.0003 seconds. Added 0 classes and 0 folders.
[2020.09.25-21.14.01:696][  0]LogContentBrowser: Native class hierarchy updated for 'SceneOutliner' in 0.0003 seconds. Added 2 classes and 0 folders.
[2020.09.25-21.14.01:818][  0]LogSlate: Took 0.000277 seconds to synchronously load lazily loaded font '../../../Engine/Content/Slate/Fonts/Roboto-Regular.ttf' (155K)
[2020.09.25-21.14.01:819][  0]LogSlate: Took 0.000220 seconds to synchronously load lazily loaded font '../../../Engine/Content/Slate/Fonts/Roboto-Bold.ttf' (160K)
[2020.09.25-21.14.01:824][  0]LogSlate: Took 0.000485 seconds to synchronously load lazily loaded font '../../../Engine/Content/Editor/Slate/Fonts/FontAwesome.ttf' (139K)
[2020.09.25-21.14.01:913][  0]LogRenderer: Reallocating scene render targets to support 1616x808 Format 26 NumSamples 4 (Frame:1).
[2020.09.25-21.14.02:074][  0]LogContentBrowser: Native class hierarchy updated for 'HierarchicalLODOutliner' in 0.0004 seconds. Added 0 classes and 0 folders.
[2020.09.25-21.14.02:074][  0]LogLoad: (Engine Initialization) Total time: 13.30 seconds
[2020.09.25-21.14.02:074][  0]LogLoad: (Engine Initialization) Total Blueprint compile time: 0.00 seconds
[2020.09.25-21.14.02:103][  0]LogOcInput: OculusInput is initialized
[2020.09.25-21.14.02:153][  0]LogAssetRegistry: Asset discovery search completed in 6.6567 seconds
[2020.09.25-21.14.02:162][  0]LogCollectionManager: Fixed up redirectors for 0 collections in 0.000004 seconds (updated 0 objects)
[2020.09.25-21.14.02:165][  0]LogContentStreaming: Texture pool size now 1000 MB
[2020.09.25-21.14.02:206][  0]LogSlate: Took 0.000620 seconds to synchronously load lazily loaded font '../../../Engine/Content/Slate/Fonts/Roboto-Light.ttf' (167K)
[2020.09.25-21.14.03:129][ 53]LogSlate: Took 0.000545 seconds to synchronously load lazily loaded font '../../../Engine/Content/Slate/Fonts/Roboto-Light.ttf' (167K)
[2020.09.25-21.14.10:756][493]LogAssetEditorSubsystem: Opening Asset editor for Blueprint /Game/Darts/Characters/VRPawn/MotionControllerPawn_Darts.MotionControllerPawn_Darts
[2020.09.25-21.14.10:994][493]LogEnum: Warning: Enum name collision: 'GripEnum::NewEnumerator0' is in both '/Game/Darts/Characters/VRPawn/GripEnum.GripEnum' and '/Game/VirtualRealityBP/Blueprints/GripEnum.GripEnum'
[2020.09.25-21.14.10:994][493]LogEnum: Warning: Enum name collision: 'GripEnum::NewEnumerator1' is in both '/Game/Darts/Characters/VRPawn/GripEnum.GripEnum' and '/Game/VirtualRealityBP/Blueprints/GripEnum.GripEnum'
[2020.09.25-21.14.10:994][493]LogEnum: Warning: Enum name collision: 'GripEnum::NewEnumerator2' is in both '/Game/Darts/Characters/VRPawn/GripEnum.GripEnum' and '/Game/VirtualRealityBP/Blueprints/GripEnum.GripEnum'
[2020.09.25-21.14.10:994][493]LogEnum: Warning: Enum name collision: 'GripEnum::NewEnumerator0' is in both '/Game/Darts/Characters/VRPawn/GripEnum.GripEnum' and '/Game/VirtualRealityBP/Blueprints/GripEnum.GripEnum'
[2020.09.25-21.14.10:994][493]LogEnum: Warning: Enum name collision: 'GripEnum::NewEnumerator1' is in both '/Game/Darts/Characters/VRPawn/GripEnum.GripEnum' and '/Game/VirtualRealityBP/Blueprints/GripEnum.GripEnum'
[2020.09.25-21.14.10:994][493]LogEnum: Warning: Enum name collision: 'GripEnum::NewEnumerator2' is in both '/Game/Darts/Characters/VRPawn/GripEnum.GripEnum' and '/Game/VirtualRealityBP/Blueprints/GripEnum.GripEnum'
[2020.09.25-21.14.11:043][493]LogContentBrowser: Native class hierarchy updated for 'BlueprintGraph' in 0.0006 seconds. Added 125 classes and 0 folders.
[2020.09.25-21.14.12:232][493]LogAssetEditorSubsystem: Opening Asset editor for Blueprint /Game/Darts/Characters/VRPawn/BP_MotionController.BP_MotionController
[2020.09.25-21.14.12:823][493]LogSlate: Took 0.000457 seconds to synchronously load lazily loaded font '../../../Engine/Content/Slate/Fonts/Roboto-BoldCondensed.ttf' (158K)
[2020.09.25-21.14.13:089][494]LogSlate: Took 0.001400 seconds to synchronously load lazily loaded font '../../../Engine/Content/Slate/Fonts/Roboto-Italic.ttf' (157K)
