Log file open, 09/25/20 10:49:21
LogInit: Display: Running engine for game: Oculus_Unreal
LogPlatformFile: Not using cached read wrapper
LogTaskGraph: Started task graph with 5 named threads and 35 total threads with 3 sets of task threads.
LogStats: Stats thread started at 0.291432
LogD3D11RHI: Loaded GFSDK_Aftermath_Lib.x64.dll
LogICUInternationalization: ICU TimeZone Detection - Raw Offset: -8:00, Platform Override: ''
LogPluginManager: Mounting plugin Paper2D
LogPluginManager: Mounting plugin AISupport
LogPluginManager: Mounting plugin LightPropagationVolume
LogPluginManager: Mounting plugin CameraShakePreviewer
LogPluginManager: Mounting plugin ActorLayerUtilities
LogPluginManager: Mounting plugin AnimationSharing
LogPluginManager: Mounting plugin CLionSourceCodeAccess
LogPluginManager: Mounting plugin CodeLiteSourceCodeAccess
LogPluginManager: Mounting plugin GitSourceControl
LogPluginManager: Mounting plugin KDevelopSourceCodeAccess
LogPluginManager: Mounting plugin NullSourceCodeAccess
LogPluginManager: Mounting plugin PerforceSourceControl
LogPluginManager: Mounting plugin PlasticSourceControl
LogPluginManager: Mounting plugin RiderSourceCodeAccess
LogPluginManager: Mounting plugin SubversionSourceControl
LogPluginManager: Mounting plugin UObjectPlugin
LogPluginManager: Mounting plugin VisualStudioCodeSourceCodeAccess
LogPluginManager: Mounting plugin VisualStudioSourceCodeAccess
LogPluginManager: Mounting plugin XCodeSourceCodeAccess
LogPluginManager: Mounting plugin AssetManagerEditor
LogPluginManager: Mounting plugin CryptoKeys
LogPluginManager: Mounting plugin CurveEditorTools
LogPluginManager: Mounting plugin DataValidation
LogPluginManager: Mounting plugin EditorScriptingUtilities
LogPluginManager: Mounting plugin FacialAnimation
LogPluginManager: Mounting plugin GameplayTagsEditor
LogPluginManager: Mounting plugin GeometryMode
LogPluginManager: Mounting plugin MacGraphicsSwitching
LogPluginManager: Mounting plugin MaterialAnalyzer
LogPluginManager: Mounting plugin MobileLauncherProfileWizard
LogPluginManager: Mounting plugin PluginBrowser
LogPluginManager: Mounting plugin SpeedTreeImporter
LogPluginManager: Mounting plugin DatasmithContent
LogPluginManager: Mounting plugin VariantManagerContent
LogPluginManager: Mounting plugin AlembicImporter
LogPluginManager: Mounting plugin AutomationUtils
LogPluginManager: Mounting plugin BackChannel
LogPluginManager: Mounting plugin ChaosCloth
LogPluginManager: Mounting plugin ChaosClothEditor
LogPluginManager: Mounting plugin ChaosEditor
LogPluginManager: Mounting plugin ChaosNiagara
LogPluginManager: Mounting plugin ChaosSolverPlugin
LogPluginManager: Mounting plugin CharacterAI
LogPluginManager: Mounting plugin GeometryCache
LogPluginManager: Mounting plugin GeometryCollectionPlugin
LogPluginManager: Mounting plugin GeometryProcessing
LogPluginManager: Mounting plugin PlanarCut
LogPluginManager: Mounting plugin PlatformCrypto
LogPluginManager: Mounting plugin ProxyLODPlugin
LogPluginManager: Mounting plugin SkeletalReduction
LogPluginManager: Mounting plugin Niagara
LogPluginManager: Mounting plugin MagicLeap
LogPluginManager: Mounting plugin MagicLeapLightEstimation
LogPluginManager: Mounting plugin MagicLeapMedia
LogPluginManager: Mounting plugin MagicLeapPassableWorld
LogPluginManager: Mounting plugin MLSDK
LogPluginManager: Mounting plugin AndroidMedia
LogPluginManager: Mounting plugin AvfMedia
LogPluginManager: Mounting plugin ImgMedia
LogPluginManager: Mounting plugin MediaCompositing
LogPluginManager: Mounting plugin MediaPlayerEditor
LogPluginManager: Mounting plugin WebMMedia
LogPluginManager: Mounting plugin WmfMedia
LogPluginManager: Mounting plugin MeshPainting
LogPluginManager: Mounting plugin TcpMessaging
LogPluginManager: Mounting plugin UdpMessaging
LogPluginManager: Mounting plugin ActorSequence
LogPluginManager: Mounting plugin LevelSequenceEditor
LogPluginManager: Mounting plugin MatineeToLevelSequence
LogPluginManager: Mounting plugin MovieRenderPipeline
LogPluginManager: Mounting plugin TemplateSequence
LogPluginManager: Mounting plugin NetcodeUnitTest
LogPluginManager: Mounting plugin NUTUnrealEngine4
LogPluginManager: Mounting plugin OnlineSubsystem
LogPluginManager: Mounting plugin OnlineSubsystemOculus
LogPluginManager: Mounting plugin OnlineSubsystemUtils
LogPluginManager: Mounting plugin LauncherChunkInstaller
LogPluginManager: Mounting plugin AndroidDeviceProfileSelector
LogPluginManager: Mounting plugin AndroidMoviePlayer
LogPluginManager: Mounting plugin AndroidPermission
LogPluginManager: Mounting plugin AppleImageUtils
LogPluginManager: Mounting plugin AppleMoviePlayer
LogPluginManager: Mounting plugin ArchVisCharacter
LogPluginManager: Mounting plugin AssetTags
LogPluginManager: Mounting plugin AudioCapture
LogPluginManager: Mounting plugin CableComponent
LogPluginManager: Mounting plugin CustomMeshComponent
LogPluginManager: Mounting plugin EditableMesh
LogPluginManager: Mounting plugin ExampleDeviceProfileSelector
LogPluginManager: Mounting plugin GoogleCloudMessaging
LogPluginManager: Mounting plugin GooglePAD
LogPluginManager: Mounting plugin IOSDeviceProfileSelector
LogPluginManager: Mounting plugin LinuxDeviceProfileSelector
LogPluginManager: Mounting plugin LocationServicesBPLibrary
LogPluginManager: Mounting plugin MobilePatchingUtils
LogPluginManager: Mounting plugin OculusVR
LogPluginManager: Mounting plugin PhysXVehicles
LogPluginManager: Mounting plugin PostSplashScreen
LogPluginManager: Mounting plugin ProceduralMeshComponent
LogPluginManager: Mounting plugin RuntimePhysXCooking
LogPluginManager: Mounting plugin SignificanceManager
LogPluginManager: Mounting plugin SoundFields
LogPluginManager: Mounting plugin SteamVR
LogPluginManager: Mounting plugin Synthesis
LogPluginManager: Mounting plugin WebMMoviePlayer
LogPluginManager: Mounting plugin WindowsMoviePlayer
LogPluginManager: Mounting plugin ScreenshotTools
LogInit: Using libcurl 7.55.1-DEV
LogInit:  - built for x86_64-pc-win32
LogInit:  - supports SSL with OpenSSL/1.1.1
LogInit:  - supports HTTP deflate (compression) using libz 1.2.8
LogInit:  - other features:
LogInit:      CURL_VERSION_SSL
LogInit:      CURL_VERSION_LIBZ
LogInit:      CURL_VERSION_IPV6
LogInit:      CURL_VERSION_ASYNCHDNS
LogInit:      CURL_VERSION_LARGEFILE
LogInit:      CURL_VERSION_IDN
LogInit:  CurlRequestOptions (configurable via config and command line):
LogInit:  - bVerifyPeer = true  - Libcurl will verify peer certificate
LogInit:  - bUseHttpProxy = false  - Libcurl will NOT use HTTP proxy
LogInit:  - bDontReuseConnections = false  - Libcurl will reuse connections
LogInit:  - MaxHostConnections = 16  - Libcurl will limit the number of connections to a host
LogInit:  - LocalHostAddr = Default
LogInit:  - BufferSize = 65536
LogOnline: Oculus: Oculus Startup!
LogOnline: OSS: Creating online subsystem instance for: Oculus
LogOnline: Display: Oculus: FOnlineSubsystemOculus::InitWithWindowsPlatform()
LogOnline: OSS: TryLoadSubsystemAndSetDefault: Loaded subsystem for module [Oculus]
LogOculusPluginWrapper: OculusPlugin initialized successfully
LogHMD: FOculusHMDModule PreInit successfully
LogInit: Build: ++UE4+Partner-Oculus-4.25-CL-0
LogInit: Engine Version: 4.25.3-0+++UE4+Partner-Oculus-4.25
LogInit: Compatible Engine Version: 4.25.3-0+++UE4+Partner-Oculus-4.25
LogInit: Net CL: 0
LogInit: OS: Windows 10 (Release 1909) (), CPU: Intel(R) Core(TM) i7-9750H CPU @ 2.60GHz, GPU: Intel(R) UHD Graphics 630
LogInit: Compiled (64-bit): Sep 21 2020 13:07:27
LogInit: Compiled with Visual C++: 19.16.27032.01
LogInit: Build Configuration: Development
LogInit: Branch Name: ++UE4+Partner-Oculus-4.25
LogInit: Command Line: 
LogInit: Base Directory: D:/GitHub/UnrealEngine/Engine/Binaries/Win64/
LogInit: Allocator: TBB
LogInit: Installed Engine Build: 0
LogDevObjectVersion: Number of dev versions registered: 26
LogDevObjectVersion:   Dev-Blueprints (B0D832E4-1F89-4F0D-ACCF-7EB736FD4AA2): 10
LogDevObjectVersion:   Dev-Build (E1C64328-A22C-4D53-A36C-8E866417BD8C): 0
LogDevObjectVersion:   Dev-Core (375EC13C-06E4-48FB-B500-84F0262A717E): 4
LogDevObjectVersion:   Dev-Editor (E4B068ED-F494-42E9-A231-DA0B2E46BB41): 38
LogDevObjectVersion:   Dev-Framework (CFFC743F-43B0-4480-9391-14DF171D2073): 37
LogDevObjectVersion:   Dev-Mobile (B02B49B5-BB20-44E9-A304-32B752E40360): 2
LogDevObjectVersion:   Dev-Networking (A4E4105C-59A1-49B5-A7C5-40C4547EDFEE): 0
LogDevObjectVersion:   Dev-Online (39C831C9-5AE6-47DC-9A44-9C173E1C8E7C): 0
LogDevObjectVersion:   Dev-Physics (78F01B33-EBEA-4F98-B9B4-84EACCB95AA2): 4
LogDevObjectVersion:   Dev-Platform (6631380F-2D4D-43E0-8009-CF276956A95A): 0
LogDevObjectVersion:   Dev-Rendering (12F88B9F-8875-4AFC-A67C-D90C383ABD29): 43
LogDevObjectVersion:   Dev-Sequencer (7B5AE74C-D270-4C10-A958-57980B212A5A): 12
LogDevObjectVersion:   Dev-VR (D7296918-1DD6-4BDD-9DE2-64A83CC13884): 3
LogDevObjectVersion:   Dev-LoadTimes (C2A15278-BFE7-4AFE-6C17-90FF531DF755): 1
LogDevObjectVersion:   Private-Geometry (6EACA3D4-40EC-4CC1-B786-8BED09428FC5): 3
LogDevObjectVersion:   Dev-AnimPhys (29E575DD-E0A3-4627-9D10-D276232CDCEA): 17
LogDevObjectVersion:   Dev-Anim (AF43A65D-7FD3-4947-9873-3E8ED9C1BB05): 7
LogDevObjectVersion:   Dev-ReflectionCapture (6B266CEC-1EC7-4B8F-A30B-E4D90942FC07): 1
LogDevObjectVersion:   Dev-Automation (0DF73D61-A23F-47EA-B727-89E90C41499A): 1
LogDevObjectVersion:   FortniteMain (601D1886-AC64-4F84-AA16-D3DE0DEAC7D6): 31
LogDevObjectVersion:   Dev-Enterprise (9DFFBCD6-494F-0158-E221-12823C92A888): 10
LogDevObjectVersion:   Dev-Niagara (F2AED0AC-9AFE-416F-8664-AA7FFA26D6FC): 1
LogDevObjectVersion:   Dev-Destruction (174F1F0B-B4C6-45A5-B13F-2EE8D0FB917D): 10
LogDevObjectVersion:   Dev-Physics-Ext (35F94A83-E258-406C-A318-09F59610247C): 37
LogDevObjectVersion:   Dev-PhysicsMaterial-Chaos (B68FC16E-8B1B-42E2-B453-215C058844FE): 1
LogDevObjectVersion:   Dev-CineCamera (B2E18506-4273-CFC2-A54E-F4BB758BBA07): 1
LogInit: Presizing for max 25165824 objects, including 0 objects not considered by GC, pre-allocating 0 bytes for permanent pool.
LogConfig: Applying CVar settings from Section [/Script/Engine.StreamingSettings] File [E:/New folder/Oculus_Unreal/Saved/Config/Windows/Engine.ini]
LogConfig: Setting CVar [[s.MinBulkDataSizeForAsyncLoading:131072]]
LogConfig: Setting CVar [[s.AsyncLoadingThreadEnabled:0]]
LogConfig: Setting CVar [[s.EventDrivenLoaderEnabled:1]]
LogConfig: Setting CVar [[s.WarnIfTimeLimitExceeded:0]]
LogConfig: Setting CVar [[s.TimeLimitExceededMultiplier:1.5]]
LogConfig: Setting CVar [[s.TimeLimitExceededMinTime:0.005]]
LogConfig: Setting CVar [[s.UseBackgroundLevelStreaming:1]]
LogConfig: Setting CVar [[s.PriorityAsyncLoadingExtraTime:15.0]]
LogConfig: Setting CVar [[s.LevelStreamingActorsUpdateTimeLimit:5.0]]
LogConfig: Setting CVar [[s.PriorityLevelStreamingActorsUpdateExtraTime:5.0]]
LogConfig: Setting CVar [[s.LevelStreamingComponentsRegistrationGranularity:10]]
LogConfig: Setting CVar [[s.UnregisterComponentsTimeLimit:1.0]]
LogConfig: Setting CVar [[s.LevelStreamingComponentsUnregistrationGranularity:5]]
LogConfig: Setting CVar [[s.FlushStreamingOnExit:1]]
LogInit: Object subsystem initialized
LogConfig: Setting CVar [[con.DebugEarlyDefault:1]]
LogConfig: Setting CVar [[r.setres:1280x720]]
[2020.09.25-17.49.24:798][  0]LogConfig: Setting CVar [[r.VSync:0]]
[2020.09.25-17.49.24:798][  0]LogConfig: Setting CVar [[r.RHICmdBypass:0]]
[2020.09.25-17.49.24:798][  0]LogConfig: Applying CVar settings from Section [/Script/Engine.RendererSettings] File [E:/New folder/Oculus_Unreal/Saved/Config/Windows/Engine.ini]
[2020.09.25-17.49.24:798][  0]LogConfig: Setting CVar [[r.GPUCrashDebugging:0]]
[2020.09.25-17.49.24:798][  0]LogConfig: Setting CVar [[r.DefaultFeature.AmbientOcclusion:0]]
[2020.09.25-17.49.24:798][  0]LogConfig: Setting CVar [[r.DefaultFeature.AmbientOcclusionStaticFraction:0]]
[2020.09.25-17.49.24:798][  0]LogConfig: Setting CVar [[vr.InstancedStereo:1]]
[2020.09.25-17.49.24:798][  0]LogConfig: Setting CVar [[r.SeparateTranslucency:0]]
[2020.09.25-17.49.24:798][  0]LogConfig: Setting CVar [[r.HZBOcclusion:0]]
[2020.09.25-17.49.24:798][  0]LogConfig: Setting CVar [[r.SSR.MaxRoughness:0]]
[2020.09.25-17.49.24:798][  0]LogConfig: Setting CVar [[r.rhicmdbypass:0]]
[2020.09.25-17.49.24:798][  0]LogConfig: Setting CVar [[r.ForwardShading:1]]
[2020.09.25-17.49.24:799][  0]LogConfig: Setting CVar [[r.DefaultFeature.MotionBlur:0]]
[2020.09.25-17.49.24:799][  0]LogConfig: Setting CVar [[r.DefaultFeature.AntiAliasing:3]]
[2020.09.25-17.49.24:799][  0]LogConfig: Setting CVar [[r.MobileHDR:0]]
[2020.09.25-17.49.24:799][  0]LogConfig: Setting CVar [[vr.MobileMultiView:1]]
[2020.09.25-17.49.24:799][  0]LogConfig: Applying CVar settings from Section [/Script/Engine.RendererOverrideSettings] File [E:/New folder/Oculus_Unreal/Saved/Config/Windows/Engine.ini]
[2020.09.25-17.49.24:799][  0]LogConfig: Applying CVar settings from Section [/Script/Engine.StreamingSettings] File [E:/New folder/Oculus_Unreal/Saved/Config/Windows/Engine.ini]
[2020.09.25-17.49.24:799][  0]LogConfig: Setting CVar [[s.MinBulkDataSizeForAsyncLoading:131072]]
[2020.09.25-17.49.24:799][  0]LogConfig: Setting CVar [[s.AsyncLoadingThreadEnabled:0]]
[2020.09.25-17.49.24:799][  0]LogConfig: Setting CVar [[s.EventDrivenLoaderEnabled:1]]
[2020.09.25-17.49.24:799][  0]LogConfig: Setting CVar [[s.WarnIfTimeLimitExceeded:0]]
[2020.09.25-17.49.24:799][  0]LogConfig: Setting CVar [[s.TimeLimitExceededMultiplier:1.5]]
[2020.09.25-17.49.24:799][  0]LogConfig: Setting CVar [[s.TimeLimitExceededMinTime:0.005]]
[2020.09.25-17.49.24:799][  0]LogConfig: Setting CVar [[s.UseBackgroundLevelStreaming:1]]
[2020.09.25-17.49.24:799][  0]LogConfig: Setting CVar [[s.PriorityAsyncLoadingExtraTime:15.0]]
[2020.09.25-17.49.24:799][  0]LogConfig: Setting CVar [[s.LevelStreamingActorsUpdateTimeLimit:5.0]]
[2020.09.25-17.49.24:799][  0]LogConfig: Setting CVar [[s.PriorityLevelStreamingActorsUpdateExtraTime:5.0]]
[2020.09.25-17.49.24:799][  0]LogConfig: Setting CVar [[s.LevelStreamingComponentsRegistrationGranularity:10]]
[2020.09.25-17.49.24:799][  0]LogConfig: Setting CVar [[s.UnregisterComponentsTimeLimit:1.0]]
[2020.09.25-17.49.24:799][  0]LogConfig: Setting CVar [[s.LevelStreamingComponentsUnregistrationGranularity:5]]
[2020.09.25-17.49.24:799][  0]LogConfig: Setting CVar [[s.FlushStreamingOnExit:1]]
[2020.09.25-17.49.24:799][  0]LogConfig: Applying CVar settings from Section [/Script/Engine.GarbageCollectionSettings] File [E:/New folder/Oculus_Unreal/Saved/Config/Windows/Engine.ini]
[2020.09.25-17.49.24:799][  0]LogConfig: Setting CVar [[gc.MaxObjectsNotConsideredByGC:1]]
[2020.09.25-17.49.24:799][  0]LogConfig: Setting CVar [[gc.SizeOfPermanentObjectPool:0]]
[2020.09.25-17.49.24:799][  0]LogConfig: Setting CVar [[gc.FlushStreamingOnGC:0]]
[2020.09.25-17.49.24:799][  0]LogConfig: Setting CVar [[gc.NumRetriesBeforeForcingGC:10]]
[2020.09.25-17.49.24:799][  0]LogConfig: Setting CVar [[gc.AllowParallelGC:1]]
[2020.09.25-17.49.24:799][  0]LogConfig: Setting CVar [[gc.TimeBetweenPurgingPendingKillObjects:61.1]]
[2020.09.25-17.49.24:799][  0]LogConfig: Setting CVar [[gc.MaxObjectsInEditor:25165824]]
[2020.09.25-17.49.24:799][  0]LogConfig: Setting CVar [[gc.IncrementalBeginDestroyEnabled:1]]
[2020.09.25-17.49.24:799][  0]LogConfig: Setting CVar [[gc.CreateGCClusters:1]]
[2020.09.25-17.49.24:799][  0]LogConfig: Setting CVar [[gc.MinGCClusterSize:5]]
[2020.09.25-17.49.24:799][  0]LogConfig: Setting CVar [[gc.ActorClusteringEnabled:0]]
[2020.09.25-17.49.24:799][  0]LogConfig: Setting CVar [[gc.BlueprintClusteringEnabled:0]]
[2020.09.25-17.49.24:799][  0]LogConfig: Setting CVar [[gc.UseDisregardForGCOnDedicatedServers:0]]
[2020.09.25-17.49.24:799][  0]LogConfig: Applying CVar settings from Section [/Script/Engine.NetworkSettings] File [E:/New folder/Oculus_Unreal/Saved/Config/Windows/Engine.ini]
[2020.09.25-17.49.24:799][  0]LogConfig: Applying CVar settings from Section [/Script/UnrealEd.CookerSettings] File [E:/New folder/Oculus_Unreal/Saved/Config/Windows/Engine.ini]
[2020.09.25-17.49.24:803][  0]LogConfig: Applying CVar settings from Section [ViewDistanceQuality@3] File [E:/New folder/Oculus_Unreal/Saved/Config/Windows/Scalability.ini]
[2020.09.25-17.49.24:803][  0]LogConfig: Setting CVar [[r.SkeletalMeshLODBias:0]]
[2020.09.25-17.49.24:803][  0]LogConfig: Setting CVar [[r.ViewDistanceScale:1.0]]
[2020.09.25-17.49.24:803][  0]LogConfig: Applying CVar settings from Section [AntiAliasingQuality@3] File [E:/New folder/Oculus_Unreal/Saved/Config/Windows/Scalability.ini]
[2020.09.25-17.49.24:803][  0]LogConfig: Setting CVar [[r.PostProcessAAQuality:3]]
[2020.09.25-17.49.24:803][  0]LogConfig: Applying CVar settings from Section [ShadowQuality@3] File [E:/New folder/Oculus_Unreal/Saved/Config/Windows/Scalability.ini]
[2020.09.25-17.49.24:803][  0]LogConfig: Setting CVar [[r.LightFunctionQuality:1]]
[2020.09.25-17.49.24:803][  0]LogConfig: Setting CVar [[r.ShadowQuality:5]]
[2020.09.25-17.49.24:803][  0]LogConfig: Setting CVar [[r.Shadow.CSM.MaxCascades:10]]
[2020.09.25-17.49.24:803][  0]LogConfig: Setting CVar [[r.Shadow.MaxResolution:2048]]
[2020.09.25-17.49.24:803][  0]LogConfig: Setting CVar [[r.Shadow.MaxCSMResolution:2048]]
[2020.09.25-17.49.24:803][  0]LogConfig: Setting CVar [[r.Shadow.RadiusThreshold:0.01]]
[2020.09.25-17.49.24:803][  0]LogConfig: Setting CVar [[r.Shadow.DistanceScale:1.0]]
[2020.09.25-17.49.24:803][  0]LogConfig: Setting CVar [[r.Shadow.CSM.TransitionScale:1.0]]
[2020.09.25-17.49.24:803][  0]LogConfig: Setting CVar [[r.Shadow.PreShadowResolutionFactor:1.0]]
[2020.09.25-17.49.24:803][  0]LogConfig: Setting CVar [[r.DistanceFieldShadowing:1]]
[2020.09.25-17.49.24:803][  0]LogConfig: Setting CVar [[r.DistanceFieldAO:1]]
[2020.09.25-17.49.24:803][  0]LogConfig: Setting CVar [[r.AOQuality:2]]
[2020.09.25-17.49.24:803][  0]LogConfig: Setting CVar [[r.VolumetricFog:1]]
[2020.09.25-17.49.24:803][  0]LogConfig: Setting CVar [[r.VolumetricFog.GridPixelSize:8]]
[2020.09.25-17.49.24:803][  0]LogConfig: Setting CVar [[r.VolumetricFog.GridSizeZ:128]]
[2020.09.25-17.49.24:803][  0]LogConfig: Setting CVar [[r.VolumetricFog.HistoryMissSupersampleCount:4]]
[2020.09.25-17.49.24:803][  0]LogConfig: Setting CVar [[r.LightMaxDrawDistanceScale:1]]
[2020.09.25-17.49.24:803][  0]LogConfig: Setting CVar [[r.CapsuleShadows:1]]
[2020.09.25-17.49.24:803][  0]LogConfig: Applying CVar settings from Section [PostProcessQuality@3] File [E:/New folder/Oculus_Unreal/Saved/Config/Windows/Scalability.ini]
[2020.09.25-17.49.24:803][  0]LogConfig: Setting CVar [[r.MotionBlurQuality:0]]
[2020.09.25-17.49.24:803][  0]LogConfig: Setting CVar [[r.AmbientOcclusionMipLevelFactor:0.4]]
[2020.09.25-17.49.24:803][  0]LogConfig: Setting CVar [[r.AmbientOcclusionMaxQuality:100]]
[2020.09.25-17.49.24:803][  0]LogConfig: Setting CVar [[r.AmbientOcclusionLevels:0]]
[2020.09.25-17.49.24:803][  0]LogConfig: Setting CVar [[r.AmbientOcclusionRadiusScale:1.0]]
[2020.09.25-17.49.24:803][  0]LogConfig: Setting CVar [[r.DepthOfFieldQuality:0]]
[2020.09.25-17.49.24:803][  0]LogConfig: Setting CVar [[r.RenderTargetPoolMin:400]]
[2020.09.25-17.49.24:803][  0]LogConfig: Setting CVar [[r.LensFlareQuality:0]]
[2020.09.25-17.49.24:803][  0]LogConfig: Setting CVar [[r.SceneColorFringeQuality:0]]
[2020.09.25-17.49.24:803][  0]LogConfig: Setting CVar [[r.EyeAdaptationQuality:2]]
[2020.09.25-17.49.24:803][  0]LogConfig: Setting CVar [[r.BloomQuality:1]]
[2020.09.25-17.49.24:803][  0]LogConfig: Setting CVar [[r.FastBlurThreshold:0]]
[2020.09.25-17.49.24:803][  0]LogConfig: Setting CVar [[r.Upscale.Quality:3]]
[2020.09.25-17.49.24:803][  0]LogConfig: Setting CVar [[r.Tonemapper.GrainQuantization:1]]
[2020.09.25-17.49.24:803][  0]LogConfig: Setting CVar [[r.LightShaftQuality:1]]
[2020.09.25-17.49.24:803][  0]LogConfig: Setting CVar [[r.Filter.SizeScale:1]]
[2020.09.25-17.49.24:803][  0]LogConfig: Setting CVar [[r.Tonemapper.Quality:5]]
[2020.09.25-17.49.24:803][  0]LogConfig: Setting CVar [[r.DOF.Gather.AccumulatorQuality:1        ; higher gathering accumulator quality]]
[2020.09.25-17.49.24:804][  0]LogConfig: Setting CVar [[r.DOF.Gather.PostfilterMethod:1          ; Median3x3 postfilering method]]
[2020.09.25-17.49.24:804][  0]LogConfig: Setting CVar [[r.DOF.Gather.EnableBokehSettings:0       ; no bokeh simulation when gathering]]
[2020.09.25-17.49.24:804][  0]LogConfig: Setting CVar [[r.DOF.Gather.RingCount:4                 ; medium number of samples when gathering]]
[2020.09.25-17.49.24:804][  0]LogConfig: Setting CVar [[r.DOF.Scatter.ForegroundCompositing:1    ; additive foreground scattering]]
[2020.09.25-17.49.24:804][  0]LogConfig: Setting CVar [[r.DOF.Scatter.BackgroundCompositing:2    ; additive background scattering]]
[2020.09.25-17.49.24:804][  0]LogConfig: Setting CVar [[r.DOF.Scatter.EnableBokehSettings:1      ; bokeh simulation when scattering]]
[2020.09.25-17.49.24:804][  0]LogConfig: Setting CVar [[r.DOF.Scatter.MaxSpriteRatio:0.1         ; only a maximum of 10% of scattered bokeh]]
[2020.09.25-17.49.24:804][  0]LogConfig: Setting CVar [[r.DOF.Recombine.Quality:1                ; cheap slight out of focus]]
[2020.09.25-17.49.24:804][  0]LogConfig: Setting CVar [[r.DOF.Recombine.EnableBokehSettings:0    ; no bokeh simulation on slight out of focus]]
[2020.09.25-17.49.24:804][  0]LogConfig: Setting CVar [[r.DOF.TemporalAAQuality:1                ; more stable temporal accumulation]]
[2020.09.25-17.49.24:804][  0]LogConfig: Setting CVar [[r.DOF.Kernel.MaxForegroundRadius:0.025]]
[2020.09.25-17.49.24:804][  0]LogConfig: Setting CVar [[r.DOF.Kernel.MaxBackgroundRadius:0.025]]
[2020.09.25-17.49.24:804][  0]LogConfig: Applying CVar settings from Section [TextureQuality@3] File [E:/New folder/Oculus_Unreal/Saved/Config/Windows/Scalability.ini]
[2020.09.25-17.49.24:804][  0]LogConfig: Setting CVar [[r.Streaming.MipBias:0]]
[2020.09.25-17.49.24:804][  0]LogConfig: Setting CVar [[r.Streaming.AmortizeCPUToGPUCopy:0]]
[2020.09.25-17.49.24:804][  0]LogConfig: Setting CVar [[r.Streaming.MaxNumTexturesToStreamPerFrame:0]]
[2020.09.25-17.49.24:804][  0]LogConfig: Setting CVar [[r.Streaming.Boost:1]]
[2020.09.25-17.49.24:804][  0]LogConfig: Setting CVar [[r.MaxAnisotropy:8]]
[2020.09.25-17.49.24:804][  0]LogConfig: Setting CVar [[r.VT.MaxAnisotropy:8]]
[2020.09.25-17.49.24:804][  0]LogConfig: Setting CVar [[r.Streaming.LimitPoolSizeToVRAM:0]]
[2020.09.25-17.49.24:804][  0]LogConfig: Setting CVar [[r.Streaming.PoolSize:1000]]
[2020.09.25-17.49.24:804][  0]LogConfig: Setting CVar [[r.Streaming.MaxEffectiveScreenSize:0]]
[2020.09.25-17.49.24:804][  0]LogConfig: Applying CVar settings from Section [EffectsQuality@3] File [E:/New folder/Oculus_Unreal/Saved/Config/Windows/Scalability.ini]
[2020.09.25-17.49.24:804][  0]LogConfig: Setting CVar [[r.TranslucencyLightingVolumeDim:4]]
[2020.09.25-17.49.24:804][  0]LogConfig: Setting CVar [[r.RefractionQuality:2]]
[2020.09.25-17.49.24:804][  0]LogConfig: Setting CVar [[r.SSR.Quality:0]]
[2020.09.25-17.49.24:804][  0]LogConfig: Setting CVar [[r.SSR.HalfResSceneColor:0]]
[2020.09.25-17.49.24:804][  0]LogConfig: Setting CVar [[r.SceneColorFormat:2]]
[2020.09.25-17.49.24:804][  0]LogConfig: Setting CVar [[r.DetailMode:2]]
[2020.09.25-17.49.24:804][  0]LogConfig: Setting CVar [[r.TranslucencyVolumeBlur:0]]
[2020.09.25-17.49.24:804][  0]LogConfig: Setting CVar [[r.MaterialQualityLevel:1 ; High quality]]
[2020.09.25-17.49.24:804][  0]LogConfig: Setting CVar [[r.SSS.Scale:1]]
[2020.09.25-17.49.24:804][  0]LogConfig: Setting CVar [[r.SSS.SampleSet:2]]
[2020.09.25-17.49.24:804][  0]LogConfig: Setting CVar [[r.SSS.Quality:1]]
[2020.09.25-17.49.24:804][  0]LogConfig: Setting CVar [[r.SSS.HalfRes:0]]
[2020.09.25-17.49.24:804][  0]LogConfig: Setting CVar [[r.SSGI.Quality:3]]
[2020.09.25-17.49.24:804][  0]LogConfig: Setting CVar [[r.EmitterSpawnRateScale:1.0]]
[2020.09.25-17.49.24:804][  0]LogConfig: Setting CVar [[r.ParticleLightQuality:2]]
[2020.09.25-17.49.24:804][  0]LogConfig: Setting CVar [[r.SkyAtmosphere.AerialPerspectiveLUT.FastApplyOnOpaque:1 ; Always have FastSkyLUT 1 in this case to avoid wrong sky]]
[2020.09.25-17.49.24:804][  0]LogConfig: Setting CVar [[r.SkyAtmosphere.AerialPerspectiveLUT.SampleCountPerSlice:1]]
[2020.09.25-17.49.24:804][  0]LogConfig: Setting CVar [[r.SkyAtmosphere.AerialPerspectiveLUT.DepthResolution:16.0]]
[2020.09.25-17.49.24:804][  0]LogConfig: Setting CVar [[r.SkyAtmosphere.FastSkyLUT:1]]
[2020.09.25-17.49.24:804][  0]LogConfig: Setting CVar [[r.SkyAtmosphere.FastSkyLUT.SampleCountMin:4.0]]
[2020.09.25-17.49.24:804][  0]LogConfig: Setting CVar [[r.SkyAtmosphere.FastSkyLUT.SampleCountMax:32.0]]
[2020.09.25-17.49.24:804][  0]LogConfig: Setting CVar [[r.SkyAtmosphere.SampleCountMin:4.0]]
[2020.09.25-17.49.24:804][  0]LogConfig: Setting CVar [[r.SkyAtmosphere.SampleCountMax:32.0]]
[2020.09.25-17.49.24:804][  0]LogConfig: Setting CVar [[r.SkyAtmosphere.TransmittanceLUT.UseSmallFormat:0]]
[2020.09.25-17.49.24:804][  0]LogConfig: Setting CVar [[r.SkyAtmosphere.TransmittanceLUT.SampleCount:10.0]]
[2020.09.25-17.49.24:804][  0]LogConfig: Setting CVar [[r.SkyAtmosphere.MultiScatteringLUT.SampleCount:15.0]]
[2020.09.25-17.49.24:804][  0]LogConfig: Applying CVar settings from Section [FoliageQuality@3] File [E:/New folder/Oculus_Unreal/Saved/Config/Windows/Scalability.ini]
[2020.09.25-17.49.24:804][  0]LogConfig: Setting CVar [[foliage.DensityScale:1.0]]
[2020.09.25-17.49.24:804][  0]LogConfig: Setting CVar [[grass.DensityScale:1.0]]
[2020.09.25-17.49.24:804][  0]LogConfig: Applying CVar settings from Section [ShadingQuality@3] File [E:/New folder/Oculus_Unreal/Saved/Config/Windows/Scalability.ini]
[2020.09.25-17.49.24:804][  0]LogConfig: Setting CVar [[r.HairStrands.SkyLighting.SampleCount:16]]
[2020.09.25-17.49.24:804][  0]LogConfig: Setting CVar [[r.HairStrands.SkyLighting.JitterIntegration:0]]
[2020.09.25-17.49.24:804][  0]LogConfig: Setting CVar [[r.HairStrands.SkyAO.SampleCount:16]]
[2020.09.25-17.49.24:804][  0]LogConfig: Setting CVar [[r.HairStrands.DeepShadow.SuperSampling:0]]
[2020.09.25-17.49.24:804][  0]LogConfig: Setting CVar [[r.HairStrands.VisibilityPPLL:0]]
[2020.09.25-17.49.24:804][  0]LogConfig: Setting CVar [[r.HairStrands.RasterizationScale:0.5]]
[2020.09.25-17.49.24:804][  0]LogConfig: Setting CVar [[r.HairStrands.VelocityRasterizationScale:1]]
[2020.09.25-17.49.24:804][  0]LogInit: Selected Device Profile: [Windows]
[2020.09.25-17.49.24:804][  0]LogInit: Applying CVar settings loaded from the selected device profile: [Windows]
[2020.09.25-17.49.24:804][  0]LogHAL: Display: Platform has ~ 32 GB [34233110528 / 34359738368 / 32], which maps to Largest [LargestMinGB=32, LargerMinGB=12, DefaultMinGB=8, SmallerMinGB=6, SmallestMinGB=0)
[2020.09.25-17.49.24:804][  0]LogInit: Going up to parent DeviceProfile []
[2020.09.25-17.49.24:804][  0]LogConfig: Applying CVar settings from Section [ViewDistanceQuality@3] File [E:/New folder/Oculus_Unreal/Saved/Config/Windows/Scalability.ini]
[2020.09.25-17.49.24:804][  0]LogConfig: Setting CVar [[r.SkeletalMeshLODBias:0]]
[2020.09.25-17.49.24:804][  0]LogConfig: Setting CVar [[r.ViewDistanceScale:1.0]]
[2020.09.25-17.49.24:804][  0]LogConfig: Applying CVar settings from Section [AntiAliasingQuality@3] File [E:/New folder/Oculus_Unreal/Saved/Config/Windows/Scalability.ini]
[2020.09.25-17.49.24:804][  0]LogConfig: Setting CVar [[r.PostProcessAAQuality:3]]
[2020.09.25-17.49.24:804][  0]LogConfig: Applying CVar settings from Section [ShadowQuality@3] File [E:/New folder/Oculus_Unreal/Saved/Config/Windows/Scalability.ini]
[2020.09.25-17.49.24:804][  0]LogConfig: Setting CVar [[r.LightFunctionQuality:1]]
[2020.09.25-17.49.24:805][  0]LogConfig: Setting CVar [[r.ShadowQuality:5]]
[2020.09.25-17.49.24:805][  0]LogConfig: Setting CVar [[r.Shadow.CSM.MaxCascades:10]]
[2020.09.25-17.49.24:805][  0]LogConfig: Setting CVar [[r.Shadow.MaxResolution:2048]]
[2020.09.25-17.49.24:805][  0]LogConfig: Setting CVar [[r.Shadow.MaxCSMResolution:2048]]
[2020.09.25-17.49.24:805][  0]LogConfig: Setting CVar [[r.Shadow.RadiusThreshold:0.01]]
[2020.09.25-17.49.24:805][  0]LogConfig: Setting CVar [[r.Shadow.DistanceScale:1.0]]
[2020.09.25-17.49.24:805][  0]LogConfig: Setting CVar [[r.Shadow.CSM.TransitionScale:1.0]]
[2020.09.25-17.49.24:805][  0]LogConfig: Setting CVar [[r.Shadow.PreShadowResolutionFactor:1.0]]
[2020.09.25-17.49.24:805][  0]LogConfig: Setting CVar [[r.DistanceFieldShadowing:1]]
[2020.09.25-17.49.24:805][  0]LogConfig: Setting CVar [[r.DistanceFieldAO:1]]
[2020.09.25-17.49.24:805][  0]LogConfig: Setting CVar [[r.AOQuality:2]]
[2020.09.25-17.49.24:805][  0]LogConfig: Setting CVar [[r.VolumetricFog:1]]
[2020.09.25-17.49.24:805][  0]LogConfig: Setting CVar [[r.VolumetricFog.GridPixelSize:8]]
[2020.09.25-17.49.24:805][  0]LogConfig: Setting CVar [[r.VolumetricFog.GridSizeZ:128]]
[2020.09.25-17.49.24:805][  0]LogConfig: Setting CVar [[r.VolumetricFog.HistoryMissSupersampleCount:4]]
[2020.09.25-17.49.24:805][  0]LogConfig: Setting CVar [[r.LightMaxDrawDistanceScale:1]]
[2020.09.25-17.49.24:805][  0]LogConfig: Setting CVar [[r.CapsuleShadows:1]]
[2020.09.25-17.49.24:805][  0]LogConfig: Applying CVar settings from Section [PostProcessQuality@3] File [E:/New folder/Oculus_Unreal/Saved/Config/Windows/Scalability.ini]
[2020.09.25-17.49.24:805][  0]LogConfig: Setting CVar [[r.MotionBlurQuality:0]]
[2020.09.25-17.49.24:805][  0]LogConfig: Setting CVar [[r.AmbientOcclusionMipLevelFactor:0.4]]
[2020.09.25-17.49.24:805][  0]LogConfig: Setting CVar [[r.AmbientOcclusionMaxQuality:100]]
[2020.09.25-17.49.24:805][  0]LogConfig: Setting CVar [[r.AmbientOcclusionLevels:0]]
[2020.09.25-17.49.24:805][  0]LogConfig: Setting CVar [[r.AmbientOcclusionRadiusScale:1.0]]
[2020.09.25-17.49.24:805][  0]LogConfig: Setting CVar [[r.DepthOfFieldQuality:0]]
[2020.09.25-17.49.24:805][  0]LogConfig: Setting CVar [[r.RenderTargetPoolMin:400]]
[2020.09.25-17.49.24:805][  0]LogConfig: Setting CVar [[r.LensFlareQuality:0]]
[2020.09.25-17.49.24:805][  0]LogConfig: Setting CVar [[r.SceneColorFringeQuality:0]]
[2020.09.25-17.49.24:805][  0]LogConfig: Setting CVar [[r.EyeAdaptationQuality:2]]
[2020.09.25-17.49.24:805][  0]LogConfig: Setting CVar [[r.BloomQuality:1]]
[2020.09.25-17.49.24:805][  0]LogConfig: Setting CVar [[r.FastBlurThreshold:0]]
[2020.09.25-17.49.24:805][  0]LogConfig: Setting CVar [[r.Upscale.Quality:3]]
[2020.09.25-17.49.24:805][  0]LogConfig: Setting CVar [[r.Tonemapper.GrainQuantization:1]]
[2020.09.25-17.49.24:805][  0]LogConfig: Setting CVar [[r.LightShaftQuality:1]]
[2020.09.25-17.49.24:805][  0]LogConfig: Setting CVar [[r.Filter.SizeScale:1]]
[2020.09.25-17.49.24:805][  0]LogConfig: Setting CVar [[r.Tonemapper.Quality:5]]
[2020.09.25-17.49.24:805][  0]LogConfig: Setting CVar [[r.DOF.Gather.AccumulatorQuality:1        ; higher gathering accumulator quality]]
[2020.09.25-17.49.24:805][  0]LogConfig: Setting CVar [[r.DOF.Gather.PostfilterMethod:1          ; Median3x3 postfilering method]]
[2020.09.25-17.49.24:805][  0]LogConfig: Setting CVar [[r.DOF.Gather.EnableBokehSettings:0       ; no bokeh simulation when gathering]]
[2020.09.25-17.49.24:805][  0]LogConfig: Setting CVar [[r.DOF.Gather.RingCount:4                 ; medium number of samples when gathering]]
[2020.09.25-17.49.24:805][  0]LogConfig: Setting CVar [[r.DOF.Scatter.ForegroundCompositing:1    ; additive foreground scattering]]
[2020.09.25-17.49.24:805][  0]LogConfig: Setting CVar [[r.DOF.Scatter.BackgroundCompositing:2    ; additive background scattering]]
[2020.09.25-17.49.24:805][  0]LogConfig: Setting CVar [[r.DOF.Scatter.EnableBokehSettings:1      ; bokeh simulation when scattering]]
[2020.09.25-17.49.24:805][  0]LogConfig: Setting CVar [[r.DOF.Scatter.MaxSpriteRatio:0.1         ; only a maximum of 10% of scattered bokeh]]
[2020.09.25-17.49.24:805][  0]LogConfig: Setting CVar [[r.DOF.Recombine.Quality:1                ; cheap slight out of focus]]
[2020.09.25-17.49.24:805][  0]LogConfig: Setting CVar [[r.DOF.Recombine.EnableBokehSettings:0    ; no bokeh simulation on slight out of focus]]
[2020.09.25-17.49.24:805][  0]LogConfig: Setting CVar [[r.DOF.TemporalAAQuality:1                ; more stable temporal accumulation]]
[2020.09.25-17.49.24:805][  0]LogConfig: Setting CVar [[r.DOF.Kernel.MaxForegroundRadius:0.025]]
[2020.09.25-17.49.24:805][  0]LogConfig: Setting CVar [[r.DOF.Kernel.MaxBackgroundRadius:0.025]]
[2020.09.25-17.49.24:805][  0]LogConfig: Applying CVar settings from Section [TextureQuality@3] File [E:/New folder/Oculus_Unreal/Saved/Config/Windows/Scalability.ini]
[2020.09.25-17.49.24:805][  0]LogConfig: Setting CVar [[r.Streaming.MipBias:0]]
[2020.09.25-17.49.24:805][  0]LogConfig: Setting CVar [[r.Streaming.AmortizeCPUToGPUCopy:0]]
[2020.09.25-17.49.24:805][  0]LogConfig: Setting CVar [[r.Streaming.MaxNumTexturesToStreamPerFrame:0]]
[2020.09.25-17.49.24:805][  0]LogConfig: Setting CVar [[r.Streaming.Boost:1]]
[2020.09.25-17.49.24:805][  0]LogConfig: Setting CVar [[r.MaxAnisotropy:8]]
[2020.09.25-17.49.24:805][  0]LogConfig: Setting CVar [[r.VT.MaxAnisotropy:8]]
[2020.09.25-17.49.24:805][  0]LogConfig: Setting CVar [[r.Streaming.LimitPoolSizeToVRAM:0]]
[2020.09.25-17.49.24:805][  0]LogConfig: Setting CVar [[r.Streaming.PoolSize:1000]]
[2020.09.25-17.49.24:805][  0]LogConfig: Setting CVar [[r.Streaming.MaxEffectiveScreenSize:0]]
[2020.09.25-17.49.24:805][  0]LogConfig: Applying CVar settings from Section [EffectsQuality@3] File [E:/New folder/Oculus_Unreal/Saved/Config/Windows/Scalability.ini]
[2020.09.25-17.49.24:805][  0]LogConfig: Setting CVar [[r.TranslucencyLightingVolumeDim:4]]
[2020.09.25-17.49.24:805][  0]LogConfig: Setting CVar [[r.RefractionQuality:2]]
[2020.09.25-17.49.24:805][  0]LogConfig: Setting CVar [[r.SSR.Quality:0]]
[2020.09.25-17.49.24:805][  0]LogConfig: Setting CVar [[r.SSR.HalfResSceneColor:0]]
[2020.09.25-17.49.24:805][  0]LogConfig: Setting CVar [[r.SceneColorFormat:2]]
[2020.09.25-17.49.24:805][  0]LogConfig: Setting CVar [[r.DetailMode:2]]
[2020.09.25-17.49.24:805][  0]LogConfig: Setting CVar [[r.TranslucencyVolumeBlur:0]]
[2020.09.25-17.49.24:805][  0]LogConfig: Setting CVar [[r.MaterialQualityLevel:1 ; High quality]]
[2020.09.25-17.49.24:805][  0]LogConfig: Setting CVar [[r.SSS.Scale:1]]
[2020.09.25-17.49.24:805][  0]LogConfig: Setting CVar [[r.SSS.SampleSet:2]]
[2020.09.25-17.49.24:805][  0]LogConfig: Setting CVar [[r.SSS.Quality:1]]
[2020.09.25-17.49.24:805][  0]LogConfig: Setting CVar [[r.SSS.HalfRes:0]]
[2020.09.25-17.49.24:805][  0]LogConfig: Setting CVar [[r.SSGI.Quality:3]]
[2020.09.25-17.49.24:805][  0]LogConfig: Setting CVar [[r.EmitterSpawnRateScale:1.0]]
[2020.09.25-17.49.24:805][  0]LogConfig: Setting CVar [[r.ParticleLightQuality:2]]
[2020.09.25-17.49.24:805][  0]LogConfig: Setting CVar [[r.SkyAtmosphere.AerialPerspectiveLUT.FastApplyOnOpaque:1 ; Always have FastSkyLUT 1 in this case to avoid wrong sky]]
[2020.09.25-17.49.24:805][  0]LogConfig: Setting CVar [[r.SkyAtmosphere.AerialPerspectiveLUT.SampleCountPerSlice:1]]
[2020.09.25-17.49.24:805][  0]LogConfig: Setting CVar [[r.SkyAtmosphere.AerialPerspectiveLUT.DepthResolution:16.0]]
[2020.09.25-17.49.24:806][  0]LogConfig: Setting CVar [[r.SkyAtmosphere.FastSkyLUT:1]]
[2020.09.25-17.49.24:806][  0]LogConfig: Setting CVar [[r.SkyAtmosphere.FastSkyLUT.SampleCountMin:4.0]]
[2020.09.25-17.49.24:806][  0]LogConfig: Setting CVar [[r.SkyAtmosphere.FastSkyLUT.SampleCountMax:32.0]]
[2020.09.25-17.49.24:806][  0]LogConfig: Setting CVar [[r.SkyAtmosphere.SampleCountMin:4.0]]
[2020.09.25-17.49.24:806][  0]LogConfig: Setting CVar [[r.SkyAtmosphere.SampleCountMax:32.0]]
[2020.09.25-17.49.24:806][  0]LogConfig: Setting CVar [[r.SkyAtmosphere.TransmittanceLUT.UseSmallFormat:0]]
[2020.09.25-17.49.24:806][  0]LogConfig: Setting CVar [[r.SkyAtmosphere.TransmittanceLUT.SampleCount:10.0]]
[2020.09.25-17.49.24:806][  0]LogConfig: Setting CVar [[r.SkyAtmosphere.MultiScatteringLUT.SampleCount:15.0]]
[2020.09.25-17.49.24:806][  0]LogConfig: Applying CVar settings from Section [FoliageQuality@3] File [E:/New folder/Oculus_Unreal/Saved/Config/Windows/Scalability.ini]
[2020.09.25-17.49.24:806][  0]LogConfig: Setting CVar [[foliage.DensityScale:1.0]]
[2020.09.25-17.49.24:806][  0]LogConfig: Setting CVar [[grass.DensityScale:1.0]]
[2020.09.25-17.49.24:806][  0]LogConfig: Applying CVar settings from Section [ShadingQuality@3] File [E:/New folder/Oculus_Unreal/Saved/Config/Windows/Scalability.ini]
[2020.09.25-17.49.24:806][  0]LogConfig: Setting CVar [[r.HairStrands.SkyLighting.SampleCount:16]]
[2020.09.25-17.49.24:806][  0]LogConfig: Setting CVar [[r.HairStrands.SkyLighting.JitterIntegration:0]]
[2020.09.25-17.49.24:806][  0]LogConfig: Setting CVar [[r.HairStrands.SkyAO.SampleCount:16]]
[2020.09.25-17.49.24:806][  0]LogConfig: Setting CVar [[r.HairStrands.DeepShadow.SuperSampling:0]]
[2020.09.25-17.49.24:806][  0]LogConfig: Setting CVar [[r.HairStrands.VisibilityPPLL:0]]
[2020.09.25-17.49.24:806][  0]LogConfig: Setting CVar [[r.HairStrands.RasterizationScale:0.5]]
[2020.09.25-17.49.24:806][  0]LogConfig: Setting CVar [[r.HairStrands.VelocityRasterizationScale:1]]
[2020.09.25-17.49.24:806][  0]LogConfig: Applying CVar settings from Section [Startup] File [../../../Engine/Config/ConsoleVariables.ini]
[2020.09.25-17.49.24:811][  0]LogConfig: Setting CVar [[net.UseAdaptiveNetUpdateFrequency:0]]
[2020.09.25-17.49.24:811][  0]LogConfig: Setting CVar [[p.chaos.AllowCreatePhysxBodies:1]]
[2020.09.25-17.49.24:811][  0]LogConfig: Setting CVar [[fx.SkipVectorVMBackendOptimizations:1]]
[2020.09.25-17.49.24:811][  0]LogConfig: Applying CVar settings from Section [ConsoleVariables] File [E:/New folder/Oculus_Unreal/Saved/Config/Windows/Engine.ini]
[2020.09.25-17.49.24:811][  0]LogInit: Computer: DESKTOP-NRP0MN9
[2020.09.25-17.49.24:811][  0]LogInit: User: krist
[2020.09.25-17.49.24:811][  0]LogInit: CPU Page size=4096, Cores=6
[2020.09.25-17.49.24:811][  0]LogInit: High frequency timer resolution =10.000000 MHz
[2020.09.25-17.49.24:812][  0]LogMemory: Memory total: Physical=31.9GB (32GB approx)
[2020.09.25-17.49.24:812][  0]LogMemory: Platform Memory Stats for Windows
[2020.09.25-17.49.24:812][  0]LogMemory: Process Physical Memory: 134.95 MB used, 134.96 MB peak
[2020.09.25-17.49.24:812][  0]LogMemory: Process Virtual Memory: 112.39 MB used, 112.39 MB peak
[2020.09.25-17.49.24:812][  0]LogMemory: Physical Memory: 19956.60 MB used,  12690.64 MB free, 32647.24 MB total
[2020.09.25-17.49.24:812][  0]LogMemory: Virtual Memory: 5460.57 MB used,  134212264.00 MB free, 134217728.00 MB total
[2020.09.25-17.49.24:816][  0]LogWindows: WindowsPlatformFeatures enabled
[2020.09.25-17.49.25:079][  0]LogInit: Physics initialised using underlying interface: PhysX
[2020.09.25-17.49.25:080][  0]LogInit: Using OS detected language (en-US).
[2020.09.25-17.49.25:080][  0]LogInit: Using OS detected locale (en-US).
[2020.09.25-17.49.25:081][  0]LogTextLocalizationManager: No specific localization for 'en-US' exists, so the 'en' localization will be used.
[2020.09.25-17.49.25:314][  0]LogInit: Setting process to per monitor DPI aware
[2020.09.25-17.49.25:397][  0]LogSlate: New Slate User Created.  User Index 0, Is Virtual User: 0
[2020.09.25-17.49.25:397][  0]LogSlate: Slate User Registered.  User Index 0, Is Virtual User: 0
[2020.09.25-17.49.28:162][  0]LogD3D11RHI: D3D11 min allowed feature level: 11_0
[2020.09.25-17.49.28:162][  0]LogD3D11RHI: D3D11 max allowed feature level: 11_0
[2020.09.25-17.49.28:162][  0]LogD3D11RHI: D3D11 adapters:
[2020.09.25-17.49.28:216][  0]LogD3D11RHI:    0. 'NVIDIA GeForce GTX 1660 Ti' (Feature Level 11_0)
[2020.09.25-17.49.28:216][  0]LogD3D11RHI:       5991/0/16323 MB DedicatedVideo/DedicatedSystem/SharedSystem, Outputs:2, VendorId:0x10de
[2020.09.25-17.49.28:261][  0]LogD3D11RHI:    1. 'Intel(R) UHD Graphics 630' (Feature Level 11_0)
[2020.09.25-17.49.28:261][  0]LogD3D11RHI:       128/0/16323 MB DedicatedVideo/DedicatedSystem/SharedSystem, Outputs:0, VendorId:0x8086
[2020.09.25-17.49.28:263][  0]LogD3D11RHI:    2. 'Microsoft Basic Render Driver' (Feature Level 11_0)
[2020.09.25-17.49.28:263][  0]LogD3D11RHI:       0/0/16323 MB DedicatedVideo/DedicatedSystem/SharedSystem, Outputs:0, VendorId:0x1414
[2020.09.25-17.49.28:263][  0]LogD3D11RHI: Chosen D3D11 Adapter: 0
[2020.09.25-17.49.28:315][  0]LogD3D11RHI: Creating new Direct3DDevice
[2020.09.25-17.49.28:315][  0]LogD3D11RHI:     GPU DeviceId: 0x2191 (for the marketing name, search the web for "GPU Device Id")
[2020.09.25-17.49.28:315][  0]LogWindows: EnumDisplayDevices:
[2020.09.25-17.49.28:315][  0]LogWindows:    0. 'Intel(R) UHD Graphics 630' (P:1 D:1)
[2020.09.25-17.49.28:315][  0]LogWindows:    1. 'Intel(R) UHD Graphics 630' (P:0 D:0)
[2020.09.25-17.49.28:316][  0]LogWindows:    2. 'Intel(R) UHD Graphics 630' (P:0 D:0)
[2020.09.25-17.49.28:316][  0]LogWindows:    3. 'NVIDIA GeForce GTX 1660 Ti' (P:0 D:1)
[2020.09.25-17.49.28:316][  0]LogWindows:    4. 'NVIDIA GeForce GTX 1660 Ti' (P:0 D:0)
[2020.09.25-17.49.28:316][  0]LogWindows:    5. 'NVIDIA GeForce GTX 1660 Ti' (P:0 D:0)
[2020.09.25-17.49.28:317][  0]LogWindows:    6. 'NVIDIA GeForce GTX 1660 Ti' (P:0 D:0)
[2020.09.25-17.49.28:317][  0]LogWindows: DebugString: PrimaryIsNotTheChoosenAdapter PrimaryIsNotTheChoosenAdapter PrimaryIsNotTheChoosenAdapter FoundDriverCount:4 
[2020.09.25-17.49.28:317][  0]LogD3D11RHI:     Adapter Name: NVIDIA GeForce GTX 1660 Ti
[2020.09.25-17.49.28:317][  0]LogD3D11RHI:   Driver Version: 452.06 (internal:27.21.14.5206, unified:452.06)
[2020.09.25-17.49.28:317][  0]LogD3D11RHI:      Driver Date: 8-12-2020
[2020.09.25-17.49.28:317][  0]LogRHI: Texture pool is 4193 MB (70% of 5991 MB)
[2020.09.25-17.49.28:366][  0]LogD3D11RHI: RHI has support for 64 bit atomics
[2020.09.25-17.49.28:369][  0]LogD3D11RHI: [Aftermath] Enabled and primed
[2020.09.25-17.49.28:369][  0]LogD3D11RHI: Async texture creation enabled
[2020.09.25-17.49.28:369][  0]LogD3D11RHI: Array index from any shader is supported
[2020.09.25-17.49.28:372][  0]LogD3D11RHI: HDR output is supported on display 1 (NvId: 0x80061081).
[2020.09.25-17.49.28:388][  0]LogD3D11RHI: GPU Timing Frequency: 1000.000000 (Debug: 2 1)
[2020.09.25-17.49.28:844][  0]LogTargetPlatformManager: Display: Loaded TargetPlatform 'AllDesktop'
[2020.09.25-17.49.28:878][  0]LogTargetPlatformManager: Display: Loaded TargetPlatform 'Android'
[2020.09.25-17.49.28:878][  0]LogTargetPlatformManager: Display: Loaded TargetPlatform 'Android_ASTC'
[2020.09.25-17.49.28:878][  0]LogTargetPlatformManager: Display: Loaded TargetPlatform 'Android_DXT'
[2020.09.25-17.49.28:878][  0]LogTargetPlatformManager: Display: Loaded TargetPlatform 'Android_ETC2'
[2020.09.25-17.49.28:878][  0]LogTargetPlatformManager: Display: Loaded TargetPlatform 'AndroidClient'
[2020.09.25-17.49.28:878][  0]LogTargetPlatformManager: Display: Loaded TargetPlatform 'Android_ASTCClient'
[2020.09.25-17.49.28:878][  0]LogTargetPlatformManager: Display: Loaded TargetPlatform 'Android_DXTClient'
[2020.09.25-17.49.28:878][  0]LogTargetPlatformManager: Display: Loaded TargetPlatform 'Android_ETC2Client'
[2020.09.25-17.49.28:878][  0]LogTargetPlatformManager: Display: Loaded TargetPlatform 'Android_Multi'
[2020.09.25-17.49.28:878][  0]LogTargetPlatformManager: Display: Loaded TargetPlatform 'Android_MultiClient'
[2020.09.25-17.49.28:930][  0]LogInit: WinSock: version 1.1 (2.2), MaxSocks=32767, MaxUdp=65467
[2020.09.25-17.49.28:945][  0]LogTargetPlatformManager: Display: Loaded TargetPlatform 'IOSClient'
[2020.09.25-17.49.28:945][  0]LogTargetPlatformManager: Display: Loaded TargetPlatform 'IOS'
[2020.09.25-17.49.28:989][  0]LogTargetPlatformManager: Display: Loaded TargetPlatform 'Lumin'
[2020.09.25-17.49.28:989][  0]LogTargetPlatformManager: Display: Loaded TargetPlatform 'LuminClient'
[2020.09.25-17.49.29:017][  0]LogTargetPlatformManager: Display: Loaded TargetPlatform 'TVOSClient'
[2020.09.25-17.49.29:017][  0]LogTargetPlatformManager: Display: Loaded TargetPlatform 'TVOS'
[2020.09.25-17.49.29:037][  0]LogTargetPlatformManager: Display: Loaded TargetPlatform 'WindowsNoEditor'
[2020.09.25-17.49.29:060][  0]LogTargetPlatformManager: Display: Loaded TargetPlatform 'Windows'
[2020.09.25-17.49.29:082][  0]LogTargetPlatformManager: Display: Loaded TargetPlatform 'WindowsClient'
[2020.09.25-17.49.29:103][  0]LogTargetPlatformManager: Display: Loaded TargetPlatform 'WindowsServer'
[2020.09.25-17.49.29:127][  0]LogTargetPlatformManager: Display: Loaded TargetPlatform 'XXX'
[2020.09.25-17.49.29:127][  0]LogTargetPlatformManager: Display: Building Assets For Windows
[2020.09.25-17.49.29:189][  0]LogAudioDebug: Display: Lib vorbis DLL was dynamically loaded.
[2020.09.25-17.49.29:458][  0]LogShaderCompilers: Guid format shader working directory is 18 characters bigger than the processId version (E:/New folder/Oculus_Unreal/Intermediate/Shaders/WorkingDirectory/37788/).
[2020.09.25-17.49.29:458][  0]LogShaderCompilers: Cleaned the shader compiler working directory 'C:/Users/krist/AppData/Local/Temp/UnrealShaderWorkingDir/B0034B194DF983E324483EBEDBAE9C60/'.
[2020.09.25-17.49.29:458][  0]LogXGEController: Cannot use XGE Controller as Incredibuild is not installed on this machine.
[2020.09.25-17.49.29:458][  0]LogShaderCompilers: Cannot use XGE Shader Compiler as Incredibuild is not installed on this machine.
[2020.09.25-17.49.29:458][  0]LogShaderCompilers: Display: Using Local Shader Compiler.
[2020.09.25-17.49.32:488][  0]LogDerivedDataCache: Display: Max Cache Size: 512 MB
[2020.09.25-17.49.32:722][  0]LogDerivedDataCache: Loaded boot cache 0.23s 85MB E:/New folder/Oculus_Unreal/DerivedDataCache/Boot.ddc.
[2020.09.25-17.49.32:722][  0]LogDerivedDataCache: Display: Loaded Boot cache: E:/New folder/Oculus_Unreal/DerivedDataCache/Boot.ddc
[2020.09.25-17.49.32:722][  0]LogDerivedDataCache: FDerivedDataBackendGraph:  Pak pak cache file E:/New folder/Oculus_Unreal/DerivedDataCache/DDC.ddp not found, will not use a pak cache.
[2020.09.25-17.49.32:722][  0]LogDerivedDataCache: Unable to find inner node Pak for hierarchical cache Hierarchy.
[2020.09.25-17.49.32:722][  0]LogDerivedDataCache: FDerivedDataBackendGraph:  EnginePak pak cache file ../../../Engine/DerivedDataCache/DDC.ddp not found, will not use a pak cache.
[2020.09.25-17.49.32:722][  0]LogDerivedDataCache: Unable to find inner node EnginePak for hierarchical cache Hierarchy.
[2020.09.25-17.49.32:723][  0]LogDerivedDataCache: Using Local data cache path ../../../Engine/DerivedDataCache: Writable
[2020.09.25-17.49.32:723][  0]LogDerivedDataCache: Shared data cache path not found in *engine.ini, will not use an Shared cache.
[2020.09.25-17.49.32:723][  0]LogDerivedDataCache: Unable to find inner node Shared for hierarchical cache Hierarchy.
[2020.09.25-17.49.32:771][  0]LogSlate: Using FreeType 2.10.0
[2020.09.25-17.49.32:791][  0]LogSlate: SlateFontServices - WITH_FREETYPE: 1, WITH_HARFBUZZ: 1
[2020.09.25-17.49.32:963][  0]LogAssetRegistry: FAssetRegistry took 0.0036 seconds to start up
[2020.09.25-17.49.33:228][  0]LogInit: Selected Device Profile: [Windows]
[2020.09.25-17.49.33:510][  0]LogMeshReduction: Using QuadricMeshReduction for automatic static mesh reduction
[2020.09.25-17.49.33:510][  0]LogMeshReduction: Using SimplygonMeshReduction for automatic skeletal mesh reduction
[2020.09.25-17.49.33:510][  0]LogMeshReduction: Using ProxyLODMeshReduction for automatic mesh merging
[2020.09.25-17.49.33:510][  0]LogMeshReduction: No distributed automatic mesh merging module available
[2020.09.25-17.49.33:510][  0]LogMeshMerging: No distributed automatic mesh merging module available
[2020.09.25-17.49.33:648][  0]LogNetVersion: Oculus_Unreal 1.0.0, NetCL: 0, EngineNetVer: 14, GameNetVer: 0 (Checksum: 1670419963)
[2020.09.25-17.49.35:900][  0]LogAISub: UAISubsystem::UAISubsystem AISubsystem (000001E27D88A700), frame # 0
[2020.09.25-17.49.35:900][  0]LogAISub: UAISubsystem::UAISubsystem AIPerceptionSystem (000001E27D850680), frame # 0
[2020.09.25-17.49.35:902][  0]LogAISub: UAISubsystem::UAISubsystem EnvQueryManager (000001E27D871C00), frame # 0
[2020.09.25-17.49.35:916][  0]LogHMD: PokeAHoleMaterial loaded successfully
[2020.09.25-17.49.35:995][  0]LogPackageLocalizationCache: Processed 19 localized package path(s) for 1 prioritized culture(s) in 0.072844 seconds
[2020.09.25-17.49.36:000][  0]LogUObjectArray: 15934 objects as part of root set at end of initial load.
[2020.09.25-17.49.36:000][  0]LogUObjectAllocator: 3983584 out of 0 bytes used by permanent object pool.
[2020.09.25-17.49.36:000][  0]LogUObjectArray: CloseDisregardForGC: 0/0 objects in disregard for GC pool
[2020.09.25-17.49.37:458][  0]LogTcpMessaging: Initializing TcpMessaging bridge
[2020.09.25-17.49.37:473][  0]LogUdpMessaging: Initializing bridge on interface 0.0.0.0:0 to multicast group 230.0.0.1:6666.
[2020.09.25-17.49.37:784][  0]SourceControl: Source control is disabled
[2020.09.25-17.49.37:784][  0]SourceControl: Source control is disabled
[2020.09.25-17.49.37:799][  0]SourceControl: Source control is disabled
[2020.09.25-17.49.37:813][  0]SourceControl: Source control is disabled
[2020.09.25-17.49.37:842][  0]SourceControl: Source control is disabled
[2020.09.25-17.49.38:893][  0]LogAndroidPermission: UAndroidPermissionCallbackProxy::GetInstance
[2020.09.25-17.49.38:983][  0]LogAudioCaptureCore: Display: No Audio Capture implementations found. Audio input will be silent.
[2020.09.25-17.49.38:983][  0]LogAudioCaptureCore: Display: No Audio Capture implementations found. Audio input will be silent.
[2020.09.25-17.49.39:134][  0]LogOcInput: OculusInput pre-init called
[2020.09.25-17.49.39:579][  0]LogEngine: Initializing Engine...
[2020.09.25-17.49.39:580][  0]LogHMD: PokeAHoleMaterial loaded successfully
[2020.09.25-17.49.39:582][  0]LogHMD: Initializing OVRPlugin session
[2020.09.25-17.49.39:708][  0]LogHMD: Allocating Oculus 3296 x 1776 rendertarget swapchain
[2020.09.25-17.49.39:708][  0]LogHMD: Oculus plugin initialized. Version: 4.25.3-0+++UE4+Partner-Oculus-4.25, OVRPlugin: 1.52.0
[2020.09.25-17.49.39:710][  0]LogStats: UGameplayTagsManager::InitializeManager -  0.000 s
[2020.09.25-17.49.40:034][  0]LogInit: Initializing FReadOnlyCVARCache
[2020.09.25-17.49.40:054][  0]LogAIModule: Creating AISystem for world Untitled
[2020.09.25-17.49.40:054][  0]LogAISub: UAISubsystem::UAISubsystem EnvQueryManager (000001E204973C00), frame # 0
[2020.09.25-17.49.40:054][  0]LogAISub: UAISubsystem::UAISubsystem AIPerceptionSystem (000001E20497BB00), frame # 0
[2020.09.25-17.49.40:068][  0]LogAudioMixer: Display: Audio Mixer Platform Settings:
[2020.09.25-17.49.40:068][  0]LogAudioMixer: Display: 	Sample Rate:						  48000
[2020.09.25-17.49.40:068][  0]LogAudioMixer: Display: 	Callback Buffer Frame Size Requested: 1024
[2020.09.25-17.49.40:068][  0]LogAudioMixer: Display: 	Callback Buffer Frame Size To Use:	  1024
[2020.09.25-17.49.40:068][  0]LogAudioMixer: Display: 	Number of buffers to queue:			  2
[2020.09.25-17.49.40:068][  0]LogAudioMixer: Display: 	Max Channels (voices):				  32
[2020.09.25-17.49.40:068][  0]LogAudioMixer: Display: 	Number of Async Source Workers:		  0
[2020.09.25-17.49.40:068][  0]LogAudio: Display: AudioDevice MaxSources: 32
[2020.09.25-17.49.40:068][  0]LogAudio: Display: Using built-in audio occlusion.
[2020.09.25-17.49.40:068][  0]LogAudioMixer: Display: Initializing audio mixer.
[2020.09.25-17.49.40:126][  0]LogAudioMixer: Display: 0: FrontLeft
[2020.09.25-17.49.40:126][  0]LogAudioMixer: Display: 1: FrontRight
[2020.09.25-17.49.40:158][  0]LogAudioMixer: Display: Using Audio Device Headphones (WH-1000XM3 Stereo)
[2020.09.25-17.49.40:162][  0]LogAudioMixer: Display: Initializing Sound Submixes...
[2020.09.25-17.49.40:185][  0]LogAudioMixer: Display: Creating Master Submix 'MasterSubmixDefault'
[2020.09.25-17.49.40:186][  0]LogAudioMixer: Display: Creating Master Submix 'MasterReverbSubmixDefault'
[2020.09.25-17.49.40:186][  0]LogAudioMixer: Display: Creating Master Submix 'MasterEQSubmixDefault'
[2020.09.25-17.49.40:187][  0]LogInit: FAudioDevice initialized.
[2020.09.25-17.49.40:187][  0]LogNetVersion: Set ProjectVersion to 1.0.0.0. Version Checksum will be recalculated on next use.
[2020.09.25-17.49.40:267][  0]LogDerivedDataCache: Saved boot cache 0.08s 85MB E:/New folder/Oculus_Unreal/DerivedDataCache/Boot.ddc.
[2020.09.25-17.49.40:273][  0]LogInit: Texture streaming: Enabled
[2020.09.25-17.49.40:331][  0]LogEngineSessionManager: EngineSessionManager initialized
[2020.09.25-17.49.40:331][  0]LogEditorSessionSummary: Verbose: Initializing EditorSessionSummaryWriter for editor session tracking
[2020.09.25-17.49.40:332][  0]LogEditorSessionSummary: EditorSessionSummaryWriter initialized
[2020.09.25-17.49.40:421][  0]LogInit: Transaction tracking system initialized
[2020.09.25-17.49.40:508][  0]BlueprintLog: New page: Editor Load
[2020.09.25-17.49.40:820][  0]LocalizationService: Localization service is disabled
[2020.09.25-17.49.41:626][  0]LogCook: Display: Max memory allowance for cook 16384mb min free memory 0mb
[2020.09.25-17.49.41:626][  0]LogCook: Display: Mobile HDR setting 0
[2020.09.25-17.49.42:118][  0]LogFileCache: Scanning file cache for directory 'E:/New folder/Oculus_Unreal/Content/' took 0.02s
[2020.09.25-17.49.42:556][  0]SourceControl: Source control is disabled
[2020.09.25-17.49.42:556][  0]LogUnrealEdMisc: Loading editor; pre map load, took 24.366
[2020.09.25-17.49.42:556][  0]Cmd: MAP LOAD FILE="E:/New folder/Oculus_Unreal/Content/VirtualRealityBP/Maps/MotionControllerMap.umap" TEMPLATE=0 SHOWPROGRESS=1 FEATURELEVEL=3
[2020.09.25-17.49.42:557][  0]LightingResults: New page: Lighting Build
[2020.09.25-17.49.42:557][  0]LogWorld: UWorld::CleanupWorld for Untitled, bSessionEnded=true, bCleanupResources=true
[2020.09.25-17.49.42:557][  0]LogSlate: InvalidateAllWidgets triggered.  All widgets were invalidated
[2020.09.25-17.49.42:557][  0]MapCheck: New page: Map Check
[2020.09.25-17.49.42:557][  0]LightingResults: New page: Lighting Build
[2020.09.25-17.49.42:568][  0]LogAISub: UAISubsystem::~UAISubsystem EnvQueryManager (000001E204973C00), frame # 0
[2020.09.25-17.49.42:568][  0]LogAISub: UAISubsystem::~UAISubsystem AIPerceptionSystem (000001E20497BB00), frame # 0
[2020.09.25-17.49.42:568][  0]LogUObjectHash: Compacting FUObjectHashTables data took   0.57ms
[2020.09.25-17.49.43:411][  0]LogAIModule: Creating AISystem for world MotionControllerMap
[2020.09.25-17.49.43:411][  0]LogAISub: UAISubsystem::UAISubsystem EnvQueryManager (000001E215EBFE00), frame # 0
[2020.09.25-17.49.43:411][  0]LogAISub: UAISubsystem::UAISubsystem AIPerceptionSystem (000001E218D78CC0), frame # 0
[2020.09.25-17.49.43:430][  0]LogEditorServer: Finished looking for orphan Actors (0.000 secs)
[2020.09.25-17.49.43:445][  0]LogUObjectHash: Compacting FUObjectHashTables data took   0.75ms
[2020.09.25-17.49.43:445][  0]Cmd: MAP CHECKDEP NOCLEARLOG
[2020.09.25-17.49.43:445][  0]MapCheck: Map check complete: 0 Error(s), 0 Warning(s), took 0.091ms to complete.
[2020.09.25-17.49.43:445][  0]LogFileHelpers: Loading map 'MotionControllerMap' took 0.889
[2020.09.25-17.49.43:447][  0]LogUnrealEdMisc: Total Editor Startup Time, took 25.257
[2020.09.25-17.49.43:608][  0]LogSlate: Updating window title bar state: overlay mode, drag disabled, window buttons hidden, title bar hidden
[2020.09.25-17.49.43:616][  0]LogSlate: Updating window title bar state: overlay mode, drag disabled, window buttons hidden, title bar hidden
[2020.09.25-17.49.43:623][  0]LogSlate: Updating window title bar state: overlay mode, drag disabled, window buttons hidden, title bar hidden
[2020.09.25-17.49.43:630][  0]LogSlate: Updating window title bar state: overlay mode, drag disabled, window buttons hidden, title bar hidden
[2020.09.25-17.49.43:659][  0]LogCollectionManager: Loaded 0 collections in 0.001982 seconds
[2020.09.25-17.49.43:698][  0]LogFileCache: Scanning file cache for directory 'E:/New folder/Oculus_Unreal/Saved/Collections/' took 0.00s
[2020.09.25-17.49.43:698][  0]LogFileCache: Scanning file cache for directory 'E:/New folder/Oculus_Unreal/Content/Developers/krist/Collections/' took 0.00s
[2020.09.25-17.49.43:698][  0]LogFileCache: Scanning file cache for directory 'E:/New folder/Oculus_Unreal/Content/Collections/' took 0.00s
[2020.09.25-17.49.43:698][  0]LogContentBrowser: Native class hierarchy populated in 0.0094 seconds. Added 3434 classes and 824 folders.
[2020.09.25-17.49.43:705][  0]LogContentBrowser: Native class hierarchy updated for 'WidgetCarousel' in 0.0003 seconds. Added 0 classes and 0 folders.
[2020.09.25-17.49.44:350][  0]LogContentBrowser: Native class hierarchy updated for 'AddContentDialog' in 0.0003 seconds. Added 0 classes and 0 folders.
[2020.09.25-17.49.44:358][  0]LogContentBrowser: Native class hierarchy updated for 'SceneOutliner' in 0.0004 seconds. Added 2 classes and 0 folders.
[2020.09.25-17.49.44:549][  0]LogSlate: Took 0.006144 seconds to synchronously load lazily loaded font '../../../Engine/Content/Slate/Fonts/Roboto-Regular.ttf' (155K)
[2020.09.25-17.49.44:558][  0]LogSlate: Took 0.006044 seconds to synchronously load lazily loaded font '../../../Engine/Content/Slate/Fonts/Roboto-Bold.ttf' (160K)
[2020.09.25-17.49.44:570][  0]LogSlate: Took 0.007133 seconds to synchronously load lazily loaded font '../../../Engine/Content/Editor/Slate/Fonts/FontAwesome.ttf' (139K)
[2020.09.25-17.49.44:755][  0]LogRenderer: Reallocating scene render targets to support 1208x572 Format 26 NumSamples 4 (Frame:1).
[2020.09.25-17.49.44:920][  0]LogContentBrowser: Native class hierarchy updated for 'HierarchicalLODOutliner' in 0.0005 seconds. Added 0 classes and 0 folders.
[2020.09.25-17.49.44:920][  0]LogLoad: (Engine Initialization) Total time: 26.73 seconds
[2020.09.25-17.49.44:920][  0]LogLoad: (Engine Initialization) Total Blueprint compile time: 0.00 seconds
[2020.09.25-17.49.44:945][  0]LogOcInput: OculusInput is initialized
[2020.09.25-17.49.44:976][  0]LogAssetRegistry: Asset discovery search completed in 12.0148 seconds
[2020.09.25-17.49.44:979][  0]LogCollectionManager: Fixed up redirectors for 0 collections in 0.000004 seconds (updated 0 objects)
[2020.09.25-17.49.44:982][  0]LogContentStreaming: Texture pool size now 1000 MB
[2020.09.25-17.49.45:037][  0]LogSlate: Took 0.007038 seconds to synchronously load lazily loaded font '../../../Engine/Content/Slate/Fonts/Roboto-Light.ttf' (167K)
[2020.09.25-17.52.49:723][628]LogEditorViewport: Clicking on Actor (LMB): MotionControllerPawn_C (MotionControllerPawn)
[2020.09.25-17.52.50:950][698]Cmd: DELETE
[2020.09.25-17.52.50:950][698]Cmd: ACTOR DELETE
[2020.09.25-17.52.50:960][698]LogEditorActor: Deleted Actor: MotionControllerPawn_C
[2020.09.25-17.52.50:975][698]LogUObjectHash: Compacting FUObjectHashTables data took   0.67ms
[2020.09.25-17.52.50:976][698]LogEditorActor: Deleted 1 Actors (0.024 secs)
[2020.09.25-17.52.55:249][954]LogEnum: Warning: Enum name collision: 'GripEnum::NewEnumerator0' is in both '/Game/Darts/Characters/VRPawn/GripEnum.GripEnum' and '/Game/VirtualRealityBP/Blueprints/GripEnum.GripEnum'
[2020.09.25-17.52.55:249][954]LogEnum: Warning: Enum name collision: 'GripEnum::NewEnumerator1' is in both '/Game/Darts/Characters/VRPawn/GripEnum.GripEnum' and '/Game/VirtualRealityBP/Blueprints/GripEnum.GripEnum'
[2020.09.25-17.52.55:249][954]LogEnum: Warning: Enum name collision: 'GripEnum::NewEnumerator2' is in both '/Game/Darts/Characters/VRPawn/GripEnum.GripEnum' and '/Game/VirtualRealityBP/Blueprints/GripEnum.GripEnum'
[2020.09.25-17.52.55:249][954]LogEnum: Warning: Enum name collision: 'GripEnum::NewEnumerator0' is in both '/Game/Darts/Characters/VRPawn/GripEnum.GripEnum' and '/Game/VirtualRealityBP/Blueprints/GripEnum.GripEnum'
[2020.09.25-17.52.55:249][954]LogEnum: Warning: Enum name collision: 'GripEnum::NewEnumerator1' is in both '/Game/Darts/Characters/VRPawn/GripEnum.GripEnum' and '/Game/VirtualRealityBP/Blueprints/GripEnum.GripEnum'
[2020.09.25-17.52.55:249][954]LogEnum: Warning: Enum name collision: 'GripEnum::NewEnumerator2' is in both '/Game/Darts/Characters/VRPawn/GripEnum.GripEnum' and '/Game/VirtualRealityBP/Blueprints/GripEnum.GripEnum'
[2020.09.25-17.52.55:260][954]LogUObjectHash: Compacting FUObjectHashTables data took   0.82ms
[2020.09.25-17.52.58:843][954]LogSlate: Window 'Delete Assets' being destroyed
[2020.09.25-17.52.59:827][954]LogUObjectGlobals: Force Deleting 5 Package(s):
	Asset Name: /Game/Darts/Characters/VRPawn/PickupActorInterface.PickupActorInterface
	Asset Name: /Game/Darts/Characters/VRPawn/BP_MotionController.BP_MotionController
	Asset Name: /Game/Darts/Characters/VRPawn/GripEnum.GripEnum
	Asset Name: /Game/Darts/Characters/VRPawn/MotionControllerHaptics.MotionControllerHaptics
	Asset Name: /Game/Darts/Characters/VRPawn/MotionControllerPawn.MotionControllerPawn
[2020.09.25-17.52.59:833][954]LogSlate: Took 0.000212 seconds to synchronously load lazily loaded font '../../../Engine/Content/Slate/Fonts/Roboto-Light.ttf' (167K)
[2020.09.25-17.53.00:309][954]LogUObjectHash: Compacting FUObjectHashTables data took   0.72ms
[2020.09.25-17.53.00:590][954]LogUObjectHash: Compacting FUObjectHashTables data took   0.68ms
[2020.09.25-17.53.00:600][954]LogUObjectHash: Compacting FUObjectHashTables data took   0.21ms
[2020.09.25-17.53.00:609][954]LogUObjectHash: Compacting FUObjectHashTables data took   0.23ms
[2020.09.25-17.53.00:619][954]LogUObjectHash: Compacting FUObjectHashTables data took   0.21ms
[2020.09.25-17.53.00:634][954]LogUObjectHash: Compacting FUObjectHashTables data took   0.22ms
[2020.09.25-17.53.00:643][954]LogUObjectHash: Compacting FUObjectHashTables data took   0.53ms
[2020.09.25-17.53.00:652][954]LogUObjectHash: Compacting FUObjectHashTables data took   0.20ms
[2020.09.25-17.53.00:692][956]LogOnline: Warning: Oculus: DeltaTime was 5.442037 seconds.  Time sensitive oculus notifications may time out.
[2020.09.25-17.53.47:639][750]LogUObjectHash: Compacting FUObjectHashTables data took   0.70ms
[2020.09.25-17.53.51:376][750]LogSlate: Window 'Save Content' being destroyed
[2020.09.25-17.53.51:430][750]LogUObjectHash: Compacting FUObjectHashTables data took   0.23ms
[2020.09.25-17.53.51:479][750]LogSavePackage: Moving 'E:/New folder/Oculus_Unreal/Saved/MotionControllerMap665CFB4840C93033E8BCAE8633E79BE7.tmp' to 'E:/New folder/Oculus_Unreal/Content/VirtualRealityBP/Maps/MotionControllerMap.umap'
[2020.09.25-17.53.51:508][750]LogFileHelpers: Saving map 'MotionControllerMap' took 0.094
[2020.09.25-17.53.51:508][750]Cmd: OBJ SAVEPACKAGE PACKAGE="/Game/VirtualRealityBP/Maps/MotionControllerMap_BuiltData" FILE="E:/New folder/Oculus_Unreal/Content/VirtualRealityBP/Maps/MotionControllerMap_BuiltData.uasset" SILENT=true
[2020.09.25-17.53.51:598][750]LogSavePackage: Moving 'E:/New folder/Oculus_Unreal/Saved/MotionControllerMap_BuiltDataCC7E9C184D0AF6D909F190A55CED1C0B.tmp' to 'E:/New folder/Oculus_Unreal/Content/VirtualRealityBP/Maps/MotionControllerMap_BuiltData.uasset'
[2020.09.25-17.53.51:757][750]AssetCheck: New page: Asset Save: multiple assets
[2020.09.25-17.53.51:757][750]LogContentValidation: Display: Validating World /Game/VirtualRealityBP/Maps/MotionControllerMap.MotionControllerMap
[2020.09.25-17.53.51:757][750]LogContentValidation: Display: Validating MapBuildDataRegistry /Game/VirtualRealityBP/Maps/MotionControllerMap_BuiltData.MotionControllerMap_BuiltData
[2020.09.25-17.53.51:795][752]LogOnline: Warning: Oculus: DeltaTime was 4.158288 seconds.  Time sensitive oculus notifications may time out.
[2020.09.25-17.53.53:261][836]LogSlate: Window 'Advanced Copy Asset Report' being destroyed
[2020.09.25-17.53.53:339][836]LogUObjectHash: Compacting FUObjectHashTables data took   1.08ms
[2020.09.25-17.53.53:427][836]LogUObjectHash: Compacting FUObjectHashTables data took   0.82ms
[2020.09.25-17.53.53:487][836]LogUObjectHash: Compacting FUObjectHashTables data took   0.67ms
[2020.09.25-17.53.53:515][836]LogMaterial: Display: Missing cached shader map for material M_HandMat, compiling. 
[2020.09.25-17.53.53:754][836]LogShaderCompilers: Display: Worker (1/9): shaders left to compile 39
[2020.09.25-17.53.53:754][836]LogShaderCompilers: Display: Worker (2/9): shaders left to compile 34
[2020.09.25-17.53.53:754][836]LogShaderCompilers: Display: Worker (3/9): shaders left to compile 29
[2020.09.25-17.53.53:754][836]LogShaderCompilers: Display: Worker (4/9): shaders left to compile 24
[2020.09.25-17.53.53:754][836]LogShaderCompilers: Display: Worker (5/9): shaders left to compile 19
[2020.09.25-17.53.53:754][836]LogShaderCompilers: Display: Worker (6/9): shaders left to compile 14
[2020.09.25-17.53.53:754][836]LogShaderCompilers: Display: Worker (7/9): shaders left to compile 9
[2020.09.25-17.53.53:754][836]LogShaderCompilers: Display: Worker (8/9): shaders left to compile 4
[2020.09.25-17.53.53:776][836]LogEnum: Warning: Enum name collision: 'GripEnum::NewEnumerator0' is in both '/Game/Darts/Characters/VRPawn/VirtualReality/GripEnum.GripEnum' and '/Game/VirtualRealityBP/Blueprints/GripEnum.GripEnum'
[2020.09.25-17.53.53:776][836]LogEnum: Warning: Enum name collision: 'GripEnum::NewEnumerator1' is in both '/Game/Darts/Characters/VRPawn/VirtualReality/GripEnum.GripEnum' and '/Game/VirtualRealityBP/Blueprints/GripEnum.GripEnum'
[2020.09.25-17.53.53:776][836]LogEnum: Warning: Enum name collision: 'GripEnum::NewEnumerator2' is in both '/Game/Darts/Characters/VRPawn/VirtualReality/GripEnum.GripEnum' and '/Game/VirtualRealityBP/Blueprints/GripEnum.GripEnum'
[2020.09.25-17.53.53:776][836]LogEnum: Warning: Enum name collision: 'GripEnum::GripEnum_MAX' is in both '/Game/Darts/Characters/VRPawn/VirtualReality/GripEnum.GripEnum' and '/Game/VirtualRealityBP/Blueprints/GripEnum.GripEnum'
[2020.09.25-17.53.53:776][836]LogEnum: Warning: Enum name collision: 'GripEnum::NewEnumerator0' is in both '/Game/Darts/Characters/VRPawn/VirtualReality/GripEnum.GripEnum' and '/Game/VirtualRealityBP/Blueprints/GripEnum.GripEnum'
[2020.09.25-17.53.53:776][836]LogEnum: Warning: Enum name collision: 'GripEnum::NewEnumerator1' is in both '/Game/Darts/Characters/VRPawn/VirtualReality/GripEnum.GripEnum' and '/Game/VirtualRealityBP/Blueprints/GripEnum.GripEnum'
[2020.09.25-17.53.53:776][836]LogEnum: Warning: Enum name collision: 'GripEnum::NewEnumerator2' is in both '/Game/Darts/Characters/VRPawn/VirtualReality/GripEnum.GripEnum' and '/Game/VirtualRealityBP/Blueprints/GripEnum.GripEnum'
[2020.09.25-17.53.53:777][836]LogEnum: Warning: Enum name collision: 'GripEnum::NewEnumerator0' is in both '/Game/Darts/Characters/VRPawn/VirtualReality/GripEnum.GripEnum' and '/Game/VirtualRealityBP/Blueprints/GripEnum.GripEnum'
[2020.09.25-17.53.53:777][836]LogEnum: Warning: Enum name collision: 'GripEnum::NewEnumerator1' is in both '/Game/Darts/Characters/VRPawn/VirtualReality/GripEnum.GripEnum' and '/Game/VirtualRealityBP/Blueprints/GripEnum.GripEnum'
[2020.09.25-17.53.53:777][836]LogEnum: Warning: Enum name collision: 'GripEnum::NewEnumerator2' is in both '/Game/Darts/Characters/VRPawn/VirtualReality/GripEnum.GripEnum' and '/Game/VirtualRealityBP/Blueprints/GripEnum.GripEnum'
[2020.09.25-17.53.53:790][836]LogUObjectHash: Compacting FUObjectHashTables data took   0.75ms
[2020.09.25-17.53.53:797][836]LogMaterial: Display: Missing cached shader map for material M_ArcEndpoint, compiling. 
[2020.09.25-17.53.53:909][836]LogMaterial: Display: Missing cached shader map for material M_SplineArcMat, compiling. 
[2020.09.25-17.53.53:932][836]LogMaterial: Display: Missing cached shader map for material M_TeleportPreviews, compiling. 
[2020.09.25-17.53.53:949][836]LogStaticMesh: Building static mesh 1x1_cube...
[2020.09.25-17.53.53:951][836]LogStaticMesh: Built static mesh [0.00s] /Game/Darts/Characters/VRPawn/VirtualReality/VirtualReality/Meshes/1x1_cube.1x1_cube
[2020.09.25-17.53.53:960][836]LogStaticMesh: Building static mesh BeaconDirection...
[2020.09.25-17.53.53:963][836]LogStaticMesh: Built static mesh [0.00s] /Game/Darts/Characters/VRPawn/VirtualReality/VirtualReality/Meshes/BeaconDirection.BeaconDirection
[2020.09.25-17.53.53:970][836]LogStaticMesh: Building static mesh BeamMesh...
[2020.09.25-17.53.53:974][836]LogStaticMesh: Built static mesh [0.00s] /Game/Darts/Characters/VRPawn/VirtualReality/VirtualReality/Meshes/BeamMesh.BeamMesh
[2020.09.25-17.53.53:981][836]LogStaticMesh: Building static mesh SM_FatCylinder...
[2020.09.25-17.53.53:986][836]LogStaticMesh: Built static mesh [0.01s] /Game/Darts/Characters/VRPawn/VirtualReality/VirtualReality/Meshes/SM_FatCylinder.SM_FatCylinder
[2020.09.25-17.53.54:180][836]LogSavePackage: Moving 'E:/New folder/Oculus_Unreal/Saved/BP_MotionController2878A58F41E31F99DA0A5F80272EF3F9.tmp' to 'E:/New folder/Oculus_Unreal/Content/Darts/Characters/VRPawn/VirtualReality/BP_MotionController.uasset'
[2020.09.25-17.53.54:224][836]LogUObjectHash: Compacting FUObjectHashTables data took   0.79ms
[2020.09.25-17.53.54:288][836]LogSavePackage: Moving 'E:/New folder/Oculus_Unreal/Saved/RightHand_AnimBPA361F8174FC17191CB0BDF87D95FDF8B.tmp' to 'E:/New folder/Oculus_Unreal/Content/Darts/Characters/VRPawn/VirtualReality/VirtualReality/Mannequin/Animations/RightHand_AnimBP.uasset'
[2020.09.25-17.53.54:325][836]LogUObjectHash: Compacting FUObjectHashTables data took   0.72ms
[2020.09.25-17.53.54:337][836]LogSavePackage: Moving 'E:/New folder/Oculus_Unreal/Saved/PickupActorInterface1049920747169F8D3E7FC289E3EF2EE1.tmp' to 'E:/New folder/Oculus_Unreal/Content/Darts/Characters/VRPawn/VirtualReality/PickupActorInterface.uasset'
[2020.09.25-17.53.54:381][836]LogUObjectHash: Compacting FUObjectHashTables data took   0.89ms
[2020.09.25-17.53.54:833][836]LogUObjectHash: Compacting FUObjectHashTables data took   2.45ms
[2020.09.25-17.53.54:859][836]LogSkeletalMesh: Building Skeletal Mesh MannequinHand_Right...
[2020.09.25-17.53.54:874][836]LogSkeletalMesh: Built Skeletal Mesh [0.02s] /Game/Darts/Characters/VRPawn/VirtualReality/VirtualReality/Mannequin/Character/Mesh/MannequinHand_Right.MannequinHand_Right
[2020.09.25-17.53.55:019][836]LogEnum: Warning: Enum name collision: 'GripEnum::NewEnumerator0' is in both '/Game/Darts/Characters/VRPawn/VirtualReality/GripEnum.GripEnum' and '/Game/VirtualRealityBP/Blueprints/GripEnum.GripEnum'
[2020.09.25-17.53.55:019][836]LogEnum: Warning: Enum name collision: 'GripEnum::NewEnumerator1' is in both '/Game/Darts/Characters/VRPawn/VirtualReality/GripEnum.GripEnum' and '/Game/VirtualRealityBP/Blueprints/GripEnum.GripEnum'
[2020.09.25-17.53.55:019][836]LogEnum: Warning: Enum name collision: 'GripEnum::NewEnumerator2' is in both '/Game/Darts/Characters/VRPawn/VirtualReality/GripEnum.GripEnum' and '/Game/VirtualRealityBP/Blueprints/GripEnum.GripEnum'
[2020.09.25-17.53.55:046][836]LogSavePackage: Moving 'E:/New folder/Oculus_Unreal/Saved/RightHand_AnimBPA4A981154709AE7BBA1E50B1C7335236.tmp' to 'E:/New folder/Oculus_Unreal/Content/Darts/Characters/VRPawn/VirtualReality/VirtualReality/Mannequin/Animations/RightHand_AnimBP.uasset'
[2020.09.25-17.53.55:107][836]LogUObjectHash: Compacting FUObjectHashTables data took   2.06ms
[2020.09.25-17.53.55:406][836]LogMaterial: Display: Missing cached shader map for material M_HandMat, compiling. 
[2020.09.25-17.53.55:446][836]LogMaterial: Display: Missing cached shader map for material M_HandMat, compiling. 
[2020.09.25-17.53.55:510][836]LogMaterial: Display: Missing cached shader map for material M_HandMat, compiling. 
[2020.09.25-17.53.55:646][836]LogMaterial: Display: Missing cached shader map for material M_SplineArcMat, compiling. 
[2020.09.25-17.53.55:663][836]LogMaterial: Display: Missing cached shader map for material M_TeleportPreviews, compiling. 
[2020.09.25-17.53.55:677][836]LogMaterial: Display: Missing cached shader map for material M_ArcEndpoint, compiling. 
[2020.09.25-17.53.55:751][836]LogMaterial: Display: Missing cached shader map for material M_SplineArcMat, compiling. 
[2020.09.25-17.53.55:766][836]LogMaterial: Display: Missing cached shader map for material M_TeleportPreviews, compiling. 
[2020.09.25-17.53.55:779][836]LogMaterial: Display: Missing cached shader map for material M_ArcEndpoint, compiling. 
[2020.09.25-17.53.56:057][836]LogUObjectHash: Compacting FUObjectHashTables data took   2.30ms
[2020.09.25-17.53.56:165][836]LogSavePackage: Moving 'E:/New folder/Oculus_Unreal/Saved/MotionControllerPawn03ECDF15444C52834A84F2806B11C111.tmp' to 'E:/New folder/Oculus_Unreal/Content/Darts/Characters/VRPawn/VirtualReality/MotionControllerPawn.uasset'
[2020.09.25-17.53.56:289][836]LogUObjectHash: Compacting FUObjectHashTables data took   1.95ms
[2020.09.25-17.53.56:322][836]LogUObjectHash: Compacting FUObjectHashTables data took   2.07ms
[2020.09.25-17.53.56:352][836]LogUObjectHash: Compacting FUObjectHashTables data took   2.15ms
[2020.09.25-17.53.56:356][836]AssetTools: New page: Advanced content copy completed successfully!
[2020.09.25-17.53.56:356][836]AssetTools: /Game/VirtualRealityBP/Blueprints/MotionControllerPawn
[2020.09.25-17.53.56:356][836]AssetTools: /Game/VirtualRealityBP/Blueprints/BP_MotionController
[2020.09.25-17.53.56:356][836]AssetTools: /Game/VirtualReality/Mannequin/Animations/RightHand_AnimBP
[2020.09.25-17.53.56:356][836]AssetTools: /Game/VirtualReality/Mannequin/Animations/RightGrip_BS
[2020.09.25-17.53.56:356][836]AssetTools: /Game/VirtualReality/Mannequin/Animations/MannequinHand_Right_CanGrab
[2020.09.25-17.53.56:356][836]AssetTools: /Game/VirtualReality/Mannequin/Character/Mesh/MannequinHand_Right_Skeleton
[2020.09.25-17.53.56:356][836]AssetTools: /Game/VirtualReality/Mannequin/Character/Mesh/MannequinHand_Right
[2020.09.25-17.53.56:356][836]AssetTools: /Game/VirtualReality/Mannequin/Character/Materials/M_HandMat
[2020.09.25-17.53.56:356][836]AssetTools: /Game/VirtualReality/Mannequin/Character/Textures/UE4_Mannequin__normals
[2020.09.25-17.53.56:356][836]AssetTools: /Game/VirtualReality/Mannequin/Character/Textures/UE4_Mannequin_MAT_MASKA
[2020.09.25-17.53.56:356][836]AssetTools: /Game/VirtualReality/Mannequin/Character/Mesh/MannequinHand_Right_PhysicsAsset
[2020.09.25-17.53.56:356][836]AssetTools: /Game/VirtualReality/Mannequin/Animations/MannequinHand_Right_Grab
[2020.09.25-17.53.56:356][836]AssetTools: /Game/VirtualReality/Mannequin/Animations/MannequinHand_Right_Open
[2020.09.25-17.53.56:356][836]AssetTools: /Game/VirtualRealityBP/Blueprints/GripEnum
[2020.09.25-17.53.56:356][836]AssetTools: /Game/VirtualRealityBP/Blueprints/PickupActorInterface
[2020.09.25-17.53.56:356][836]AssetTools: /Game/VirtualRealityBP/Blueprints/MotionControllerHaptics
[2020.09.25-17.53.56:356][836]AssetTools: /Game/VirtualReality/Materials/M_ArcEndpoint
[2020.09.25-17.53.56:356][836]AssetTools: /Game/VirtualReality/Materials/MF_OccludedPixels
[2020.09.25-17.53.56:356][836]AssetTools: /Game/VirtualReality/Materials/TeleportMCP
[2020.09.25-17.53.56:356][836]AssetTools: /Game/VirtualReality/Materials/M_SplineArcMat
[2020.09.25-17.53.56:356][836]AssetTools: /Game/VirtualReality/Materials/MI_ChaperoneOutline
[2020.09.25-17.53.56:357][836]AssetTools: /Game/VirtualReality/Materials/M_TeleportPreviews
[2020.09.25-17.53.56:357][836]AssetTools: /Game/VirtualReality/Materials/MI_TeleportCylinderPreview
[2020.09.25-17.53.56:357][836]AssetTools: /Game/VirtualReality/Meshes/1x1_cube
[2020.09.25-17.53.56:357][836]AssetTools: /Game/VirtualReality/Meshes/BeaconDirection
[2020.09.25-17.53.56:357][836]AssetTools: /Game/VirtualReality/Meshes/BeamMesh
[2020.09.25-17.53.56:357][836]AssetTools: /Game/VirtualReality/Meshes/SM_FatCylinder
[2020.09.25-17.53.56:470][836]AssetCheck: New page: Asset Save: multiple assets
[2020.09.25-17.53.56:470][836]LogContentValidation: Display: Validating Blueprint /Game/Darts/Characters/VRPawn/VirtualReality/BP_MotionController.BP_MotionController
[2020.09.25-17.53.56:470][836]LogContentValidation: Display: Validating AnimBlueprint /Game/Darts/Characters/VRPawn/VirtualReality/VirtualReality/Mannequin/Animations/RightHand_AnimBP.RightHand_AnimBP
[2020.09.25-17.53.56:470][836]LogContentValidation: Display: Validating Blueprint /Game/Darts/Characters/VRPawn/VirtualReality/PickupActorInterface.PickupActorInterface
[2020.09.25-17.53.56:470][836]LogContentValidation: Display: Validating Blueprint /Game/Darts/Characters/VRPawn/VirtualReality/MotionControllerPawn.MotionControllerPawn
[2020.09.25-17.53.57:019][859]LogShaderCompilers: Display: Worker (8/9): shaders left to compile 116
[2020.09.25-17.54.16:543][636]LogShaderCompilers: Display: Worker (3/9): shaders left to compile 106
[2020.09.25-17.54.26:528][994]LogShaderCompilers: Display: Worker (5/9): shaders left to compile 96
[2020.09.25-17.54.27:438][ 25]LogShaderCompilers: Display: Worker (6/9): shaders left to compile 86
[2020.09.25-17.54.34:390][284]LogShaderCompilers: Display: Worker (2/9): shaders left to compile 76
[2020.09.25-17.54.34:536][290]LogShaderCompilers: Display: Worker (1/9): shaders left to compile 66
[2020.09.25-17.54.34:720][297]LogShaderCompilers: Display: Worker (4/9): shaders left to compile 57
[2020.09.25-17.54.36:999][394]LogShaderCompilers: Display: Worker (7/9): shaders left to compile 49
[2020.09.25-17.54.40:634][543]LogShaderCompilers: Display: Worker (4/9): shaders left to compile 42
[2020.09.25-17.54.40:960][556]LogShaderCompilers: Display: Worker (2/9): shaders left to compile 36
[2020.09.25-17.54.40:997][557]LogShaderCompilers: Display: Worker (1/9): shaders left to compile 31
[2020.09.25-17.54.45:625][752]LogShaderCompilers: Display: Worker (7/9): shaders left to compile 27
[2020.09.25-17.54.46:036][767]LogSlate: Took 0.013938 seconds to synchronously load lazily loaded font '../../../Engine/Content/Slate/Fonts/Roboto-Italic.ttf' (157K)
[2020.09.25-17.54.52:645][122]LogShaderCompilers: Display: Worker (2/9): shaders left to compile 23
[2020.09.25-17.54.58:410][405]LogShaderCompilers: Display: Worker (7/9): shaders left to compile 20
[2020.09.25-17.54.58:729][416]LogShaderCompilers: Display: Worker (1/9): shaders left to compile 17
[2020.09.25-17.55.01:184][489]LogShaderCompilers: Display: Worker (4/9): shaders left to compile 14
[2020.09.25-17.55.04:235][587]LogShaderCompilers: Display: Worker (7/9): shaders left to compile 12
[2020.09.25-17.55.05:263][621]LogShaderCompilers: Display: Worker (2/9): shaders left to compile 10
[2020.09.25-17.55.07:110][682]LogShaderCompilers: Display: Worker (7/9): shaders left to compile 8
[2020.09.25-17.55.09:144][744]LogShaderCompilers: Display: Worker (7/9): shaders left to compile 6
[2020.09.25-17.55.09:881][765]LogShaderCompilers: Display: Worker (1/9): shaders left to compile 5
[2020.09.25-17.55.10:560][787]LogShaderCompilers: Display: Worker (4/9): shaders left to compile 4
[2020.09.25-17.55.12:054][834]LogShaderCompilers: Display: Worker (4/9): shaders left to compile 3
[2020.09.25-17.55.13:150][870]LogShaderCompilers: Display: Worker (6/9): shaders left to compile 2
[2020.09.25-17.55.13:429][880]LogShaderCompilers: Display: Worker (4/9): shaders left to compile 1
[2020.09.25-17.56.04:637][569]LogSlate: Warning: Slate: Had to block on waiting for a draw buffer
[2020.09.25-17.56.16:116][569]LogSlate: Window 'Pick Parent Class' being destroyed
[2020.09.25-17.56.16:151][571]LogOnline: Warning: Oculus: DeltaTime was 49.173203 seconds.  Time sensitive oculus notifications may time out.
[2020.09.25-17.57.12:179][785]LogUObjectHash: Compacting FUObjectHashTables data took   1.21ms
[2020.09.25-17.57.33:871][785]LogSlate: Window 'Delete Assets' being destroyed
[2020.09.25-17.57.41:383][785]LogWindows: Could not start crash report client using ../../../Engine/Binaries/Win64/CrashReportClientEditor-Win64-Development.exe
[2020.09.25-17.57.41:383][785]LogMemory: Platform Memory Stats for Windows
[2020.09.25-17.57.41:383][785]LogMemory: Process Physical Memory: 1613.95 MB used, 1615.69 MB peak
[2020.09.25-17.57.41:383][785]LogMemory: Process Virtual Memory: 1853.27 MB used, 1855.38 MB peak
[2020.09.25-17.57.41:383][785]LogMemory: Physical Memory: 19794.45 MB used,  12852.79 MB free, 32647.24 MB total
[2020.09.25-17.57.41:383][785]LogMemory: Virtual Memory: 8357.38 MB used,  134209368.00 MB free, 134217728.00 MB total
[2020.09.25-17.57.41:383][785]Message dialog closed, result: Ok, title: The UE4-Oculus_Unreal Editor has crashed and will close, text: Fatal error!


[2020.09.25-17.57.41:383][785]LogWindows: Error: === Critical error: ===
[2020.09.25-17.57.41:383][785]LogWindows: Error: 
[2020.09.25-17.57.41:383][785]LogWindows: Error: Fatal error!
[2020.09.25-17.57.41:383][785]LogWindows: Error: 
[2020.09.25-17.57.41:383][785]LogWindows: Error: Unhandled Exception: EXCEPTION_ACCESS_VIOLATION reading address 0xffffffff
[2020.09.25-17.57.41:383][785]LogWindows: Error: 
[2020.09.25-17.57.41:383][785]LogWindows: Error: [Callstack] 0x00007ffe6f1b1890 UE4Editor-CoreUObject.dll!FPropertyProxyArchive::operator<<() [d:\github\unrealengine\engine\source\runtime\coreuobject\public\uobject\propertyproxyarchive.h:45]
[2020.09.25-17.57.41:383][785]LogWindows: Error: [Callstack] 0x00007ffe6f2a6b63 UE4Editor-CoreUObject.dll!UStruct::SerializeExpr() [d:\github\unrealengine\engine\source\runtime\coreuobject\public\uobject\scriptserialization.h:182]
[2020.09.25-17.57.41:383][785]LogWindows: Error: [Callstack] 0x00007ffe6f2a5d6a UE4Editor-CoreUObject.dll!UStruct::Serialize() [d:\github\unrealengine\engine\source\runtime\coreuobject\private\uobject\class.cpp:1925]
[2020.09.25-17.57.41:383][785]LogWindows: Error: [Callstack] 0x00007ffe6f2a5297 UE4Editor-CoreUObject.dll!UFunction::Serialize() [d:\github\unrealengine\engine\source\runtime\coreuobject\private\uobject\class.cpp:5555]
[2020.09.25-17.57.41:383][785]LogWindows: Error: [Callstack] 0x00007ffe6f19122d UE4Editor-CoreUObject.dll!FFindReferencersArchive::ResetPotentialReferencer() [d:\github\unrealengine\engine\source\runtime\coreuobject\private\serialization\findreferencersarchive.cpp:89]
[2020.09.25-17.57.41:383][785]LogWindows: Error: [Callstack] 0x00007ffe6f153720 UE4Editor-CoreUObject.dll!FFindReferencersArchive::FFindReferencersArchive() [d:\github\unrealengine\engine\source\runtime\coreuobject\private\serialization\findreferencersarchive.cpp:41]
[2020.09.25-17.57.41:383][785]LogWindows: Error: [Callstack] 0x00007ffe5aa7de13 UE4Editor-UnrealEd.dll!ObjectTools::RecursiveRetrieveReferencers() [d:\github\unrealengine\engine\source\editor\unrealed\private\objecttools.cpp:2459]
[2020.09.25-17.57.41:383][785]LogWindows: Error: [Callstack] 0x00007ffe5aa5fbbf UE4Editor-UnrealEd.dll!ObjectTools::ForceDeleteObjects() [d:\github\unrealengine\engine\source\editor\unrealed\private\objecttools.cpp:2510]
[2020.09.25-17.57.41:383][785]LogWindows: Error: [Callstack] 0x00007ffe5a239d27 UE4Editor-UnrealEd.dll!FAssetDeleteModel::DoForceDelete() [d:\github\unrealengine\engine\source\editor\unrealed\private\assetdeletemodel.cpp:321]
[2020.09.25-17.57.41:383][785]LogWindows: Error: [Callstack] 0x00007ffe5a4d2038 UE4Editor-UnrealEd.dll!SDeleteAssetsDialog::ForceDelete() [d:\github\unrealengine\engine\source\editor\unrealed\private\dialogs\sdeleteassetsdialog.cpp:718]
[2020.09.25-17.57.41:383][785]LogWindows: Error: [Callstack] 0x00007ffe5a4cb974 UE4Editor-UnrealEd.dll!TBaseSPMethodDelegateInstance<0,SDeleteAssetsDialog,0,FReply __cdecl(void)>::Execute() [d:\github\unrealengine\engine\source\runtime\core\public\delegates\delegateinstancesimpl.h:298]
[2020.09.25-17.57.41:383][785]LogWindows: Error: [Callstack] 0x00007ffe6ecaa198 UE4Editor-Slate.dll!SButton::ExecuteOnClick() [d:\github\unrealengine\engine\source\runtime\slate\private\widgets\input\sbutton.cpp:385]
[2020.09.25-17.57.41:383][785]LogWindows: Error: [Callstack] 0x00007ffe6ecc3a69 UE4Editor-Slate.dll!SButton::OnMouseButtonUp() [d:\github\unrealengine\engine\source\runtime\slate\private\widgets\input\sbutton.cpp:304]
[2020.09.25-17.57.41:383][785]LogWindows: Error: [Callstack] 0x00007ffe6eb1405f UE4Editor-Slate.dll!FEventRouter::Route<FReply,FEventRouter::FToLeafmostPolicy,FPointerEvent,<lambda_6c1f6b862bcfb82ea6dcab28fbcc9463> >() [d:\github\unrealengine\engine\source\runtime\slate\private\framework\application\slateapplication.cpp:372]
[2020.09.25-17.57.41:383][785]LogWindows: Error: [Callstack] 0x00007ffe6eb94755 UE4Editor-Slate.dll!FSlateApplication::RoutePointerUpEvent() [d:\github\unrealengine\engine\source\runtime\slate\private\framework\application\slateapplication.cpp:4675]
[2020.09.25-17.57.41:383][785]LogWindows: Error: [Callstack] 0x00007ffe6eb7e6a2 UE4Editor-Slate.dll!FSlateApplication::ProcessMouseButtonUpEvent() [d:\github\unrealengine\engine\source\runtime\slate\private\framework\application\slateapplication.cpp:5198]
[2020.09.25-17.57.41:383][785]LogWindows: Error: [Callstack] 0x00007ffe6eb72727 UE4Editor-Slate.dll!FSlateApplication::OnMouseUp() [d:\github\unrealengine\engine\source\runtime\slate\private\framework\application\slateapplication.cpp:5166]
[2020.09.25-17.57.41:383][785]LogWindows: Error: [Callstack] 0x00007ffeb9709a61 UE4Editor-ApplicationCore.dll!FWindowsApplication::ProcessDeferredMessage() [d:\github\unrealengine\engine\source\runtime\applicationcore\private\windows\windowsapplication.cpp:2133]
[2020.09.25-17.57.41:383][785]LogWindows: Error: [Callstack] 0x00007ffeb96f6ccf UE4Editor-ApplicationCore.dll!FWindowsApplication::DeferMessage() [d:\github\unrealengine\engine\source\runtime\applicationcore\private\windows\windowsapplication.cpp:2585]
[2020.09.25-17.57.41:383][785]LogWindows: Error: [Callstack] 0x00007ffeb970bfc3 UE4Editor-ApplicationCore.dll!FWindowsApplication::ProcessMessage() [d:\github\unrealengine\engine\source\runtime\applicationcore\private\windows\windowsapplication.cpp:1809]
[2020.09.25-17.57.41:383][785]LogWindows: Error: [Callstack] 0x00007ffeb96f27a0 UE4Editor-ApplicationCore.dll!FWindowsApplication::AppWndProc() [d:\github\unrealengine\engine\source\runtime\applicationcore\private\windows\windowsapplication.cpp:852]
[2020.09.25-17.57.41:383][785]LogWindows: Error: [Callstack] 0x00007ffeff9a5c7d USER32.dll!UnknownFunction []
[2020.09.25-17.57.41:383][785]LogWindows: Error: [Callstack] 0x00007ffeff9a5672 USER32.dll!UnknownFunction []
[2020.09.25-17.57.41:383][785]LogWindows: Error: [Callstack] 0x00007ffeb970d339 UE4Editor-ApplicationCore.dll!FWindowsApplication::PumpMessages() [d:\github\unrealengine\engine\source\runtime\applicationcore\private\windows\windowsapplication.cpp:2597]
[2020.09.25-17.57.41:383][785]LogWindows: Error: [Callstack] 0x00007ffe6eb9ea76 UE4Editor-Slate.dll!FSlateApplication::TickPlatform() [d:\github\unrealengine\engine\source\runtime\slate\private\framework\application\slateapplication.cpp:1380]
[2020.09.25-17.57.41:383][785]LogWindows: Error: [Callstack] 0x00007ffe6eb3cc08 UE4Editor-Slate.dll!FSlateApplication::AddModalWindow() [d:\github\unrealengine\engine\source\runtime\slate\private\framework\application\slateapplication.cpp:1909]
[2020.09.25-17.57.41:383][785]LogWindows: Error: [Callstack] 0x00007ffe5a563696 UE4Editor-UnrealEd.dll!UEditorEngine::EditorAddModalWindow() [d:\github\unrealengine\engine\source\editor\unrealed\private\editorengine.cpp:4095]
[2020.09.25-17.57.41:383][785]LogWindows: Error: [Callstack] 0x00007ffe5aa5590e UE4Editor-UnrealEd.dll!ObjectTools::DeleteObjects() [d:\github\unrealengine\engine\source\editor\unrealed\private\objecttools.cpp:2204]
[2020.09.25-17.57.41:383][785]LogWindows: Error: [Callstack] 0x00007ffe5aa54dc6 UE4Editor-UnrealEd.dll!ObjectTools::DeleteAssets() [d:\github\unrealengine\engine\source\editor\unrealed\private\objecttools.cpp:2007]
[2020.09.25-17.57.41:383][785]LogWindows: Error: [Callstack] 0x00007ffe469b55ff UE4Editor-ContentBrowser.dll!FAssetContextMenu::ExecuteDelete() [d:\github\unrealengine\engine\source\editor\contentbrowser\private\assetcontextmenu.cpp:2457]
[2020.09.25-17.57.41:383][785]LogWindows: Error: [Callstack] 0x00007ffe46ad8421 UE4Editor-ContentBrowser.dll!SContentBrowser::HandleDeleteCommandExecute() [d:\github\unrealengine\engine\source\editor\contentbrowser\private\scontentbrowser.cpp:2589]
[2020.09.25-17.57.41:383][785]LogWindows: Error: [Callstack] 0x00007ffe46ab8438 UE4Editor-ContentBrowser.dll!TBaseSPMethodDelegateInstance<0,SContentBrowser,0,void __cdecl(void)>::ExecuteIfSafe() [d:\github\unrealengine\engine\source\runtime\core\public\delegates\delegateinstancesimpl.h:374]
[2020.09.25-17.57.41:383][785]LogWindows: Error: [Callstack] 0x00007ffe6eb501ba UE4Editor-Slate.dll!FUICommandList::ExecuteAction() [d:\github\unrealengine\engine\source\runtime\slate\private\framework\commands\uicommandlist.cpp:102]
[2020.09.25-17.57.41:383][785]LogWindows: Error: [Callstack] 0x00007ffe6ec34448 UE4Editor-Slate.dll!SMenuEntryBlock::OnClicked() [d:\github\unrealengine\engine\source\runtime\slate\private\framework\multibox\smenuentryblock.cpp:1059]
[2020.09.25-17.57.41:383][785]LogWindows: Error: [Callstack] 0x00007ffe6ec3ad60 UE4Editor-Slate.dll!SMenuEntryBlock::OnMenuItemButtonClicked() [d:\github\unrealengine\engine\source\runtime\slate\private\framework\multibox\smenuentryblock.cpp:1019]
[2020.09.25-17.57.41:383][785]LogWindows: Error: [Callstack] 0x00007ffe6ec13ba4 UE4Editor-Slate.dll!TBaseSPMethodDelegateInstance<0,SMenuEntryBlock,0,FReply __cdecl(void)>::Execute() [d:\github\unrealengine\engine\source\runtime\core\public\delegates\delegateinstancesimpl.h:298]
[2020.09.25-17.57.41:383][785]LogWindows: Error: [Callstack] 0x00007ffe6ecaa198 UE4Editor-Slate.dll!SButton::ExecuteOnClick() [d:\github\unrealengine\engine\source\runtime\slate\private\widgets\input\sbutton.cpp:385]
[2020.09.25-17.57.41:383][785]LogWindows: Error: [Callstack] 0x00007ffe6ecc3a69 UE4Editor-Slate.dll!SButton::OnMouseButtonUp() [d:\github\unrealengine\engine\source\runtime\slate\private\widgets\input\sbutton.cpp:304]
[2020.09.25-17.57.41:383][785]LogWindows: Error: [Callstack] 0x00007ffe6ec3c565 UE4Editor-Slate.dll!SMenuEntryButton::OnMouseButtonUp() [d:\github\unrealengine\engine\source\runtime\slate\private\framework\multibox\smenuentryblock.cpp:386]
[2020.09.25-17.57.41:383][785]LogWindows: Error: [Callstack] 0x00007ffe6eb1405f UE4Editor-Slate.dll!FEventRouter::Route<FReply,FEventRouter::FToLeafmostPolicy,FPointerEvent,<lambda_6c1f6b862bcfb82ea6dcab28fbcc9463> >() [d:\github\unrealengine\engine\source\runtime\slate\private\framework\application\slateapplication.cpp:372]
[2020.09.25-17.57.41:384][785]LogWindows: Error: [Callstack] 0x00007ffe6eb94755 UE4Editor-Slate.dll!FSlateApplication::RoutePointerUpEvent() [d:\github\unrealengine\engine\source\runtime\slate\private\framework\application\slateapplication.cpp:4675]
[2020.09.25-17.57.41:384][785]LogWindows: Error: [Callstack] 0x00007ffe6eb7e6a2 UE4Editor-Slate.dll!FSlateApplication::ProcessMouseButtonUpEvent() [d:\github\unrealengine\engine\source\runtime\slate\private\framework\application\slateapplication.cpp:5198]
[2020.09.25-17.57.41:384][785]LogWindows: Error: [Callstack] 0x00007ffe6eb72727 UE4Editor-Slate.dll!FSlateApplication::OnMouseUp() [d:\github\unrealengine\engine\source\runtime\slate\private\framework\application\slateapplication.cpp:5166]
[2020.09.25-17.57.41:384][785]LogWindows: Error: [Callstack] 0x00007ffeb9709a61 UE4Editor-ApplicationCore.dll!FWindowsApplication::ProcessDeferredMessage() [d:\github\unrealengine\engine\source\runtime\applicationcore\private\windows\windowsapplication.cpp:2133]
[2020.09.25-17.57.41:384][785]LogWindows: Error: [Callstack] 0x00007ffeb96f6ccf UE4Editor-ApplicationCore.dll!FWindowsApplication::DeferMessage() [d:\github\unrealengine\engine\source\runtime\applicationcore\private\windows\windowsapplication.cpp:2585]
[2020.09.25-17.57.41:384][785]LogWindows: Error: [Callstack] 0x00007ffeb970bfc3 UE4Editor-ApplicationCore.dll!FWindowsApplication::ProcessMessage() [d:\github\unrealengine\engine\source\runtime\applicationcore\private\windows\windowsapplication.cpp:1809]
[2020.09.25-17.57.41:384][785]LogWindows: Error: [Callstack] 0x00007ffeb96f27a0 UE4Editor-ApplicationCore.dll!FWindowsApplication::AppWndProc() [d:\github\unrealengine\engine\source\runtime\applicationcore\private\windows\windowsapplication.cpp:852]
[2020.09.25-17.57.41:384][785]LogWindows: Error: [Callstack] 0x00007ffeff9a5c7d USER32.dll!UnknownFunction []
[2020.09.25-17.57.41:384][785]LogWindows: Error: [Callstack] 0x00007ffeff9a5672 USER32.dll!UnknownFunction []
[2020.09.25-17.57.41:384][785]LogWindows: Error: [Callstack] 0x00007ffeb970d469 UE4Editor-ApplicationCore.dll!FWindowsPlatformApplicationMisc::PumpMessages() [d:\github\unrealengine\engine\source\runtime\applicationcore\private\windows\windowsplatformapplicationmisc.cpp:130]
[2020.09.25-17.57.41:384][785]LogWindows: Error: [Callstack] 0x00007ff70a316df4 UE4Editor.exe!FEngineLoop::Tick() [d:\github\unrealengine\engine\source\runtime\launch\private\launchengineloop.cpp:4762]
[2020.09.25-17.57.41:384][785]LogWindows: Error: [Callstack] 0x00007ff70a32cc3c UE4Editor.exe!GuardedMain() [d:\github\unrealengine\engine\source\runtime\launch\private\launch.cpp:169]
[2020.09.25-17.57.41:384][785]LogWindows: Error: [Callstack] 0x00007ff70a32cd1a UE4Editor.exe!GuardedMainWrapper() [d:\github\unrealengine\engine\source\runtime\launch\private\windows\launchwindows.cpp:137]
[2020.09.25-17.57.41:384][785]LogWindows: Error: [Callstack] 0x00007ff70a33f72d UE4Editor.exe!WinMain() [d:\github\unrealengine\engine\source\runtime\launch\private\windows\launchwindows.cpp:268]
[2020.09.25-17.57.41:384][785]LogWindows: Error: [Callstack] 0x00007ff70a342a4e UE4Editor.exe!__scrt_common_main_seh() [d:\agent\_work\2\s\src\vctools\crt\vcstartup\src\startup\exe_common.inl:288]
[2020.09.25-17.57.41:384][785]LogWindows: Error: [Callstack] 0x00007ffefecd7bd4 KERNEL32.DLL!UnknownFunction []
[2020.09.25-17.57.41:384][785]LogWindows: Error: [Callstack] 0x00007fff0006ce51 ntdll.dll!UnknownFunction []
[2020.09.25-17.57.41:384][785]LogWindows: Error: 
[2020.09.25-17.57.41:406][785]LogExit: Executing StaticShutdownAfterError
[2020.09.25-17.57.41:407][785]LogWindows: FPlatformMisc::RequestExit(1)
[2020.09.25-17.57.41:407][785]LogCore: Engine exit requested (reason: Win RequestExit)
[2020.09.25-17.57.41:418][785]Log file closed, 09/25/20 10:57:41
